#
# There is insufficient memory for the Java Runtime Environment to continue.
# Native memory allocation (mmap) failed to map 177209344 bytes for G1 virtual space
# Possible reasons:
#   The system is out of physical RAM or swap space
#   The process is running with CompressedOops enabled, and the Java Heap may be blocking the growth of the native heap
# Possible solutions:
#   Reduce memory load on the system
#   Increase physical memory or swap space
#   Check if swap backing store is full
#   Decrease Java heap size (-Xmx/-Xms)
#   Decrease number of Java threads
#   Decrease Java thread stack sizes (-Xss)
#   Set larger code cache with -XX:ReservedCodeCacheSize=
#   JVM is running with Unscaled Compressed Oops mode in which the Java heap is
#     placed in the first 4GB address space. The Java Heap base address is the
#     maximum limit for the native heap growth. Please use -XX:HeapBaseMinAddress
#     to set the Java Heap base and to place the Java Heap above 4GB virtual address.
# This output file may be truncated or incomplete.
#
#  Out of Memory Error (./open/src/hotspot/os/windows/os_windows.cpp:3321), pid=26476, tid=23956
#
# JRE version: OpenJDK Runtime Environment (15.0.2+7) (build 15.0.2+7-27)
# Java VM: OpenJDK 64-Bit Server VM (15.0.2+7-27, mixed mode, tiered, compressed oops, g1 gc, windows-amd64)
# No core dump will be written. Minidumps are not enabled by default on client versions of Windows
#

---------------  S U M M A R Y ------------

Command Line: -Dfile.encoding=Cp1252 -XX:+ShowCodeDetailsInExceptionMessages app.Main

Host: Intel(R) Core(TM) i5-8265U CPU @ 1.60GHz, 8 cores, 7G,  Windows 10 , 64 bit Build 19041 (10.0.19041.1202)
Time: Mon Sep 20 17:20:45 2021 New Zealand Standard Time elapsed time: 0.486316 seconds (0d 0h 0m 0s)

---------------  T H R E A D  ---------------

Current thread (0x000001f3c65e3340):  VMThread "VM Thread" [stack: 0x0000005a3dd00000,0x0000005a3de00000] [id=23956]

Stack: [0x0000005a3dd00000,0x0000005a3de00000]
[error occurred during error reporting (printing stack bounds), id 0xc0000005, EXCEPTION_ACCESS_VIOLATION (0xc0000005) at pc=0x000001f3afdd10ad]

Native frames: (J=compiled Java code, j=interpreted, Vv=VM code, C=native code)
V  [jvm.dll+0x62ae9a]
V  [jvm.dll+0x7817a9]
V  [jvm.dll+0x782f03]
V  [jvm.dll+0x7834c5]
V  [jvm.dll+0x78347b]
V  [jvm.dll+0x62a2b9]
V  [jvm.dll+0x62aa88]
C  [ntdll.dll+0xa20cf]
C  [ntdll.dll+0x51454]
C  [ntdll.dll+0xa0bfe]
C  0x000001f3afdd10ad

VM_Operation (0x0000005a3d7fe590): G1TryInitiateConcMark, mode: safepoint, requested by thread 0x000001f3ac3aef80


---------------  P R O C E S S  ---------------

Threads class SMR info:
_java_thread_list=0x000001f3c70bc6e0, length=12, elements={
0x000001f3ac3aef80, 0x000001f3c662e030, 0x000001f3c662eae0, 0x000001f3c6634f70,
0x000001f3c6637940, 0x000001f3c66383f0, 0x000001f3c663c1f0, 0x000001f3c663e760,
0x000001f3c6e4df60, 0x000001f3c7013670, 0x000001f3c702f8d0, 0x000001f3c70760c0
}

Java Threads: ( => current thread )
  0x000001f3ac3aef80 JavaThread "main" [_thread_blocked, id=22384, stack(0x0000005a3d700000,0x0000005a3d800000)]
  0x000001f3c662e030 JavaThread "Reference Handler" daemon [_thread_blocked, id=22628, stack(0x0000005a3de00000,0x0000005a3df00000)]
  0x000001f3c662eae0 JavaThread "Finalizer" daemon [_thread_blocked, id=14904, stack(0x0000005a3df00000,0x0000005a3e000000)]
  0x000001f3c6634f70 JavaThread "Signal Dispatcher" daemon [_thread_blocked, id=22524, stack(0x0000005a3e000000,0x0000005a3e100000)]
  0x000001f3c6637940 JavaThread "Attach Listener" daemon [_thread_blocked, id=27020, stack(0x0000005a3e100000,0x0000005a3e200000)]
  0x000001f3c66383f0 JavaThread "Service Thread" daemon [_thread_blocked, id=16968, stack(0x0000005a3e200000,0x0000005a3e300000)]
  0x000001f3c663c1f0 JavaThread "C2 CompilerThread0" daemon [_thread_blocked, id=25944, stack(0x0000005a3e300000,0x0000005a3e400000)]
  0x000001f3c663e760 JavaThread "C1 CompilerThread0" daemon [_thread_blocked, id=1748, stack(0x0000005a3e400000,0x0000005a3e500000)]
  0x000001f3c6e4df60 JavaThread "Sweeper thread" daemon [_thread_blocked, id=27596, stack(0x0000005a3e500000,0x0000005a3e600000)]
  0x000001f3c7013670 JavaThread "Notification Thread" daemon [_thread_blocked, id=21192, stack(0x0000005a3e600000,0x0000005a3e700000)]
  0x000001f3c702f8d0 JavaThread "Common-Cleaner" daemon [_thread_blocked, id=26352, stack(0x0000005a3e800000,0x0000005a3e900000)]
  0x000001f3c70760c0 JavaThread "Java2D Disposer" daemon [_thread_blocked, id=15012, stack(0x0000005a3e900000,0x0000005a3ea00000)]

Other Threads:
=>0x000001f3c65e3340 VMThread "VM Thread" [stack: 0x0000005a3dd00000,0x0000005a3de00000] [id=23956]
  0x000001f3c7013b40 WatcherThread [stack: 0x0000005a3e700000,0x0000005a3e800000] [id=21824]
  0x000001f3ac3eeff0 GCTaskThread "GC Thread#0" [stack: 0x0000005a3d800000,0x0000005a3d900000] [id=21224]
  0x000001f3c754bd20 GCTaskThread "GC Thread#1" [stack: 0x0000005a3ea00000,0x0000005a3eb00000] [id=25276]
  0x000001f3c7549d40 GCTaskThread "GC Thread#2" [stack: 0x0000005a3eb00000,0x0000005a3ec00000] [id=27528]
  0x000001f3c754d370 GCTaskThread "GC Thread#3" [stack: 0x0000005a3ed00000,0x0000005a3ee00000] [id=19572]
  0x000001f3ac400cd0 ConcurrentGCThread "G1 Main Marker" [stack: 0x0000005a3d900000,0x0000005a3da00000] [id=26436]
  0x000001f3ac402060 ConcurrentGCThread "G1 Conc#0" [stack: 0x0000005a3da00000,0x0000005a3db00000] [id=27616]
  0x000001f3c754a3a0 ConcurrentGCThread "G1 Conc#1" [stack: 0x0000005a3ec00000,0x0000005a3ed00000] [id=27284]
  0x000001f3c6450090 ConcurrentGCThread "G1 Refine#0" [stack: 0x0000005a3db00000,0x0000005a3dc00000] [id=26260]
  0x000001f3c6450ba0 ConcurrentGCThread "G1 Young RemSet Sampling" [stack: 0x0000005a3dc00000,0x0000005a3dd00000] [id=15304]

Threads with active compile tasks:
C1 CompilerThread0      497  436       3       java.util.LinkedList::unlinkFirst (64 bytes)

VM state: at safepoint (normal execution)

VM Mutex/Monitor currently owned by a thread:  ([mutex/lock_event])
[0x000001f3ac3ab2f0] Threads_lock - owner thread: 0x000001f3c65e3340
[0x000001f3ac3a9760] Heap_lock - owner thread: 0x000001f3ac3aef80

Heap address: 0x0000000082400000, size: 2012 MB, Compressed Oops mode: 32-bit
CDS disabled.
Compressed class space mapped at: 0x0000000100000000-0x0000000140000000, size: 1073741824
Narrow klass base: 0x0000000000000000, Narrow klass shift: 3, Narrow klass range: 0x140000000

GC Precious Log:
 CPUs: 8 total, 8 available
 Memory: 8042M
 Large Page Support: Disabled
 NUMA Support: Disabled
 Compressed Oops: Enabled (32-bit)
 Heap Region Size: 1M
 Heap Min Capacity: 8M
 Heap Initial Capacity: 126M
 Heap Max Capacity: 2012M
 Pre-touch: Disabled
 Parallel Workers: 8
 Concurrent Workers: 2
 Concurrent Refinement Workers: 8
 Periodic GC: Disabled

Heap:
 garbage-first heap   total 374784K, used 97280K [0x0000000082400000, 0x0000000100000000)
  region size 1024K, 1 young (1024K), 1 survivors (1024K)
 Metaspace       used 7911K, capacity 8045K, committed 8192K, reserved 1056768K
  class space    used 673K, capacity 717K, committed 768K, reserved 1048576K

Heap Regions: E=young(eden), S=young(survivor), O=old, HS=humongous(starts), HC=humongous(continues), CS=collection set, F=free, OA=open archive, CA=closed archive, TAMS=top-at-mark-start (previous, next)
|   0|0x0000000082400000, 0x0000000082500000, 0x0000000082500000|100%|HS|  |TAMS 0x0000000082500000, 0x0000000082500000| Complete 
|   1|0x0000000082500000, 0x0000000082600000, 0x0000000082600000|100%|HC|  |TAMS 0x0000000082600000, 0x0000000082600000| Complete 
|   2|0x0000000082600000, 0x0000000082700000, 0x0000000082700000|100%|HS|  |TAMS 0x0000000082700000, 0x0000000082700000| Complete 
|   3|0x0000000082700000, 0x0000000082800000, 0x0000000082800000|100%|HC|  |TAMS 0x0000000082800000, 0x0000000082800000| Complete 
|   4|0x0000000082800000, 0x0000000082900000, 0x0000000082900000|100%|HS|  |TAMS 0x0000000082900000, 0x0000000082900000| Complete 
|   5|0x0000000082900000, 0x0000000082a00000, 0x0000000082a00000|100%|HC|  |TAMS 0x0000000082a00000, 0x0000000082a00000| Complete 
|   6|0x0000000082a00000, 0x0000000082b00000, 0x0000000082b00000|100%|HS|  |TAMS 0x0000000082b00000, 0x0000000082b00000| Complete 
|   7|0x0000000082b00000, 0x0000000082c00000, 0x0000000082c00000|100%|HC|  |TAMS 0x0000000082c00000, 0x0000000082c00000| Complete 
|   8|0x0000000082c00000, 0x0000000082d00000, 0x0000000082d00000|100%|HS|  |TAMS 0x0000000082d00000, 0x0000000082d00000| Complete 
|   9|0x0000000082d00000, 0x0000000082e00000, 0x0000000082e00000|100%|HC|  |TAMS 0x0000000082e00000, 0x0000000082e00000| Complete 
|  10|0x0000000082e00000, 0x0000000082f00000, 0x0000000082f00000|100%|HS|  |TAMS 0x0000000082f00000, 0x0000000082f00000| Complete 
|  11|0x0000000082f00000, 0x0000000083000000, 0x0000000083000000|100%|HC|  |TAMS 0x0000000083000000, 0x0000000083000000| Complete 
|  12|0x0000000083000000, 0x0000000083100000, 0x0000000083100000|100%|HS|  |TAMS 0x0000000083100000, 0x0000000083100000| Complete 
|  13|0x0000000083100000, 0x0000000083200000, 0x0000000083200000|100%|HC|  |TAMS 0x0000000083200000, 0x0000000083200000| Complete 
|  14|0x0000000083200000, 0x0000000083300000, 0x0000000083300000|100%|HS|  |TAMS 0x0000000083300000, 0x0000000083300000| Complete 
|  15|0x0000000083300000, 0x0000000083400000, 0x0000000083400000|100%|HC|  |TAMS 0x0000000083400000, 0x0000000083400000| Complete 
|  16|0x0000000083400000, 0x0000000083500000, 0x0000000083500000|100%|HS|  |TAMS 0x0000000083500000, 0x0000000083500000| Complete 
|  17|0x0000000083500000, 0x0000000083600000, 0x0000000083600000|100%|HC|  |TAMS 0x0000000083600000, 0x0000000083600000| Complete 
|  18|0x0000000083600000, 0x0000000083700000, 0x0000000083700000|100%|HS|  |TAMS 0x0000000083700000, 0x0000000083700000| Complete 
|  19|0x0000000083700000, 0x0000000083800000, 0x0000000083800000|100%|HC|  |TAMS 0x0000000083800000, 0x0000000083800000| Complete 
|  20|0x0000000083800000, 0x0000000083900000, 0x0000000083900000|100%|HS|  |TAMS 0x0000000083900000, 0x0000000083900000| Complete 
|  21|0x0000000083900000, 0x0000000083a00000, 0x0000000083a00000|100%|HC|  |TAMS 0x0000000083a00000, 0x0000000083a00000| Complete 
|  22|0x0000000083a00000, 0x0000000083b00000, 0x0000000083b00000|100%|HS|  |TAMS 0x0000000083b00000, 0x0000000083b00000| Complete 
|  23|0x0000000083b00000, 0x0000000083c00000, 0x0000000083c00000|100%|HC|  |TAMS 0x0000000083c00000, 0x0000000083c00000| Complete 
|  24|0x0000000083c00000, 0x0000000083d00000, 0x0000000083d00000|100%|HS|  |TAMS 0x0000000083d00000, 0x0000000083d00000| Complete 
|  25|0x0000000083d00000, 0x0000000083e00000, 0x0000000083e00000|100%|HC|  |TAMS 0x0000000083e00000, 0x0000000083e00000| Complete 
|  26|0x0000000083e00000, 0x0000000083f00000, 0x0000000083f00000|100%|HS|  |TAMS 0x0000000083f00000, 0x0000000083f00000| Complete 
|  27|0x0000000083f00000, 0x0000000084000000, 0x0000000084000000|100%|HC|  |TAMS 0x0000000084000000, 0x0000000084000000| Complete 
|  28|0x0000000084000000, 0x0000000084100000, 0x0000000084100000|100%|HS|  |TAMS 0x0000000084100000, 0x0000000084100000| Complete 
|  29|0x0000000084100000, 0x0000000084200000, 0x0000000084200000|100%|HC|  |TAMS 0x0000000084200000, 0x0000000084200000| Complete 
|  30|0x0000000084200000, 0x0000000084300000, 0x0000000084300000|100%|HS|  |TAMS 0x0000000084300000, 0x0000000084300000| Complete 
|  31|0x0000000084300000, 0x0000000084400000, 0x0000000084400000|100%|HC|  |TAMS 0x0000000084400000, 0x0000000084400000| Complete 
|  32|0x0000000084400000, 0x0000000084500000, 0x0000000084500000|100%|HS|  |TAMS 0x0000000084500000, 0x0000000084500000| Complete 
|  33|0x0000000084500000, 0x0000000084600000, 0x0000000084600000|100%|HC|  |TAMS 0x0000000084600000, 0x0000000084600000| Complete 
|  34|0x0000000084600000, 0x0000000084700000, 0x0000000084700000|100%|HS|  |TAMS 0x0000000084700000, 0x0000000084700000| Complete 
|  35|0x0000000084700000, 0x0000000084800000, 0x0000000084800000|100%|HC|  |TAMS 0x0000000084800000, 0x0000000084800000| Complete 
|  36|0x0000000084800000, 0x0000000084900000, 0x0000000084900000|100%|HS|  |TAMS 0x0000000084900000, 0x0000000084900000| Complete 
|  37|0x0000000084900000, 0x0000000084a00000, 0x0000000084a00000|100%|HC|  |TAMS 0x0000000084a00000, 0x0000000084a00000| Complete 
|  38|0x0000000084a00000, 0x0000000084b00000, 0x0000000084b00000|100%|HS|  |TAMS 0x0000000084b00000, 0x0000000084b00000| Complete 
|  39|0x0000000084b00000, 0x0000000084c00000, 0x0000000084c00000|100%|HC|  |TAMS 0x0000000084c00000, 0x0000000084c00000| Complete 
|  40|0x0000000084c00000, 0x0000000084d00000, 0x0000000084d00000|100%|HS|  |TAMS 0x0000000084d00000, 0x0000000084d00000| Complete 
|  41|0x0000000084d00000, 0x0000000084e00000, 0x0000000084e00000|100%|HC|  |TAMS 0x0000000084e00000, 0x0000000084e00000| Complete 
|  42|0x0000000084e00000, 0x0000000084f00000, 0x0000000084f00000|100%|HS|  |TAMS 0x0000000084f00000, 0x0000000084f00000| Complete 
|  43|0x0000000084f00000, 0x0000000085000000, 0x0000000085000000|100%|HC|  |TAMS 0x0000000085000000, 0x0000000085000000| Complete 
|  44|0x0000000085000000, 0x0000000085100000, 0x0000000085100000|100%|HS|  |TAMS 0x0000000085100000, 0x0000000085100000| Complete 
|  45|0x0000000085100000, 0x0000000085200000, 0x0000000085200000|100%|HC|  |TAMS 0x0000000085200000, 0x0000000085200000| Complete 
|  46|0x0000000085200000, 0x0000000085300000, 0x0000000085300000|100%|HS|  |TAMS 0x0000000085300000, 0x0000000085300000| Complete 
|  47|0x0000000085300000, 0x0000000085400000, 0x0000000085400000|100%|HC|  |TAMS 0x0000000085400000, 0x0000000085400000| Complete 
|  48|0x0000000085400000, 0x0000000085500000, 0x0000000085500000|100%|HS|  |TAMS 0x0000000085500000, 0x0000000085500000| Complete 
|  49|0x0000000085500000, 0x0000000085600000, 0x0000000085600000|100%|HC|  |TAMS 0x0000000085600000, 0x0000000085600000| Complete 
|  50|0x0000000085600000, 0x0000000085700000, 0x0000000085700000|100%|HS|  |TAMS 0x0000000085700000, 0x0000000085700000| Complete 
|  51|0x0000000085700000, 0x0000000085800000, 0x0000000085800000|100%|HC|  |TAMS 0x0000000085800000, 0x0000000085800000| Complete 
|  52|0x0000000085800000, 0x0000000085900000, 0x0000000085900000|100%|HS|  |TAMS 0x0000000085900000, 0x0000000085900000| Complete 
|  53|0x0000000085900000, 0x0000000085a00000, 0x0000000085a00000|100%|HC|  |TAMS 0x0000000085a00000, 0x0000000085a00000| Complete 
|  54|0x0000000085a00000, 0x0000000085b00000, 0x0000000085b00000|100%|HS|  |TAMS 0x0000000085b00000, 0x0000000085b00000| Complete 
|  55|0x0000000085b00000, 0x0000000085c00000, 0x0000000085c00000|100%|HC|  |TAMS 0x0000000085c00000, 0x0000000085c00000| Complete 
|  56|0x0000000085c00000, 0x0000000085d00000, 0x0000000085d00000|100%|HS|  |TAMS 0x0000000085d00000, 0x0000000085d00000| Complete 
|  57|0x0000000085d00000, 0x0000000085e00000, 0x0000000085e00000|100%|HC|  |TAMS 0x0000000085e00000, 0x0000000085e00000| Complete 
|  58|0x0000000085e00000, 0x0000000085f00000, 0x0000000085f00000|100%|HS|  |TAMS 0x0000000085f00000, 0x0000000085f00000| Complete 
|  59|0x0000000085f00000, 0x0000000086000000, 0x0000000086000000|100%|HC|  |TAMS 0x0000000086000000, 0x0000000086000000| Complete 
|  60|0x0000000086000000, 0x0000000086100000, 0x0000000086100000|100%|HS|  |TAMS 0x0000000086100000, 0x0000000086100000| Complete 
|  61|0x0000000086100000, 0x0000000086200000, 0x0000000086200000|100%|HC|  |TAMS 0x0000000086200000, 0x0000000086200000| Complete 
|  62|0x0000000086200000, 0x0000000086300000, 0x0000000086300000|100%|HS|  |TAMS 0x0000000086300000, 0x0000000086300000| Complete 
|  63|0x0000000086300000, 0x0000000086400000, 0x0000000086400000|100%|HC|  |TAMS 0x0000000086400000, 0x0000000086400000| Complete 
|  64|0x0000000086400000, 0x0000000086500000, 0x0000000086500000|100%|HS|  |TAMS 0x0000000086500000, 0x0000000086500000| Complete 
|  65|0x0000000086500000, 0x0000000086600000, 0x0000000086600000|100%|HC|  |TAMS 0x0000000086600000, 0x0000000086600000| Complete 
|  66|0x0000000086600000, 0x0000000086700000, 0x0000000086700000|100%|HS|  |TAMS 0x0000000086700000, 0x0000000086700000| Complete 
|  67|0x0000000086700000, 0x0000000086800000, 0x0000000086800000|100%|HC|  |TAMS 0x0000000086800000, 0x0000000086800000| Complete 
|  68|0x0000000086800000, 0x0000000086900000, 0x0000000086900000|100%|HS|  |TAMS 0x0000000086900000, 0x0000000086900000| Complete 
|  69|0x0000000086900000, 0x0000000086a00000, 0x0000000086a00000|100%|HC|  |TAMS 0x0000000086a00000, 0x0000000086a00000| Complete 
|  70|0x0000000086a00000, 0x0000000086b00000, 0x0000000086b00000|100%|HS|  |TAMS 0x0000000086b00000, 0x0000000086b00000| Complete 
|  71|0x0000000086b00000, 0x0000000086c00000, 0x0000000086c00000|100%|HC|  |TAMS 0x0000000086c00000, 0x0000000086c00000| Complete 
|  72|0x0000000086c00000, 0x0000000086d00000, 0x0000000086d00000|100%|HS|  |TAMS 0x0000000086d00000, 0x0000000086d00000| Complete 
|  73|0x0000000086d00000, 0x0000000086e00000, 0x0000000086e00000|100%|HC|  |TAMS 0x0000000086e00000, 0x0000000086e00000| Complete 
|  74|0x0000000086e00000, 0x0000000086f00000, 0x0000000086f00000|100%|HS|  |TAMS 0x0000000086f00000, 0x0000000086f00000| Complete 
|  75|0x0000000086f00000, 0x0000000087000000, 0x0000000087000000|100%|HC|  |TAMS 0x0000000087000000, 0x0000000087000000| Complete 
|  76|0x0000000087000000, 0x0000000087100000, 0x0000000087100000|100%|HS|  |TAMS 0x0000000087100000, 0x0000000087100000| Complete 
|  77|0x0000000087100000, 0x0000000087200000, 0x0000000087200000|100%|HC|  |TAMS 0x0000000087200000, 0x0000000087200000| Complete 
|  78|0x0000000087200000, 0x0000000087300000, 0x0000000087300000|100%|HS|  |TAMS 0x0000000087300000, 0x0000000087300000| Complete 
|  79|0x0000000087300000, 0x0000000087400000, 0x0000000087400000|100%|HC|  |TAMS 0x0000000087400000, 0x0000000087400000| Complete 
|  80|0x0000000087400000, 0x0000000087500000, 0x0000000087500000|100%|HS|  |TAMS 0x0000000087500000, 0x0000000087500000| Complete 
|  81|0x0000000087500000, 0x0000000087600000, 0x0000000087600000|100%|HC|  |TAMS 0x0000000087600000, 0x0000000087600000| Complete 
|  82|0x0000000087600000, 0x0000000087700000, 0x0000000087700000|100%|HS|  |TAMS 0x0000000087700000, 0x0000000087700000| Complete 
|  83|0x0000000087700000, 0x0000000087800000, 0x0000000087800000|100%|HC|  |TAMS 0x0000000087800000, 0x0000000087800000| Complete 
|  84|0x0000000087800000, 0x0000000087900000, 0x0000000087900000|100%|HS|  |TAMS 0x0000000087900000, 0x0000000087900000| Complete 
|  85|0x0000000087900000, 0x0000000087a00000, 0x0000000087a00000|100%|HC|  |TAMS 0x0000000087a00000, 0x0000000087a00000| Complete 
|  86|0x0000000087a00000, 0x0000000087b00000, 0x0000000087b00000|100%|HS|  |TAMS 0x0000000087b00000, 0x0000000087b00000| Complete 
|  87|0x0000000087b00000, 0x0000000087c00000, 0x0000000087c00000|100%|HC|  |TAMS 0x0000000087c00000, 0x0000000087c00000| Complete 
|  88|0x0000000087c00000, 0x0000000087d00000, 0x0000000087d00000|100%|HS|  |TAMS 0x0000000087d00000, 0x0000000087d00000| Complete 
|  89|0x0000000087d00000, 0x0000000087e00000, 0x0000000087e00000|100%|HC|  |TAMS 0x0000000087e00000, 0x0000000087e00000| Complete 
|  90|0x0000000087e00000, 0x0000000087f00000, 0x0000000087f00000|100%|HS|  |TAMS 0x0000000087f00000, 0x0000000087f00000| Complete 
|  91|0x0000000087f00000, 0x0000000088000000, 0x0000000088000000|100%|HC|  |TAMS 0x0000000088000000, 0x0000000088000000| Complete 
|  92|0x0000000088000000, 0x0000000088100000, 0x0000000088100000|100%|HS|  |TAMS 0x0000000088000000, 0x0000000088100000| Complete 
|  93|0x0000000088100000, 0x0000000088200000, 0x0000000088200000|100%|HC|  |TAMS 0x0000000088100000, 0x0000000088200000| Complete 
|  94|0x0000000088200000, 0x0000000088200000, 0x0000000088300000|  0%| F|  |TAMS 0x0000000088200000, 0x0000000088200000| Untracked 
|  95|0x0000000088300000, 0x0000000088300000, 0x0000000088400000|  0%| F|  |TAMS 0x0000000088300000, 0x0000000088300000| Untracked 
|  96|0x0000000088400000, 0x0000000088400000, 0x0000000088500000|  0%| F|  |TAMS 0x0000000088400000, 0x0000000088400000| Untracked 
|  97|0x0000000088500000, 0x0000000088500000, 0x0000000088600000|  0%| F|  |TAMS 0x0000000088500000, 0x0000000088500000| Untracked 
|  98|0x0000000088600000, 0x0000000088600000, 0x0000000088700000|  0%| F|  |TAMS 0x0000000088600000, 0x0000000088600000| Untracked 
|  99|0x0000000088700000, 0x0000000088700000, 0x0000000088800000|  0%| F|  |TAMS 0x0000000088700000, 0x0000000088700000| Untracked 
| 100|0x0000000088800000, 0x0000000088800000, 0x0000000088900000|  0%| F|  |TAMS 0x0000000088800000, 0x0000000088800000| Untracked 
| 101|0x0000000088900000, 0x0000000088900000, 0x0000000088a00000|  0%| F|  |TAMS 0x0000000088900000, 0x0000000088900000| Untracked 
| 102|0x0000000088a00000, 0x0000000088a00000, 0x0000000088b00000|  0%| F|  |TAMS 0x0000000088a00000, 0x0000000088a00000| Untracked 
| 103|0x0000000088b00000, 0x0000000088b00000, 0x0000000088c00000|  0%| F|  |TAMS 0x0000000088b00000, 0x0000000088b00000| Untracked 
| 104|0x0000000088c00000, 0x0000000088c00000, 0x0000000088d00000|  0%| F|  |TAMS 0x0000000088c00000, 0x0000000088c00000| Untracked 
| 105|0x0000000088d00000, 0x0000000088d00000, 0x0000000088e00000|  0%| F|  |TAMS 0x0000000088d00000, 0x0000000088d00000| Untracked 
| 106|0x0000000088e00000, 0x0000000088e00000, 0x0000000088f00000|  0%| F|  |TAMS 0x0000000088e00000, 0x0000000088e00000| Untracked 
| 107|0x0000000088f00000, 0x0000000088f00000, 0x0000000089000000|  0%| F|  |TAMS 0x0000000088f00000, 0x0000000088f00000| Untracked 
| 108|0x0000000089000000, 0x0000000089000000, 0x0000000089100000|  0%| F|  |TAMS 0x0000000089000000, 0x0000000089000000| Untracked 
| 109|0x0000000089100000, 0x0000000089100000, 0x0000000089200000|  0%| F|  |TAMS 0x0000000089100000, 0x0000000089100000| Untracked 
| 110|0x0000000089200000, 0x0000000089200000, 0x0000000089300000|  0%| F|  |TAMS 0x0000000089200000, 0x0000000089200000| Untracked 
| 111|0x0000000089300000, 0x0000000089300000, 0x0000000089400000|  0%| F|  |TAMS 0x0000000089300000, 0x0000000089300000| Untracked 
| 112|0x0000000089400000, 0x0000000089400000, 0x0000000089500000|  0%| F|  |TAMS 0x0000000089400000, 0x0000000089400000| Untracked 
| 113|0x0000000089500000, 0x0000000089500000, 0x0000000089600000|  0%| F|  |TAMS 0x0000000089500000, 0x0000000089500000| Untracked 
| 114|0x0000000089600000, 0x0000000089600000, 0x0000000089700000|  0%| F|  |TAMS 0x0000000089600000, 0x0000000089600000| Untracked 
| 115|0x0000000089700000, 0x0000000089700000, 0x0000000089800000|  0%| F|  |TAMS 0x0000000089700000, 0x0000000089700000| Untracked 
| 116|0x0000000089800000, 0x0000000089800000, 0x0000000089900000|  0%| F|  |TAMS 0x0000000089800000, 0x0000000089800000| Untracked 
| 117|0x0000000089900000, 0x0000000089900000, 0x0000000089a00000|  0%| F|  |TAMS 0x0000000089900000, 0x0000000089900000| Untracked 
| 118|0x0000000089a00000, 0x0000000089a00000, 0x0000000089b00000|  0%| F|  |TAMS 0x0000000089a00000, 0x0000000089a00000| Untracked 
| 119|0x0000000089b00000, 0x0000000089b00000, 0x0000000089c00000|  0%| F|  |TAMS 0x0000000089b00000, 0x0000000089b00000| Untracked 
| 120|0x0000000089c00000, 0x0000000089c00000, 0x0000000089d00000|  0%| F|  |TAMS 0x0000000089c00000, 0x0000000089c00000| Untracked 
| 121|0x0000000089d00000, 0x0000000089d00000, 0x0000000089e00000|  0%| F|  |TAMS 0x0000000089d00000, 0x0000000089d00000| Untracked 
| 122|0x0000000089e00000, 0x0000000089e00000, 0x0000000089f00000|  0%| F|  |TAMS 0x0000000089e00000, 0x0000000089e00000| Untracked 
| 123|0x0000000089f00000, 0x0000000089f00000, 0x000000008a000000|  0%| F|  |TAMS 0x0000000089f00000, 0x0000000089f00000| Untracked 
| 124|0x000000008a000000, 0x000000008a000000, 0x000000008a100000|  0%| F|  |TAMS 0x000000008a000000, 0x000000008a000000| Untracked 
| 125|0x000000008a100000, 0x000000008a100000, 0x000000008a200000|  0%| F|  |TAMS 0x000000008a100000, 0x000000008a100000| Untracked 
| 126|0x000000008a200000, 0x000000008a200000, 0x000000008a300000|  0%| F|  |TAMS 0x000000008a200000, 0x000000008a200000| Untracked 
| 127|0x000000008a300000, 0x000000008a300000, 0x000000008a400000|  0%| F|  |TAMS 0x000000008a300000, 0x000000008a300000| Untracked 
| 128|0x000000008a400000, 0x000000008a400000, 0x000000008a500000|  0%| F|  |TAMS 0x000000008a400000, 0x000000008a400000| Untracked 
| 129|0x000000008a500000, 0x000000008a500000, 0x000000008a600000|  0%| F|  |TAMS 0x000000008a500000, 0x000000008a500000| Untracked 
| 130|0x000000008a600000, 0x000000008a600000, 0x000000008a700000|  0%| F|  |TAMS 0x000000008a600000, 0x000000008a600000| Untracked 
| 131|0x000000008a700000, 0x000000008a700000, 0x000000008a800000|  0%| F|  |TAMS 0x000000008a700000, 0x000000008a700000| Untracked 
| 132|0x000000008a800000, 0x000000008a800000, 0x000000008a900000|  0%| F|  |TAMS 0x000000008a800000, 0x000000008a800000| Untracked 
| 133|0x000000008a900000, 0x000000008a900000, 0x000000008aa00000|  0%| F|  |TAMS 0x000000008a900000, 0x000000008a900000| Untracked 
| 134|0x000000008aa00000, 0x000000008aa00000, 0x000000008ab00000|  0%| F|  |TAMS 0x000000008aa00000, 0x000000008aa00000| Untracked 
| 135|0x000000008ab00000, 0x000000008ab00000, 0x000000008ac00000|  0%| F|  |TAMS 0x000000008ab00000, 0x000000008ab00000| Untracked 
| 136|0x000000008ac00000, 0x000000008ac00000, 0x000000008ad00000|  0%| F|  |TAMS 0x000000008ac00000, 0x000000008ac00000| Untracked 
| 137|0x000000008ad00000, 0x000000008ad00000, 0x000000008ae00000|  0%| F|  |TAMS 0x000000008ad00000, 0x000000008ad00000| Untracked 
| 138|0x000000008ae00000, 0x000000008ae00000, 0x000000008af00000|  0%| F|  |TAMS 0x000000008ae00000, 0x000000008ae00000| Untracked 
| 139|0x000000008af00000, 0x000000008af00000, 0x000000008b000000|  0%| F|  |TAMS 0x000000008af00000, 0x000000008af00000| Untracked 
| 140|0x000000008b000000, 0x000000008b000000, 0x000000008b100000|  0%| F|  |TAMS 0x000000008b000000, 0x000000008b000000| Untracked 
| 141|0x000000008b100000, 0x000000008b100000, 0x000000008b200000|  0%| F|  |TAMS 0x000000008b100000, 0x000000008b100000| Untracked 
| 142|0x000000008b200000, 0x000000008b200000, 0x000000008b300000|  0%| F|  |TAMS 0x000000008b200000, 0x000000008b200000| Untracked 
| 143|0x000000008b300000, 0x000000008b300000, 0x000000008b400000|  0%| F|  |TAMS 0x000000008b300000, 0x000000008b300000| Untracked 
| 144|0x000000008b400000, 0x000000008b400000, 0x000000008b500000|  0%| F|  |TAMS 0x000000008b400000, 0x000000008b400000| Untracked 
| 145|0x000000008b500000, 0x000000008b500000, 0x000000008b600000|  0%| F|  |TAMS 0x000000008b500000, 0x000000008b500000| Untracked 
| 146|0x000000008b600000, 0x000000008b600000, 0x000000008b700000|  0%| F|  |TAMS 0x000000008b600000, 0x000000008b600000| Untracked 
| 147|0x000000008b700000, 0x000000008b700000, 0x000000008b800000|  0%| F|  |TAMS 0x000000008b700000, 0x000000008b700000| Untracked 
| 148|0x000000008b800000, 0x000000008b800000, 0x000000008b900000|  0%| F|  |TAMS 0x000000008b800000, 0x000000008b800000| Untracked 
| 149|0x000000008b900000, 0x000000008b900000, 0x000000008ba00000|  0%| F|  |TAMS 0x000000008b900000, 0x000000008b900000| Untracked 
| 150|0x000000008ba00000, 0x000000008ba00000, 0x000000008bb00000|  0%| F|  |TAMS 0x000000008ba00000, 0x000000008ba00000| Untracked 
| 151|0x000000008bb00000, 0x000000008bb00000, 0x000000008bc00000|  0%| F|  |TAMS 0x000000008bb00000, 0x000000008bb00000| Untracked 
| 152|0x000000008bc00000, 0x000000008bc00000, 0x000000008bd00000|  0%| F|  |TAMS 0x000000008bc00000, 0x000000008bc00000| Untracked 
| 153|0x000000008bd00000, 0x000000008bd00000, 0x000000008be00000|  0%| F|  |TAMS 0x000000008bd00000, 0x000000008bd00000| Untracked 
| 154|0x000000008be00000, 0x000000008be00000, 0x000000008bf00000|  0%| F|  |TAMS 0x000000008be00000, 0x000000008be00000| Untracked 
| 155|0x000000008bf00000, 0x000000008bf00000, 0x000000008c000000|  0%| F|  |TAMS 0x000000008bf00000, 0x000000008bf00000| Untracked 
| 156|0x000000008c000000, 0x000000008c000000, 0x000000008c100000|  0%| F|  |TAMS 0x000000008c000000, 0x000000008c000000| Untracked 
| 157|0x000000008c100000, 0x000000008c100000, 0x000000008c200000|  0%| F|  |TAMS 0x000000008c100000, 0x000000008c100000| Untracked 
| 158|0x000000008c200000, 0x000000008c200000, 0x000000008c300000|  0%| F|  |TAMS 0x000000008c200000, 0x000000008c200000| Untracked 
| 159|0x000000008c300000, 0x000000008c300000, 0x000000008c400000|  0%| F|  |TAMS 0x000000008c300000, 0x000000008c300000| Untracked 
| 160|0x000000008c400000, 0x000000008c400000, 0x000000008c500000|  0%| F|  |TAMS 0x000000008c400000, 0x000000008c400000| Untracked 
| 161|0x000000008c500000, 0x000000008c500000, 0x000000008c600000|  0%| F|  |TAMS 0x000000008c500000, 0x000000008c500000| Untracked 
| 162|0x000000008c600000, 0x000000008c600000, 0x000000008c700000|  0%| F|  |TAMS 0x000000008c600000, 0x000000008c600000| Untracked 
| 163|0x000000008c700000, 0x000000008c700000, 0x000000008c800000|  0%| F|  |TAMS 0x000000008c700000, 0x000000008c700000| Untracked 
| 164|0x000000008c800000, 0x000000008c800000, 0x000000008c900000|  0%| F|  |TAMS 0x000000008c800000, 0x000000008c800000| Untracked 
| 165|0x000000008c900000, 0x000000008c900000, 0x000000008ca00000|  0%| F|  |TAMS 0x000000008c900000, 0x000000008c900000| Untracked 
| 166|0x000000008ca00000, 0x000000008ca00000, 0x000000008cb00000|  0%| F|  |TAMS 0x000000008ca00000, 0x000000008ca00000| Untracked 
| 167|0x000000008cb00000, 0x000000008cb00000, 0x000000008cc00000|  0%| F|  |TAMS 0x000000008cb00000, 0x000000008cb00000| Untracked 
| 168|0x000000008cc00000, 0x000000008cc00000, 0x000000008cd00000|  0%| F|  |TAMS 0x000000008cc00000, 0x000000008cc00000| Untracked 
| 169|0x000000008cd00000, 0x000000008cd00000, 0x000000008ce00000|  0%| F|  |TAMS 0x000000008cd00000, 0x000000008cd00000| Untracked 
| 170|0x000000008ce00000, 0x000000008ce00000, 0x000000008cf00000|  0%| F|  |TAMS 0x000000008ce00000, 0x000000008ce00000| Untracked 
| 171|0x000000008cf00000, 0x000000008cf00000, 0x000000008d000000|  0%| F|  |TAMS 0x000000008cf00000, 0x000000008cf00000| Untracked 
| 172|0x000000008d000000, 0x000000008d000000, 0x000000008d100000|  0%| F|  |TAMS 0x000000008d000000, 0x000000008d000000| Untracked 
| 173|0x000000008d100000, 0x000000008d100000, 0x000000008d200000|  0%| F|  |TAMS 0x000000008d100000, 0x000000008d100000| Untracked 
| 174|0x000000008d200000, 0x000000008d200000, 0x000000008d300000|  0%| F|  |TAMS 0x000000008d200000, 0x000000008d200000| Untracked 
| 175|0x000000008d300000, 0x000000008d300000, 0x000000008d400000|  0%| F|  |TAMS 0x000000008d300000, 0x000000008d300000| Untracked 
| 176|0x000000008d400000, 0x000000008d400000, 0x000000008d500000|  0%| F|  |TAMS 0x000000008d400000, 0x000000008d400000| Untracked 
| 177|0x000000008d500000, 0x000000008d500000, 0x000000008d600000|  0%| F|  |TAMS 0x000000008d500000, 0x000000008d500000| Untracked 
| 178|0x000000008d600000, 0x000000008d600000, 0x000000008d700000|  0%| F|  |TAMS 0x000000008d600000, 0x000000008d600000| Untracked 
| 179|0x000000008d700000, 0x000000008d700000, 0x000000008d800000|  0%| F|  |TAMS 0x000000008d700000, 0x000000008d700000| Untracked 
| 180|0x000000008d800000, 0x000000008d800000, 0x000000008d900000|  0%| F|  |TAMS 0x000000008d800000, 0x000000008d800000| Untracked 
| 181|0x000000008d900000, 0x000000008d900000, 0x000000008da00000|  0%| F|  |TAMS 0x000000008d900000, 0x000000008d900000| Untracked 
| 182|0x000000008da00000, 0x000000008da00000, 0x000000008db00000|  0%| F|  |TAMS 0x000000008da00000, 0x000000008da00000| Untracked 
| 183|0x000000008db00000, 0x000000008db00000, 0x000000008dc00000|  0%| F|  |TAMS 0x000000008db00000, 0x000000008db00000| Untracked 
| 184|0x000000008dc00000, 0x000000008dc00000, 0x000000008dd00000|  0%| F|  |TAMS 0x000000008dc00000, 0x000000008dc00000| Untracked 
| 185|0x000000008dd00000, 0x000000008dd00000, 0x000000008de00000|  0%| F|  |TAMS 0x000000008dd00000, 0x000000008dd00000| Untracked 
| 186|0x000000008de00000, 0x000000008de00000, 0x000000008df00000|  0%| F|  |TAMS 0x000000008de00000, 0x000000008de00000| Untracked 
| 187|0x000000008df00000, 0x000000008df00000, 0x000000008e000000|  0%| F|  |TAMS 0x000000008df00000, 0x000000008df00000| Untracked 
| 188|0x000000008e000000, 0x000000008e000000, 0x000000008e100000|  0%| F|  |TAMS 0x000000008e000000, 0x000000008e000000| Untracked 
| 189|0x000000008e100000, 0x000000008e100000, 0x000000008e200000|  0%| F|  |TAMS 0x000000008e100000, 0x000000008e100000| Untracked 
| 190|0x000000008e200000, 0x000000008e200000, 0x000000008e300000|  0%| F|  |TAMS 0x000000008e200000, 0x000000008e200000| Untracked 
| 191|0x000000008e300000, 0x000000008e300000, 0x000000008e400000|  0%| F|  |TAMS 0x000000008e300000, 0x000000008e300000| Untracked 
| 192|0x000000008e400000, 0x000000008e400000, 0x000000008e500000|  0%| F|  |TAMS 0x000000008e400000, 0x000000008e400000| Untracked 
| 193|0x000000008e500000, 0x000000008e500000, 0x000000008e600000|  0%| F|  |TAMS 0x000000008e500000, 0x000000008e500000| Untracked 
| 194|0x000000008e600000, 0x000000008e700000, 0x000000008e700000|100%| S|CS|TAMS 0x000000008e600000, 0x000000008e600000| Complete 
| 195|0x000000008e700000, 0x000000008e700000, 0x000000008e800000|  0%| F|  |TAMS 0x000000008e700000, 0x000000008e700000| Untracked 
| 196|0x000000008e800000, 0x000000008e800000, 0x000000008e900000|  0%| F|  |TAMS 0x000000008e800000, 0x000000008e800000| Untracked 

Card table byte_map: [0x000001f3bf4f0000,0x000001f3bf8e0000] _byte_map_base: 0x000001f3bf0de000

Marking Bits (Prev, Next): (CMBitMap*) 0x000001f3ac3f0830, (CMBitMap*) 0x000001f3ac3f07f0
 Prev Bits: [0x000001f3c1c40000, 0x000001f3c3bb0000)
 Next Bits: [0x000001f3bfcd0000, 0x000001f3c1c40000)

Polling page: 0x000001f3abb90000

Metaspace:

Usage:
  Non-class:      7.16 MB capacity,     7.07 MB ( 99%) used,    82.13 KB (  1%) free+waste,     7.62 KB ( <1%) overhead. 
      Class:    717.00 KB capacity,   673.32 KB ( 94%) used,    40.74 KB (  6%) free+waste,     2.94 KB ( <1%) overhead. 
       Both:      7.86 MB capacity,     7.73 MB ( 98%) used,   122.88 KB (  2%) free+waste,    10.56 KB ( <1%) overhead. 

Virtual space:
  Non-class space:        8.00 MB reserved,       7.25 MB ( 91%) committed 
      Class space:        1.00 GB reserved,     768.00 KB ( <1%) committed 
             Both:        1.01 GB reserved,       8.00 MB ( <1%) committed 

Chunk freelists:
   Non-Class:  32.00 KB
       Class:  19.00 KB
        Both:  51.00 KB

MaxMetaspaceSize: 17179869184.00 GB
CompressedClassSpaceSize: 1.00 GB

CodeHeap 'non-profiled nmethods': size=120000Kb used=162Kb max_used=162Kb free=119837Kb
 bounds [0x000001f3b78a0000, 0x000001f3b7b10000, 0x000001f3bedd0000]
CodeHeap 'profiled nmethods': size=120000Kb used=561Kb max_used=561Kb free=119438Kb
 bounds [0x000001f3b0370000, 0x000001f3b05e0000, 0x000001f3b78a0000]
CodeHeap 'non-nmethods': size=5760Kb used=1130Kb max_used=1148Kb free=4629Kb
 bounds [0x000001f3afdd0000, 0x000001f3b0040000, 0x000001f3b0370000]
 total_blobs=812 nmethods=435 adapters=290
 compilation: enabled
              stopped_count=0, restarted_count=0
 full_count=0

Compilation events (20 events):
Event: 0.439 Thread 0x000001f3c663e760  427       1       java.util.concurrent.atomic.AtomicInteger::get (5 bytes)
Event: 0.439 Thread 0x000001f3c663e760 nmethod 427 0x000001f3b78c7290 code [0x000001f3b78c7420, 0x000001f3b78c74d8]
Event: 0.440 Thread 0x000001f3c663e760  428       1       java.awt.color.ColorSpace::getNumComponents (5 bytes)
Event: 0.440 Thread 0x000001f3c663e760 nmethod 428 0x000001f3b78c7590 code [0x000001f3b78c7720, 0x000001f3b78c77d8]
Event: 0.441 Thread 0x000001f3c663c1f0 nmethod 426 0x000001f3b78c7890 code [0x000001f3b78c7a20, 0x000001f3b78c7bf8]
Event: 0.444 Thread 0x000001f3c663e760  429       3       java.lang.StringLatin1::inflate (34 bytes)
Event: 0.445 Thread 0x000001f3c663e760 nmethod 429 0x000001f3b03f8d90 code [0x000001f3b03f8f40, 0x000001f3b03f9138]
Event: 0.451 Thread 0x000001f3c663e760  431       3       javax.imageio.stream.ImageInputStreamImpl::readFully (73 bytes)
Event: 0.451 Thread 0x000001f3c663e760 nmethod 431 0x000001f3b03f9290 code [0x000001f3b03f9480, 0x000001f3b03f9928]
Event: 0.451 Thread 0x000001f3c663e760  430   !   3       javax.imageio.ImageIO$CanDecodeInputFilter::filter (82 bytes)
Event: 0.452 Thread 0x000001f3c663e760 nmethod 430 0x000001f3b03f9b10 code [0x000001f3b03f9e60, 0x000001f3b03fb828]
Event: 0.452 Thread 0x000001f3c663e760  432       1       javax.imageio.IIOParam::getSourceXSubsampling (5 bytes)
Event: 0.452 Thread 0x000001f3c663e760 nmethod 432 0x000001f3b78c7d90 code [0x000001f3b78c7f20, 0x000001f3b78c7fd8]
Event: 0.452 Thread 0x000001f3c663e760  433       1       javax.imageio.IIOParam::getSourceYSubsampling (5 bytes)
Event: 0.452 Thread 0x000001f3c663e760 nmethod 433 0x000001f3b78c8090 code [0x000001f3b78c8220, 0x000001f3b78c82d8]
Event: 0.452 Thread 0x000001f3c663e760  434       1       java.awt.image.ColorModel::isAlphaPremultiplied (5 bytes)
Event: 0.452 Thread 0x000001f3c663e760 nmethod 434 0x000001f3b78c8390 code [0x000001f3b78c8520, 0x000001f3b78c85d8]
Event: 0.452 Thread 0x000001f3c663e760  435       1       java.awt.image.DataBuffer::getNumBanks (5 bytes)
Event: 0.452 Thread 0x000001f3c663e760 nmethod 435 0x000001f3b78c8690 code [0x000001f3b78c8820, 0x000001f3b78c88d8]
Event: 0.483 Thread 0x000001f3c663e760  436       3       java.util.LinkedList::unlinkFirst (64 bytes)

GC Heap History (20 events):
Event: 0.363 GC heap after
{Heap after GC invocations=4 (full 0):
 garbage-first heap   total 129024K, used 60349K [0x0000000082400000, 0x0000000100000000)
  region size 1024K, 1 young (1024K), 1 survivors (1024K)
 Metaspace       used 7911K, capacity 8045K, committed 8192K, reserved 1056768K
  class space    used 673K, capacity 717K, committed 768K, reserved 1048576K
}
Event: 0.370 GC heap before
{Heap before GC invocations=5 (full 0):
 garbage-first heap   total 129024K, used 63421K [0x0000000082400000, 0x0000000100000000)
  region size 1024K, 3 young (3072K), 1 survivors (1024K)
 Metaspace       used 7911K, capacity 8045K, committed 8192K, reserved 1056768K
  class space    used 673K, capacity 717K, committed 768K, reserved 1048576K
}
Event: 0.372 GC heap after
{Heap after GC invocations=6 (full 0):
 garbage-first heap   total 129024K, used 62429K [0x0000000082400000, 0x0000000100000000)
  region size 1024K, 1 young (1024K), 1 survivors (1024K)
 Metaspace       used 7911K, capacity 8045K, committed 8192K, reserved 1056768K
  class space    used 673K, capacity 717K, committed 768K, reserved 1048576K
}
Event: 0.377 GC heap before
{Heap before GC invocations=7 (full 0):
 garbage-first heap   total 129024K, used 65501K [0x0000000082400000, 0x0000000100000000)
  region size 1024K, 3 young (3072K), 1 survivors (1024K)
 Metaspace       used 7911K, capacity 8045K, committed 8192K, reserved 1056768K
  class space    used 673K, capacity 717K, committed 768K, reserved 1048576K
}
Event: 0.379 GC heap after
{Heap after GC invocations=8 (full 0):
 garbage-first heap   total 155648K, used 64474K [0x0000000082400000, 0x0000000100000000)
  region size 1024K, 1 young (1024K), 1 survivors (1024K)
 Metaspace       used 7911K, capacity 8045K, committed 8192K, reserved 1056768K
  class space    used 673K, capacity 717K, committed 768K, reserved 1048576K
}
Event: 0.395 GC heap before
{Heap before GC invocations=9 (full 0):
 garbage-first heap   total 155648K, used 73690K [0x0000000082400000, 0x0000000100000000)
  region size 1024K, 5 young (5120K), 1 survivors (1024K)
 Metaspace       used 7911K, capacity 8045K, committed 8192K, reserved 1056768K
  class space    used 673K, capacity 717K, committed 768K, reserved 1048576K
}
Event: 0.397 GC heap after
{Heap after GC invocations=10 (full 0):
 garbage-first heap   total 155648K, used 70601K [0x0000000082400000, 0x0000000100000000)
  region size 1024K, 1 young (1024K), 1 survivors (1024K)
 Metaspace       used 7911K, capacity 8045K, committed 8192K, reserved 1056768K
  class space    used 673K, capacity 717K, committed 768K, reserved 1048576K
}
Event: 0.404 GC heap before
{Heap before GC invocations=11 (full 0):
 garbage-first heap   total 155648K, used 73673K [0x0000000082400000, 0x0000000100000000)
  region size 1024K, 3 young (3072K), 1 survivors (1024K)
 Metaspace       used 7911K, capacity 8045K, committed 8192K, reserved 1056768K
  class space    used 673K, capacity 717K, committed 768K, reserved 1048576K
}
Event: 0.405 GC heap after
{Heap after GC invocations=12 (full 0):
 garbage-first heap   total 155648K, used 72695K [0x0000000082400000, 0x0000000100000000)
  region size 1024K, 1 young (1024K), 1 survivors (1024K)
 Metaspace       used 7911K, capacity 8045K, committed 8192K, reserved 1056768K
  class space    used 673K, capacity 717K, committed 768K, reserved 1048576K
}
Event: 0.411 GC heap before
{Heap before GC invocations=13 (full 0):
 garbage-first heap   total 155648K, used 75767K [0x0000000082400000, 0x0000000100000000)
  region size 1024K, 3 young (3072K), 1 survivors (1024K)
 Metaspace       used 7911K, capacity 8045K, committed 8192K, reserved 1056768K
  class space    used 673K, capacity 717K, committed 768K, reserved 1048576K
}
Event: 0.413 GC heap after
{Heap after GC invocations=14 (full 0):
 garbage-first heap   total 155648K, used 74745K [0x0000000082400000, 0x0000000100000000)
  region size 1024K, 1 young (1024K), 1 survivors (1024K)
 Metaspace       used 7911K, capacity 8045K, committed 8192K, reserved 1056768K
  class space    used 673K, capacity 717K, committed 768K, reserved 1048576K
}
Event: 0.419 GC heap before
{Heap before GC invocations=15 (full 0):
 garbage-first heap   total 155648K, used 77817K [0x0000000082400000, 0x0000000100000000)
  region size 1024K, 3 young (3072K), 1 survivors (1024K)
 Metaspace       used 7911K, capacity 8045K, committed 8192K, reserved 1056768K
  class space    used 673K, capacity 717K, committed 768K, reserved 1048576K
}
Event: 0.421 GC heap after
{Heap after GC invocations=16 (full 0):
 garbage-first heap   total 201728K, used 76766K [0x0000000082400000, 0x0000000100000000)
  region size 1024K, 1 young (1024K), 1 survivors (1024K)
 Metaspace       used 7911K, capacity 8045K, committed 8192K, reserved 1056768K
  class space    used 673K, capacity 717K, committed 768K, reserved 1048576K
}
Event: 0.461 GC heap before
{Heap before GC invocations=17 (full 0):
 garbage-first heap   total 201728K, used 98270K [0x0000000082400000, 0x0000000100000000)
  region size 1024K, 9 young (9216K), 1 survivors (1024K)
 Metaspace       used 7911K, capacity 8045K, committed 8192K, reserved 1056768K
  class space    used 673K, capacity 717K, committed 768K, reserved 1048576K
}
Event: 0.464 GC heap after
{Heap after GC invocations=18 (full 0):
 garbage-first heap   total 201728K, used 91136K [0x0000000082400000, 0x0000000100000000)
  region size 1024K, 1 young (1024K), 1 survivors (1024K)
 Metaspace       used 7911K, capacity 8045K, committed 8192K, reserved 1056768K
  class space    used 673K, capacity 717K, committed 768K, reserved 1048576K
}
Event: 0.469 GC heap before
{Heap before GC invocations=19 (full 0):
 garbage-first heap   total 201728K, used 94208K [0x0000000082400000, 0x0000000100000000)
  region size 1024K, 3 young (3072K), 1 survivors (1024K)
 Metaspace       used 7911K, capacity 8045K, committed 8192K, reserved 1056768K
  class space    used 673K, capacity 717K, committed 768K, reserved 1048576K
}
Event: 0.471 GC heap after
{Heap after GC invocations=20 (full 0):
 garbage-first heap   total 201728K, used 93151K [0x0000000082400000, 0x0000000100000000)
  region size 1024K, 1 young (1024K), 1 survivors (1024K)
 Metaspace       used 7911K, capacity 8045K, committed 8192K, reserved 1056768K
  class space    used 673K, capacity 717K, committed 768K, reserved 1048576K
}
Event: 0.476 GC heap before
{Heap before GC invocations=21 (full 0):
 garbage-first heap   total 201728K, used 96223K [0x0000000082400000, 0x0000000100000000)
  region size 1024K, 3 young (3072K), 1 survivors (1024K)
 Metaspace       used 7911K, capacity 8045K, committed 8192K, reserved 1056768K
  class space    used 673K, capacity 717K, committed 768K, reserved 1048576K
}
Event: 0.478 GC heap after
{Heap after GC invocations=22 (full 0):
 garbage-first heap   total 201728K, used 95216K [0x0000000082400000, 0x0000000100000000)
  region size 1024K, 1 young (1024K), 1 survivors (1024K)
 Metaspace       used 7911K, capacity 8045K, committed 8192K, reserved 1056768K
  class space    used 673K, capacity 717K, committed 768K, reserved 1048576K
}
Event: 0.483 GC heap before
{Heap before GC invocations=23 (full 0):
 garbage-first heap   total 201728K, used 98288K [0x0000000082400000, 0x0000000100000000)
  region size 1024K, 3 young (3072K), 1 survivors (1024K)
 Metaspace       used 7911K, capacity 8045K, committed 8192K, reserved 1056768K
  class space    used 673K, capacity 717K, committed 768K, reserved 1048576K
}

Deoptimization events (20 events):
Event: 0.224 Thread 0x000001f3ac3aef80 DEOPT PACKING pc=0x000001f3b03cfe38 sp=0x0000005a3d7fe7e0
Event: 0.224 Thread 0x000001f3ac3aef80 DEOPT UNPACKING pc=0x000001f3afe1e23f sp=0x0000005a3d7fdcb8 mode 0
Event: 0.224 Thread 0x000001f3ac3aef80 DEOPT PACKING pc=0x000001f3b03cfe38 sp=0x0000005a3d7fe7e0
Event: 0.224 Thread 0x000001f3ac3aef80 DEOPT UNPACKING pc=0x000001f3afe1e23f sp=0x0000005a3d7fdcb8 mode 0
Event: 0.224 Thread 0x000001f3ac3aef80 DEOPT PACKING pc=0x000001f3b03cfe38 sp=0x0000005a3d7fe7e0
Event: 0.224 Thread 0x000001f3ac3aef80 DEOPT UNPACKING pc=0x000001f3afe1e23f sp=0x0000005a3d7fdcb8 mode 0
Event: 0.224 Thread 0x000001f3ac3aef80 DEOPT PACKING pc=0x000001f3b03cfe38 sp=0x0000005a3d7fe7e0
Event: 0.224 Thread 0x000001f3ac3aef80 DEOPT UNPACKING pc=0x000001f3afe1e23f sp=0x0000005a3d7fdcb8 mode 0
Event: 0.224 Thread 0x000001f3ac3aef80 DEOPT PACKING pc=0x000001f3b03cfe38 sp=0x0000005a3d7fe7e0
Event: 0.224 Thread 0x000001f3ac3aef80 DEOPT UNPACKING pc=0x000001f3afe1e23f sp=0x0000005a3d7fdcb8 mode 0
Event: 0.224 Thread 0x000001f3ac3aef80 DEOPT PACKING pc=0x000001f3b03cfe38 sp=0x0000005a3d7fe7e0
Event: 0.224 Thread 0x000001f3ac3aef80 DEOPT UNPACKING pc=0x000001f3afe1e23f sp=0x0000005a3d7fdcb8 mode 0
Event: 0.225 Thread 0x000001f3ac3aef80 DEOPT PACKING pc=0x000001f3b03cfe38 sp=0x0000005a3d7fe7e0
Event: 0.225 Thread 0x000001f3ac3aef80 DEOPT UNPACKING pc=0x000001f3afe1e23f sp=0x0000005a3d7fdcb8 mode 0
Event: 0.225 Thread 0x000001f3ac3aef80 DEOPT PACKING pc=0x000001f3b03cfe38 sp=0x0000005a3d7fe7e0
Event: 0.225 Thread 0x000001f3ac3aef80 DEOPT UNPACKING pc=0x000001f3afe1e23f sp=0x0000005a3d7fdcb8 mode 0
Event: 0.225 Thread 0x000001f3ac3aef80 DEOPT PACKING pc=0x000001f3b03cfe38 sp=0x0000005a3d7fe7e0
Event: 0.225 Thread 0x000001f3ac3aef80 DEOPT UNPACKING pc=0x000001f3afe1e23f sp=0x0000005a3d7fdcb8 mode 0
Event: 0.225 Thread 0x000001f3ac3aef80 DEOPT PACKING pc=0x000001f3b03cfe38 sp=0x0000005a3d7fe7e0
Event: 0.225 Thread 0x000001f3ac3aef80 DEOPT UNPACKING pc=0x000001f3afe1e23f sp=0x0000005a3d7fdcb8 mode 0

Classes unloaded (0 events):
No events

Classes redefined (0 events):
No events

Internal exceptions (6 events):
Event: 0.105 Thread 0x000001f3ac3aef80 Exception <a 'java/lang/NoSuchMethodError'{0x000000008a02d5a8}: 'void java.lang.invoke.DirectMethodHandle$Holder.invokeSpecial(java.lang.Object, java.lang.Object, java.lang.Object)'> (0x000000008a02d5a8) 
thrown [./open/src/hotspot/share/interpreter/linkResolver.cpp, line 782]
Event: 0.129 Thread 0x000001f3ac3aef80 Exception <a 'java/lang/ClassNotFoundException'{0x000000008a04da08}: sun/awt/resources/spi/awtProvider> (0x000000008a04da08) 
thrown [./open/src/hotspot/share/classfile/systemDictionary.cpp, line 295]
Event: 0.153 Thread 0x000001f3ac3aef80 Exception <a 'java/io/FileNotFoundException'{0x000000008a0a9d70}> (0x000000008a0a9d70) 
thrown [./open/src/hotspot/share/prims/jni.cpp, line 578]
Event: 0.158 Thread 0x000001f3ac3aef80 Exception <a 'java/io/FileNotFoundException'{0x000000008a0d8650}> (0x000000008a0d8650) 
thrown [./open/src/hotspot/share/prims/jni.cpp, line 578]
Event: 0.159 Thread 0x000001f3ac3aef80 Exception <a 'java/lang/NoSuchMethodError'{0x000000008a0d9988}: 'java.lang.Object java.lang.invoke.DirectMethodHandle$Holder.invokeStatic(java.lang.Object)'> (0x000000008a0d9988) 
thrown [./open/src/hotspot/share/interpreter/linkResolver.cpp, line 782]
Event: 0.176 Thread 0x000001f3ac3aef80 Exception <a 'java/lang/NoSuchMethodError'{0x0000000089f1eab0}: 'java.lang.Object java.lang.invoke.DirectMethodHandle$Holder.invokeStaticInit(java.lang.Object)'> (0x0000000089f1eab0) 
thrown [./open/src/hotspot/share/interpreter/linkResolver.cpp, line 782]

Events (20 events):
Event: 0.423 Executing VM operation: G1Concurrent done
Event: 0.461 Executing VM operation: G1TryInitiateConcMark
Event: 0.464 Executing VM operation: G1TryInitiateConcMark done
Event: 0.465 Executing VM operation: G1Concurrent
Event: 0.465 Executing VM operation: G1Concurrent done
Event: 0.466 Executing VM operation: G1Concurrent
Event: 0.466 Executing VM operation: G1Concurrent done
Event: 0.469 Executing VM operation: G1TryInitiateConcMark
Event: 0.471 Executing VM operation: G1TryInitiateConcMark done
Event: 0.472 Executing VM operation: G1Concurrent
Event: 0.473 Executing VM operation: G1Concurrent done
Event: 0.473 Executing VM operation: G1Concurrent
Event: 0.473 Executing VM operation: G1Concurrent done
Event: 0.476 Executing VM operation: G1TryInitiateConcMark
Event: 0.478 Executing VM operation: G1TryInitiateConcMark done
Event: 0.479 Executing VM operation: G1Concurrent
Event: 0.480 Executing VM operation: G1Concurrent done
Event: 0.480 Executing VM operation: G1Concurrent
Event: 0.480 Executing VM operation: G1Concurrent done
Event: 0.483 Executing VM operation: G1TryInitiateConcMark


Dynamic libraries:
0x00007ff613800000 - 0x00007ff61380d000 	C:\Users\brook\.p2\pool\plugins\org.eclipse.justj.openjdk.hotspot.jre.full.win32.x86_64_15.0.2.v20210201-0955\jre\bin\javaw.exe
0x00007ffc1cb30000 - 0x00007ffc1cd25000 	C:\WINDOWS\SYSTEM32\ntdll.dll
0x00007ffc1c270000 - 0x00007ffc1c32e000 	C:\WINDOWS\System32\KERNEL32.DLL
0x00007ffc1a350000 - 0x00007ffc1a619000 	C:\WINDOWS\System32\KERNELBASE.dll
0x00007ffc1a830000 - 0x00007ffc1a930000 	C:\WINDOWS\System32\ucrtbase.dll
0x00007ffc03190000 - 0x00007ffc031a8000 	C:\Users\brook\.p2\pool\plugins\org.eclipse.justj.openjdk.hotspot.jre.full.win32.x86_64_15.0.2.v20210201-0955\jre\bin\jli.dll
0x00007ffc03170000 - 0x00007ffc03189000 	C:\Users\brook\.p2\pool\plugins\org.eclipse.justj.openjdk.hotspot.jre.full.win32.x86_64_15.0.2.v20210201-0955\jre\bin\VCRUNTIME140.dll
0x00007ffc1af70000 - 0x00007ffc1b111000 	C:\WINDOWS\System32\USER32.dll
0x00007ffc1a250000 - 0x00007ffc1a272000 	C:\WINDOWS\System32\win32u.dll
0x00007ffc040b0000 - 0x00007ffc0434a000 	C:\WINDOWS\WinSxS\amd64_microsoft.windows.common-controls_6595b64144ccf1df_6.0.19041.1110_none_60b5254171f9507e\COMCTL32.dll
0x00007ffc1c500000 - 0x00007ffc1c52b000 	C:\WINDOWS\System32\GDI32.dll
0x00007ffc1c1d0000 - 0x00007ffc1c26e000 	C:\WINDOWS\System32\msvcrt.dll
0x00007ffc1aa70000 - 0x00007ffc1ab7b000 	C:\WINDOWS\System32\gdi32full.dll
0x00007ffc1a2b0000 - 0x00007ffc1a34d000 	C:\WINDOWS\System32\msvcp_win.dll
0x00007ffc1cac0000 - 0x00007ffc1caf0000 	C:\WINDOWS\System32\IMM32.DLL
0x00007ffc0e960000 - 0x00007ffc0e96c000 	C:\Users\brook\.p2\pool\plugins\org.eclipse.justj.openjdk.hotspot.jre.full.win32.x86_64_15.0.2.v20210201-0955\jre\bin\vcruntime140_1.dll
0x00007ffc02320000 - 0x00007ffc023b1000 	C:\Users\brook\.p2\pool\plugins\org.eclipse.justj.openjdk.hotspot.jre.full.win32.x86_64_15.0.2.v20210201-0955\jre\bin\msvcp140.dll
0x00007ffbb1250000 - 0x00007ffbb1dae000 	C:\Users\brook\.p2\pool\plugins\org.eclipse.justj.openjdk.hotspot.jre.full.win32.x86_64_15.0.2.v20210201-0955\jre\bin\server\jvm.dll
0x00007ffc1b1a0000 - 0x00007ffc1b24c000 	C:\WINDOWS\System32\ADVAPI32.dll
0x00007ffc1c330000 - 0x00007ffc1c3cb000 	C:\WINDOWS\System32\sechost.dll
0x00007ffc1c3d0000 - 0x00007ffc1c4fa000 	C:\WINDOWS\System32\RPCRT4.dll
0x00007ffc1b3e0000 - 0x00007ffc1b3e8000 	C:\WINDOWS\System32\PSAPI.DLL
0x00007ffc177b0000 - 0x00007ffc177b9000 	C:\WINDOWS\SYSTEM32\WSOCK32.dll
0x00007ffc12660000 - 0x00007ffc1266a000 	C:\WINDOWS\SYSTEM32\VERSION.dll
0x00007ffc14ad0000 - 0x00007ffc14af7000 	C:\WINDOWS\SYSTEM32\WINMM.dll
0x00007ffc1c0a0000 - 0x00007ffc1c10b000 	C:\WINDOWS\System32\WS2_32.dll
0x00007ffc18b00000 - 0x00007ffc18b12000 	C:\WINDOWS\SYSTEM32\kernel.appcore.dll
0x00007ffc12dc0000 - 0x00007ffc12dca000 	C:\Users\brook\.p2\pool\plugins\org.eclipse.justj.openjdk.hotspot.jre.full.win32.x86_64_15.0.2.v20210201-0955\jre\bin\jimage.dll
0x00007ffc12960000 - 0x00007ffc12b44000 	C:\WINDOWS\SYSTEM32\DBGHELP.DLL
0x00007ffc12610000 - 0x00007ffc1263c000 	C:\WINDOWS\SYSTEM32\dbgcore.DLL
0x00007ffc1a9e0000 - 0x00007ffc1aa63000 	C:\WINDOWS\System32\bcryptPrimitives.dll
0x00007ffc04570000 - 0x00007ffc04595000 	C:\Users\brook\.p2\pool\plugins\org.eclipse.justj.openjdk.hotspot.jre.full.win32.x86_64_15.0.2.v20210201-0955\jre\bin\java.dll
0x00007ffc08240000 - 0x00007ffc08258000 	C:\Users\brook\.p2\pool\plugins\org.eclipse.justj.openjdk.hotspot.jre.full.win32.x86_64_15.0.2.v20210201-0955\jre\bin\zip.dll
0x00007ffc1b960000 - 0x00007ffc1c09f000 	C:\WINDOWS\System32\SHELL32.dll
0x00007ffc18300000 - 0x00007ffc18a90000 	C:\WINDOWS\SYSTEM32\windows.storage.dll
0x00007ffc1c760000 - 0x00007ffc1cab5000 	C:\WINDOWS\System32\combase.dll
0x00007ffc19c30000 - 0x00007ffc19c5c000 	C:\WINDOWS\SYSTEM32\Wldp.dll
0x00007ffc1ad30000 - 0x00007ffc1adde000 	C:\WINDOWS\System32\SHCORE.dll
0x00007ffc1b250000 - 0x00007ffc1b2a5000 	C:\WINDOWS\System32\shlwapi.dll
0x00007ffc1a190000 - 0x00007ffc1a1af000 	C:\WINDOWS\SYSTEM32\profapi.dll
0x00007ffbff0b0000 - 0x00007ffbff22f000 	C:\Users\brook\.p2\pool\plugins\org.eclipse.justj.openjdk.hotspot.jre.full.win32.x86_64_15.0.2.v20210201-0955\jre\bin\awt.dll
0x00007ffc1aea0000 - 0x00007ffc1af6d000 	C:\WINDOWS\System32\OLEAUT32.dll
0x00007ffc179e0000 - 0x00007ffc17a70000 	C:\WINDOWS\SYSTEM32\apphelp.dll

dbghelp: loaded successfully - version: 4.0.5 - missing functions: none
symbol engine: initialized successfully - sym options: 0x614 - pdb path: .;C:\Users\brook\.p2\pool\plugins\org.eclipse.justj.openjdk.hotspot.jre.full.win32.x86_64_15.0.2.v20210201-0955\jre\bin;C:\WINDOWS\SYSTEM32;C:\WINDOWS\WinSxS\amd64_microsoft.windows.common-controls_6595b64144ccf1df_6.0.19041.1110_none_60b5254171f9507e;C:\Users\brook\.p2\pool\plugins\org.eclipse.justj.openjdk.hotspot.jre.full.win32.x86_64_15.0.2.v20210201-0955\jre\bin\server

VM Arguments:
jvm_args: -Dfile.encoding=Cp1252 -XX:+ShowCodeDetailsInExceptionMessages 
java_command: app.Main
java_class_path (initial): C:\Users\brook\eclipse-workspace\groupproject\bin
Launcher Type: SUN_STANDARD

[Global flags]
     intx CICompilerCount                          = 4                                         {product} {ergonomic}
     uint ConcGCThreads                            = 2                                         {product} {ergonomic}
     uint G1ConcRefinementThreads                  = 8                                         {product} {ergonomic}
   size_t G1HeapRegionSize                         = 1048576                                   {product} {ergonomic}
    uintx GCDrainStackTargetSize                   = 64                                        {product} {ergonomic}
   size_t InitialHeapSize                          = 132120576                                 {product} {ergonomic}
   size_t MarkStackSize                            = 4194304                                   {product} {ergonomic}
   size_t MaxHeapSize                              = 2109734912                                {product} {ergonomic}
   size_t MaxNewSize                               = 1265631232                                {product} {ergonomic}
   size_t MinHeapDeltaBytes                        = 1048576                                   {product} {ergonomic}
   size_t MinHeapSize                              = 8388608                                   {product} {ergonomic}
    uintx NonNMethodCodeHeapSize                   = 5839372                                {pd product} {ergonomic}
    uintx NonProfiledCodeHeapSize                  = 122909434                              {pd product} {ergonomic}
    uintx ProfiledCodeHeapSize                     = 122909434                              {pd product} {ergonomic}
    uintx ReservedCodeCacheSize                    = 251658240                              {pd product} {ergonomic}
     bool SegmentedCodeCache                       = true                                      {product} {ergonomic}
     bool ShowCodeDetailsInExceptionMessages       = true                                   {manageable} {command line}
   size_t SoftMaxHeapSize                          = 2109734912                             {manageable} {ergonomic}
     bool UseCompressedClassPointers               = true                                 {lp64_product} {ergonomic}
     bool UseCompressedOops                        = true                                 {lp64_product} {ergonomic}
     bool UseG1GC                                  = true                                      {product} {ergonomic}
     bool UseLargePagesIndividualAllocation        = false                                  {pd product} {ergonomic}

Logging:
Log output configuration:
 #0: stdout all=warning uptime,level,tags
 #1: stderr all=off uptime,level,tags

Environment Variables:
PATH=C:/Users/brook/.p2/pool/plugins/org.eclipse.justj.openjdk.hotspot.jre.full.win32.x86_64_15.0.2.v20210201-0955/jre/bin/server;C:/Users/brook/.p2/pool/plugins/org.eclipse.justj.openjdk.hotspot.jre.full.win32.x86_64_15.0.2.v20210201-0955/jre/bin;C:\Program Files (x86)\Common Files\Oracle\Java\javapath;C:\WINDOWS\system32;C:\WINDOWS;C:\WINDOWS\System32\Wbem;C:\WINDOWS\System32\WindowsPowerShell\v1.0\;C:\WINDOWS\System32\OpenSSH\;C:\Program Files\PuTTY\;C:\Program Files\Git\cmd;C:\Users\brook\AppData\Local\Microsoft\WindowsApps;;C:\Users\brook\OneDrive - Victoria University of Wellington - STUDENT\Desktop;
USERNAME=brook
OS=Windows_NT
PROCESSOR_IDENTIFIER=Intel64 Family 6 Model 142 Stepping 11, GenuineIntel



---------------  S Y S T E M  ---------------

OS:
 Windows 10 , 64 bit Build 19041 (10.0.19041.1202)
OS uptime: 2 days 14:23 hours

CPU: total 8 (initial active 8) (4 cores per cpu, 2 threads per core) family 6 model 142 stepping 11 microcode 0xae, cmov, cx8, fxsr, mmx, sse, sse2, sse3, ssse3, sse4.1, sse4.2, popcnt, vzeroupper, avx, avx2, aes, clmul, erms, 3dnowpref, lzcnt, ht, tsc, tscinvbit, bmi1, bmi2, adx, fma, clflush, clflushopt

Memory: 4k page, system-wide physical 8042M (301M free)
TotalPageFile size 32618M (AvailPageFile size 150M)
current process WorkingSet (physical memory assigned to process): 130M, peak: 130M
current process commit charge ("private bytes"): 282M, peak: 451M

vm_info: OpenJDK 64-Bit Server VM (15.0.2+7-27) for windows-amd64 JRE (15.0.2+7-27), built on Dec  7 2020 20:02:38 by "mach5one" with unknown MS VC++:1925

END.
