#
# There is insufficient memory for the Java Runtime Environment to continue.
# Native memory allocation (malloc) failed to allocate 449056 bytes for Chunk::new
# Possible reasons:
#   The system is out of physical RAM or swap space
#   The process is running with CompressedOops enabled, and the Java Heap may be blocking the growth of the native heap
# Possible solutions:
#   Reduce memory load on the system
#   Increase physical memory or swap space
#   Check if swap backing store is full
#   Decrease Java heap size (-Xmx/-Xms)
#   Decrease number of Java threads
#   Decrease Java thread stack sizes (-Xss)
#   Set larger code cache with -XX:ReservedCodeCacheSize=
#   JVM is running with Unscaled Compressed Oops mode in which the Java heap is
#     placed in the first 4GB address space. The Java Heap base address is the
#     maximum limit for the native heap growth. Please use -XX:HeapBaseMinAddress
#     to set the Java Heap base and to place the Java Heap above 4GB virtual address.
# This output file may be truncated or incomplete.
#
#  Out of Memory Error (./open/src/hotspot/share/memory/arena.cpp:195), pid=27956, tid=27972
#
# JRE version: OpenJDK Runtime Environment (15.0.2+7) (build 15.0.2+7-27)
# Java VM: OpenJDK 64-Bit Server VM (15.0.2+7-27, mixed mode, tiered, compressed oops, g1 gc, windows-amd64)
# No core dump will be written. Minidumps are not enabled by default on client versions of Windows
#

---------------  S U M M A R Y ------------

Command Line: -Dfile.encoding=Cp1252 --module-path=C:\Users\brook\.p2\pool\plugins\org.junit.jupiter.api_5.7.0.v20201026-1537.jar;C:\Users\brook\.p2\pool\plugins\org.junit.jupiter.engine_5.7.0.v20201026-1537.jar;C:\Users\brook\.p2\pool\plugins\org.junit.jupiter.migrationsupport_5.7.0.v20201026-1537.jar;C:\Users\brook\.p2\pool\plugins\org.junit.jupiter.params_5.7.0.v20201026-1537.jar;C:\Users\brook\.p2\pool\plugins\org.junit.platform.commons_1.7.0.v20201026-1537.jar;C:\Users\brook\.p2\pool\plugins\org.junit.platform.engine_1.7.0.v20201026-1537.jar;C:\Users\brook\.p2\pool\plugins\org.junit.platform.launcher_1.7.0.v20201026-1537.jar;C:\Users\brook\.p2\pool\plugins\org.junit.platform.runner_1.7.0.v20201026-1537.jar;C:\Users\brook\.p2\pool\plugins\org.junit.platform.suite.api_1.7.0.v20201026-1537.jar;C:\Users\brook\.p2\pool\plugins\org.junit.vintage.engine_5.7.0.v20201026-1537.jar;C:\Users\brook\.p2\pool\plugins\org.opentest4j_1.2.0.v20190826-0900.jar;C:\Users\brook\.p2\pool\plugins\org.apiguardian_1.1.0.v20190826-0900.jar;C:\Users\brook\.p2\pool\plugins\org.junit_4.13.0.v20200204-1500.jar;C:\Users\brook\.p2\pool\plugins\org.hamcrest.core_1.3.0.v20180420-1519.jar -XX:+ShowCodeDetailsInExceptionMessages app.Main

Host: Intel(R) Core(TM) i5-8265U CPU @ 1.60GHz, 8 cores, 7G,  Windows 10 , 64 bit Build 19041 (10.0.19041.1202)
Time: Fri Sep 24 00:28:46 2021 New Zealand Standard Time elapsed time: 0.791758 seconds (0d 0h 0m 0s)

---------------  T H R E A D  ---------------

Current thread (0x0000023b843deae0):  JavaThread "C2 CompilerThread1" daemon [_thread_in_native, id=27972, stack(0x0000008c46000000,0x0000008c46100000)]


Current CompileTask:
C2:    791  517   !   4       java.util.jar.Attributes::read (530 bytes)

Stack: [0x0000008c46000000,0x0000008c46100000]
Native frames: (J=compiled Java code, j=interpreted, Vv=VM code, C=native code)
V  [jvm.dll+0x62ae9a]
V  [jvm.dll+0x7817a9]
V  [jvm.dll+0x782f03]
V  [jvm.dll+0x783563]
V  [jvm.dll+0x216325]
V  [jvm.dll+0x97f3a]
V  [jvm.dll+0x9861c]
V  [jvm.dll+0x279f9f]
V  [jvm.dll+0x540794]
V  [jvm.dll+0x1f3124]
V  [jvm.dll+0x1ecaf1]
V  [jvm.dll+0x1e9867]
V  [jvm.dll+0x178567]
V  [jvm.dll+0x1f9225]
V  [jvm.dll+0x1f72cc]
V  [jvm.dll+0x74495d]
V  [jvm.dll+0x73d75a]
V  [jvm.dll+0x629c56]
C  [ucrtbase.dll+0x21bb2]
C  [KERNEL32.DLL+0x17034]
C  [ntdll.dll+0x52651]


---------------  P R O C E S S  ---------------

Threads class SMR info:
_java_thread_list=0x0000023b84402130, length=12, elements={
0x0000023be92916a0, 0x0000023bff59e440, 0x0000023bff59eef0, 0x0000023bff5a4df0,
0x0000023bff5a77c0, 0x0000023bff5a8270, 0x0000023bff5a9050, 0x0000023b8401c0b0,
0x0000023b84031260, 0x0000023b84082210, 0x0000023b843deae0, 0x0000023b84438310
}

Java Threads: ( => current thread )
  0x0000023be92916a0 JavaThread "main" [_thread_in_Java, id=26116, stack(0x0000008c45000000,0x0000008c45100000)]
  0x0000023bff59e440 JavaThread "Reference Handler" daemon [_thread_blocked, id=14484, stack(0x0000008c45700000,0x0000008c45800000)]
  0x0000023bff59eef0 JavaThread "Finalizer" daemon [_thread_blocked, id=13976, stack(0x0000008c45800000,0x0000008c45900000)]
  0x0000023bff5a4df0 JavaThread "Signal Dispatcher" daemon [_thread_blocked, id=23336, stack(0x0000008c45900000,0x0000008c45a00000)]
  0x0000023bff5a77c0 JavaThread "Attach Listener" daemon [_thread_blocked, id=29660, stack(0x0000008c45a00000,0x0000008c45b00000)]
  0x0000023bff5a8270 JavaThread "Service Thread" daemon [_thread_blocked, id=14780, stack(0x0000008c45b00000,0x0000008c45c00000)]
  0x0000023bff5a9050 JavaThread "C2 CompilerThread0" daemon [_thread_blocked, id=14452, stack(0x0000008c45c00000,0x0000008c45d00000)]
  0x0000023b8401c0b0 JavaThread "C1 CompilerThread0" daemon [_thread_blocked, id=24148, stack(0x0000008c45d00000,0x0000008c45e00000)]
  0x0000023b84031260 JavaThread "Sweeper thread" daemon [_thread_blocked, id=13092, stack(0x0000008c45e00000,0x0000008c45f00000)]
  0x0000023b84082210 JavaThread "Common-Cleaner" daemon [_thread_blocked, id=28576, stack(0x0000008c45f00000,0x0000008c46000000)]
=>0x0000023b843deae0 JavaThread "C2 CompilerThread1" daemon [_thread_in_native, id=27972, stack(0x0000008c46000000,0x0000008c46100000)]
  0x0000023b84438310 JavaThread "C2 CompilerThread2" daemon [_thread_in_native, id=308, stack(0x0000008c46100000,0x0000008c46200000)]

Other Threads:
  0x0000023bff587980 VMThread "VM Thread" [stack: 0x0000008c45600000,0x0000008c45700000] [id=10792]
  0x0000023be92d0750 GCTaskThread "GC Thread#0" [stack: 0x0000008c45100000,0x0000008c45200000] [id=24324]
  0x0000023be92e15a0 ConcurrentGCThread "G1 Main Marker" [stack: 0x0000008c45200000,0x0000008c45300000] [id=16792]
  0x0000023be92e41b0 ConcurrentGCThread "G1 Conc#0" [stack: 0x0000008c45300000,0x0000008c45400000] [id=16600]
  0x0000023be9369f50 ConcurrentGCThread "G1 Refine#0" [stack: 0x0000008c45400000,0x0000008c45500000] [id=4540]
  0x0000023be936e310 ConcurrentGCThread "G1 Young RemSet Sampling" [stack: 0x0000008c45500000,0x0000008c45600000] [id=29556]

Threads with active compile tasks:
C2 CompilerThread1      885  517   !   4       java.util.jar.Attributes::read (530 bytes)
C2 CompilerThread2      885  633 %     4       java.util.Arrays::hashCode @ 16 (44 bytes)

VM state: not at safepoint (normal execution)

VM Mutex/Monitor currently owned by a thread: None

Heap address: 0x0000000082400000, size: 2012 MB, Compressed Oops mode: 32-bit
CDS disabled.
Compressed class space mapped at: 0x0000000100000000-0x0000000140000000, size: 1073741824
Narrow klass base: 0x0000000000000000, Narrow klass shift: 3, Narrow klass range: 0x140000000

GC Precious Log:
 CPUs: 8 total, 8 available
 Memory: 8042M
 Large Page Support: Disabled
 NUMA Support: Disabled
 Compressed Oops: Enabled (32-bit)
 Heap Region Size: 1M
 Heap Min Capacity: 8M
 Heap Initial Capacity: 126M
 Heap Max Capacity: 2012M
 Pre-touch: Disabled
 Parallel Workers: 8
 Concurrent Workers: 2
 Concurrent Refinement Workers: 8
 Periodic GC: Disabled

Heap:
 garbage-first heap   total 129024K, used 9216K [0x0000000082400000, 0x0000000100000000)
  region size 1024K, 11 young (11264K), 0 survivors (0K)
 Metaspace       used 8977K, capacity 9062K, committed 9344K, reserved 1058816K
  class space    used 770K, capacity 783K, committed 896K, reserved 1048576K

Heap Regions: E=young(eden), S=young(survivor), O=old, HS=humongous(starts), HC=humongous(continues), CS=collection set, F=free, OA=open archive, CA=closed archive, TAMS=top-at-mark-start (previous, next)
|   0|0x0000000082400000, 0x0000000082400000, 0x0000000082500000|  0%| F|  |TAMS 0x0000000082400000, 0x0000000082400000| Untracked 
|   1|0x0000000082500000, 0x0000000082500000, 0x0000000082600000|  0%| F|  |TAMS 0x0000000082500000, 0x0000000082500000| Untracked 
|   2|0x0000000082600000, 0x0000000082600000, 0x0000000082700000|  0%| F|  |TAMS 0x0000000082600000, 0x0000000082600000| Untracked 
|   3|0x0000000082700000, 0x0000000082700000, 0x0000000082800000|  0%| F|  |TAMS 0x0000000082700000, 0x0000000082700000| Untracked 
|   4|0x0000000082800000, 0x0000000082800000, 0x0000000082900000|  0%| F|  |TAMS 0x0000000082800000, 0x0000000082800000| Untracked 
|   5|0x0000000082900000, 0x0000000082900000, 0x0000000082a00000|  0%| F|  |TAMS 0x0000000082900000, 0x0000000082900000| Untracked 
|   6|0x0000000082a00000, 0x0000000082a00000, 0x0000000082b00000|  0%| F|  |TAMS 0x0000000082a00000, 0x0000000082a00000| Untracked 
|   7|0x0000000082b00000, 0x0000000082b00000, 0x0000000082c00000|  0%| F|  |TAMS 0x0000000082b00000, 0x0000000082b00000| Untracked 
|   8|0x0000000082c00000, 0x0000000082c00000, 0x0000000082d00000|  0%| F|  |TAMS 0x0000000082c00000, 0x0000000082c00000| Untracked 
|   9|0x0000000082d00000, 0x0000000082d00000, 0x0000000082e00000|  0%| F|  |TAMS 0x0000000082d00000, 0x0000000082d00000| Untracked 
|  10|0x0000000082e00000, 0x0000000082e00000, 0x0000000082f00000|  0%| F|  |TAMS 0x0000000082e00000, 0x0000000082e00000| Untracked 
|  11|0x0000000082f00000, 0x0000000082f00000, 0x0000000083000000|  0%| F|  |TAMS 0x0000000082f00000, 0x0000000082f00000| Untracked 
|  12|0x0000000083000000, 0x0000000083000000, 0x0000000083100000|  0%| F|  |TAMS 0x0000000083000000, 0x0000000083000000| Untracked 
|  13|0x0000000083100000, 0x0000000083100000, 0x0000000083200000|  0%| F|  |TAMS 0x0000000083100000, 0x0000000083100000| Untracked 
|  14|0x0000000083200000, 0x0000000083200000, 0x0000000083300000|  0%| F|  |TAMS 0x0000000083200000, 0x0000000083200000| Untracked 
|  15|0x0000000083300000, 0x0000000083300000, 0x0000000083400000|  0%| F|  |TAMS 0x0000000083300000, 0x0000000083300000| Untracked 
|  16|0x0000000083400000, 0x0000000083400000, 0x0000000083500000|  0%| F|  |TAMS 0x0000000083400000, 0x0000000083400000| Untracked 
|  17|0x0000000083500000, 0x0000000083500000, 0x0000000083600000|  0%| F|  |TAMS 0x0000000083500000, 0x0000000083500000| Untracked 
|  18|0x0000000083600000, 0x0000000083600000, 0x0000000083700000|  0%| F|  |TAMS 0x0000000083600000, 0x0000000083600000| Untracked 
|  19|0x0000000083700000, 0x0000000083700000, 0x0000000083800000|  0%| F|  |TAMS 0x0000000083700000, 0x0000000083700000| Untracked 
|  20|0x0000000083800000, 0x0000000083800000, 0x0000000083900000|  0%| F|  |TAMS 0x0000000083800000, 0x0000000083800000| Untracked 
|  21|0x0000000083900000, 0x0000000083900000, 0x0000000083a00000|  0%| F|  |TAMS 0x0000000083900000, 0x0000000083900000| Untracked 
|  22|0x0000000083a00000, 0x0000000083a00000, 0x0000000083b00000|  0%| F|  |TAMS 0x0000000083a00000, 0x0000000083a00000| Untracked 
|  23|0x0000000083b00000, 0x0000000083b00000, 0x0000000083c00000|  0%| F|  |TAMS 0x0000000083b00000, 0x0000000083b00000| Untracked 
|  24|0x0000000083c00000, 0x0000000083c00000, 0x0000000083d00000|  0%| F|  |TAMS 0x0000000083c00000, 0x0000000083c00000| Untracked 
|  25|0x0000000083d00000, 0x0000000083d00000, 0x0000000083e00000|  0%| F|  |TAMS 0x0000000083d00000, 0x0000000083d00000| Untracked 
|  26|0x0000000083e00000, 0x0000000083e00000, 0x0000000083f00000|  0%| F|  |TAMS 0x0000000083e00000, 0x0000000083e00000| Untracked 
|  27|0x0000000083f00000, 0x0000000083f00000, 0x0000000084000000|  0%| F|  |TAMS 0x0000000083f00000, 0x0000000083f00000| Untracked 
|  28|0x0000000084000000, 0x0000000084000000, 0x0000000084100000|  0%| F|  |TAMS 0x0000000084000000, 0x0000000084000000| Untracked 
|  29|0x0000000084100000, 0x0000000084100000, 0x0000000084200000|  0%| F|  |TAMS 0x0000000084100000, 0x0000000084100000| Untracked 
|  30|0x0000000084200000, 0x0000000084200000, 0x0000000084300000|  0%| F|  |TAMS 0x0000000084200000, 0x0000000084200000| Untracked 
|  31|0x0000000084300000, 0x0000000084300000, 0x0000000084400000|  0%| F|  |TAMS 0x0000000084300000, 0x0000000084300000| Untracked 
|  32|0x0000000084400000, 0x0000000084400000, 0x0000000084500000|  0%| F|  |TAMS 0x0000000084400000, 0x0000000084400000| Untracked 
|  33|0x0000000084500000, 0x0000000084500000, 0x0000000084600000|  0%| F|  |TAMS 0x0000000084500000, 0x0000000084500000| Untracked 
|  34|0x0000000084600000, 0x0000000084600000, 0x0000000084700000|  0%| F|  |TAMS 0x0000000084600000, 0x0000000084600000| Untracked 
|  35|0x0000000084700000, 0x0000000084700000, 0x0000000084800000|  0%| F|  |TAMS 0x0000000084700000, 0x0000000084700000| Untracked 
|  36|0x0000000084800000, 0x0000000084800000, 0x0000000084900000|  0%| F|  |TAMS 0x0000000084800000, 0x0000000084800000| Untracked 
|  37|0x0000000084900000, 0x0000000084900000, 0x0000000084a00000|  0%| F|  |TAMS 0x0000000084900000, 0x0000000084900000| Untracked 
|  38|0x0000000084a00000, 0x0000000084a00000, 0x0000000084b00000|  0%| F|  |TAMS 0x0000000084a00000, 0x0000000084a00000| Untracked 
|  39|0x0000000084b00000, 0x0000000084b00000, 0x0000000084c00000|  0%| F|  |TAMS 0x0000000084b00000, 0x0000000084b00000| Untracked 
|  40|0x0000000084c00000, 0x0000000084c00000, 0x0000000084d00000|  0%| F|  |TAMS 0x0000000084c00000, 0x0000000084c00000| Untracked 
|  41|0x0000000084d00000, 0x0000000084d00000, 0x0000000084e00000|  0%| F|  |TAMS 0x0000000084d00000, 0x0000000084d00000| Untracked 
|  42|0x0000000084e00000, 0x0000000084e00000, 0x0000000084f00000|  0%| F|  |TAMS 0x0000000084e00000, 0x0000000084e00000| Untracked 
|  43|0x0000000084f00000, 0x0000000084f00000, 0x0000000085000000|  0%| F|  |TAMS 0x0000000084f00000, 0x0000000084f00000| Untracked 
|  44|0x0000000085000000, 0x0000000085000000, 0x0000000085100000|  0%| F|  |TAMS 0x0000000085000000, 0x0000000085000000| Untracked 
|  45|0x0000000085100000, 0x0000000085100000, 0x0000000085200000|  0%| F|  |TAMS 0x0000000085100000, 0x0000000085100000| Untracked 
|  46|0x0000000085200000, 0x0000000085200000, 0x0000000085300000|  0%| F|  |TAMS 0x0000000085200000, 0x0000000085200000| Untracked 
|  47|0x0000000085300000, 0x0000000085300000, 0x0000000085400000|  0%| F|  |TAMS 0x0000000085300000, 0x0000000085300000| Untracked 
|  48|0x0000000085400000, 0x0000000085400000, 0x0000000085500000|  0%| F|  |TAMS 0x0000000085400000, 0x0000000085400000| Untracked 
|  49|0x0000000085500000, 0x0000000085500000, 0x0000000085600000|  0%| F|  |TAMS 0x0000000085500000, 0x0000000085500000| Untracked 
|  50|0x0000000085600000, 0x0000000085600000, 0x0000000085700000|  0%| F|  |TAMS 0x0000000085600000, 0x0000000085600000| Untracked 
|  51|0x0000000085700000, 0x0000000085700000, 0x0000000085800000|  0%| F|  |TAMS 0x0000000085700000, 0x0000000085700000| Untracked 
|  52|0x0000000085800000, 0x0000000085800000, 0x0000000085900000|  0%| F|  |TAMS 0x0000000085800000, 0x0000000085800000| Untracked 
|  53|0x0000000085900000, 0x0000000085900000, 0x0000000085a00000|  0%| F|  |TAMS 0x0000000085900000, 0x0000000085900000| Untracked 
|  54|0x0000000085a00000, 0x0000000085a00000, 0x0000000085b00000|  0%| F|  |TAMS 0x0000000085a00000, 0x0000000085a00000| Untracked 
|  55|0x0000000085b00000, 0x0000000085b00000, 0x0000000085c00000|  0%| F|  |TAMS 0x0000000085b00000, 0x0000000085b00000| Untracked 
|  56|0x0000000085c00000, 0x0000000085c00000, 0x0000000085d00000|  0%| F|  |TAMS 0x0000000085c00000, 0x0000000085c00000| Untracked 
|  57|0x0000000085d00000, 0x0000000085d00000, 0x0000000085e00000|  0%| F|  |TAMS 0x0000000085d00000, 0x0000000085d00000| Untracked 
|  58|0x0000000085e00000, 0x0000000085e00000, 0x0000000085f00000|  0%| F|  |TAMS 0x0000000085e00000, 0x0000000085e00000| Untracked 
|  59|0x0000000085f00000, 0x0000000085f00000, 0x0000000086000000|  0%| F|  |TAMS 0x0000000085f00000, 0x0000000085f00000| Untracked 
|  60|0x0000000086000000, 0x0000000086000000, 0x0000000086100000|  0%| F|  |TAMS 0x0000000086000000, 0x0000000086000000| Untracked 
|  61|0x0000000086100000, 0x0000000086100000, 0x0000000086200000|  0%| F|  |TAMS 0x0000000086100000, 0x0000000086100000| Untracked 
|  62|0x0000000086200000, 0x0000000086200000, 0x0000000086300000|  0%| F|  |TAMS 0x0000000086200000, 0x0000000086200000| Untracked 
|  63|0x0000000086300000, 0x0000000086300000, 0x0000000086400000|  0%| F|  |TAMS 0x0000000086300000, 0x0000000086300000| Untracked 
|  64|0x0000000086400000, 0x0000000086400000, 0x0000000086500000|  0%| F|  |TAMS 0x0000000086400000, 0x0000000086400000| Untracked 
|  65|0x0000000086500000, 0x0000000086500000, 0x0000000086600000|  0%| F|  |TAMS 0x0000000086500000, 0x0000000086500000| Untracked 
|  66|0x0000000086600000, 0x0000000086600000, 0x0000000086700000|  0%| F|  |TAMS 0x0000000086600000, 0x0000000086600000| Untracked 
|  67|0x0000000086700000, 0x0000000086700000, 0x0000000086800000|  0%| F|  |TAMS 0x0000000086700000, 0x0000000086700000| Untracked 
|  68|0x0000000086800000, 0x0000000086800000, 0x0000000086900000|  0%| F|  |TAMS 0x0000000086800000, 0x0000000086800000| Untracked 
|  69|0x0000000086900000, 0x0000000086900000, 0x0000000086a00000|  0%| F|  |TAMS 0x0000000086900000, 0x0000000086900000| Untracked 
|  70|0x0000000086a00000, 0x0000000086a00000, 0x0000000086b00000|  0%| F|  |TAMS 0x0000000086a00000, 0x0000000086a00000| Untracked 
|  71|0x0000000086b00000, 0x0000000086b00000, 0x0000000086c00000|  0%| F|  |TAMS 0x0000000086b00000, 0x0000000086b00000| Untracked 
|  72|0x0000000086c00000, 0x0000000086c00000, 0x0000000086d00000|  0%| F|  |TAMS 0x0000000086c00000, 0x0000000086c00000| Untracked 
|  73|0x0000000086d00000, 0x0000000086d00000, 0x0000000086e00000|  0%| F|  |TAMS 0x0000000086d00000, 0x0000000086d00000| Untracked 
|  74|0x0000000086e00000, 0x0000000086e00000, 0x0000000086f00000|  0%| F|  |TAMS 0x0000000086e00000, 0x0000000086e00000| Untracked 
|  75|0x0000000086f00000, 0x0000000086f00000, 0x0000000087000000|  0%| F|  |TAMS 0x0000000086f00000, 0x0000000086f00000| Untracked 
|  76|0x0000000087000000, 0x0000000087000000, 0x0000000087100000|  0%| F|  |TAMS 0x0000000087000000, 0x0000000087000000| Untracked 
|  77|0x0000000087100000, 0x0000000087100000, 0x0000000087200000|  0%| F|  |TAMS 0x0000000087100000, 0x0000000087100000| Untracked 
|  78|0x0000000087200000, 0x0000000087200000, 0x0000000087300000|  0%| F|  |TAMS 0x0000000087200000, 0x0000000087200000| Untracked 
|  79|0x0000000087300000, 0x0000000087300000, 0x0000000087400000|  0%| F|  |TAMS 0x0000000087300000, 0x0000000087300000| Untracked 
|  80|0x0000000087400000, 0x0000000087400000, 0x0000000087500000|  0%| F|  |TAMS 0x0000000087400000, 0x0000000087400000| Untracked 
|  81|0x0000000087500000, 0x0000000087500000, 0x0000000087600000|  0%| F|  |TAMS 0x0000000087500000, 0x0000000087500000| Untracked 
|  82|0x0000000087600000, 0x0000000087600000, 0x0000000087700000|  0%| F|  |TAMS 0x0000000087600000, 0x0000000087600000| Untracked 
|  83|0x0000000087700000, 0x0000000087700000, 0x0000000087800000|  0%| F|  |TAMS 0x0000000087700000, 0x0000000087700000| Untracked 
|  84|0x0000000087800000, 0x0000000087800000, 0x0000000087900000|  0%| F|  |TAMS 0x0000000087800000, 0x0000000087800000| Untracked 
|  85|0x0000000087900000, 0x0000000087900000, 0x0000000087a00000|  0%| F|  |TAMS 0x0000000087900000, 0x0000000087900000| Untracked 
|  86|0x0000000087a00000, 0x0000000087a00000, 0x0000000087b00000|  0%| F|  |TAMS 0x0000000087a00000, 0x0000000087a00000| Untracked 
|  87|0x0000000087b00000, 0x0000000087b00000, 0x0000000087c00000|  0%| F|  |TAMS 0x0000000087b00000, 0x0000000087b00000| Untracked 
|  88|0x0000000087c00000, 0x0000000087c00000, 0x0000000087d00000|  0%| F|  |TAMS 0x0000000087c00000, 0x0000000087c00000| Untracked 
|  89|0x0000000087d00000, 0x0000000087d00000, 0x0000000087e00000|  0%| F|  |TAMS 0x0000000087d00000, 0x0000000087d00000| Untracked 
|  90|0x0000000087e00000, 0x0000000087e00000, 0x0000000087f00000|  0%| F|  |TAMS 0x0000000087e00000, 0x0000000087e00000| Untracked 
|  91|0x0000000087f00000, 0x0000000087f00000, 0x0000000088000000|  0%| F|  |TAMS 0x0000000087f00000, 0x0000000087f00000| Untracked 
|  92|0x0000000088000000, 0x0000000088000000, 0x0000000088100000|  0%| F|  |TAMS 0x0000000088000000, 0x0000000088000000| Untracked 
|  93|0x0000000088100000, 0x0000000088100000, 0x0000000088200000|  0%| F|  |TAMS 0x0000000088100000, 0x0000000088100000| Untracked 
|  94|0x0000000088200000, 0x0000000088200000, 0x0000000088300000|  0%| F|  |TAMS 0x0000000088200000, 0x0000000088200000| Untracked 
|  95|0x0000000088300000, 0x0000000088300000, 0x0000000088400000|  0%| F|  |TAMS 0x0000000088300000, 0x0000000088300000| Untracked 
|  96|0x0000000088400000, 0x0000000088400000, 0x0000000088500000|  0%| F|  |TAMS 0x0000000088400000, 0x0000000088400000| Untracked 
|  97|0x0000000088500000, 0x0000000088500000, 0x0000000088600000|  0%| F|  |TAMS 0x0000000088500000, 0x0000000088500000| Untracked 
|  98|0x0000000088600000, 0x0000000088600000, 0x0000000088700000|  0%| F|  |TAMS 0x0000000088600000, 0x0000000088600000| Untracked 
|  99|0x0000000088700000, 0x0000000088700000, 0x0000000088800000|  0%| F|  |TAMS 0x0000000088700000, 0x0000000088700000| Untracked 
| 100|0x0000000088800000, 0x0000000088800000, 0x0000000088900000|  0%| F|  |TAMS 0x0000000088800000, 0x0000000088800000| Untracked 
| 101|0x0000000088900000, 0x0000000088900000, 0x0000000088a00000|  0%| F|  |TAMS 0x0000000088900000, 0x0000000088900000| Untracked 
| 102|0x0000000088a00000, 0x0000000088a00000, 0x0000000088b00000|  0%| F|  |TAMS 0x0000000088a00000, 0x0000000088a00000| Untracked 
| 103|0x0000000088b00000, 0x0000000088b00000, 0x0000000088c00000|  0%| F|  |TAMS 0x0000000088b00000, 0x0000000088b00000| Untracked 
| 104|0x0000000088c00000, 0x0000000088c00000, 0x0000000088d00000|  0%| F|  |TAMS 0x0000000088c00000, 0x0000000088c00000| Untracked 
| 105|0x0000000088d00000, 0x0000000088d00000, 0x0000000088e00000|  0%| F|  |TAMS 0x0000000088d00000, 0x0000000088d00000| Untracked 
| 106|0x0000000088e00000, 0x0000000088e00000, 0x0000000088f00000|  0%| F|  |TAMS 0x0000000088e00000, 0x0000000088e00000| Untracked 
| 107|0x0000000088f00000, 0x0000000088f00000, 0x0000000089000000|  0%| F|  |TAMS 0x0000000088f00000, 0x0000000088f00000| Untracked 
| 108|0x0000000089000000, 0x0000000089000000, 0x0000000089100000|  0%| F|  |TAMS 0x0000000089000000, 0x0000000089000000| Untracked 
| 109|0x0000000089100000, 0x0000000089100000, 0x0000000089200000|  0%| F|  |TAMS 0x0000000089100000, 0x0000000089100000| Untracked 
| 110|0x0000000089200000, 0x0000000089200000, 0x0000000089300000|  0%| F|  |TAMS 0x0000000089200000, 0x0000000089200000| Untracked 
| 111|0x0000000089300000, 0x0000000089300000, 0x0000000089400000|  0%| F|  |TAMS 0x0000000089300000, 0x0000000089300000| Untracked 
| 112|0x0000000089400000, 0x0000000089400000, 0x0000000089500000|  0%| F|  |TAMS 0x0000000089400000, 0x0000000089400000| Untracked 
| 113|0x0000000089500000, 0x0000000089500000, 0x0000000089600000|  0%| F|  |TAMS 0x0000000089500000, 0x0000000089500000| Untracked 
| 114|0x0000000089600000, 0x0000000089600000, 0x0000000089700000|  0%| F|  |TAMS 0x0000000089600000, 0x0000000089600000| Untracked 
| 115|0x0000000089700000, 0x0000000089800000, 0x0000000089800000|100%| E|  |TAMS 0x0000000089700000, 0x0000000089700000| Complete 
| 116|0x0000000089800000, 0x0000000089900000, 0x0000000089900000|100%| E|CS|TAMS 0x0000000089800000, 0x0000000089800000| Complete 
| 117|0x0000000089900000, 0x0000000089a00000, 0x0000000089a00000|100%| E|CS|TAMS 0x0000000089900000, 0x0000000089900000| Complete 
| 118|0x0000000089a00000, 0x0000000089b00000, 0x0000000089b00000|100%| E|CS|TAMS 0x0000000089a00000, 0x0000000089a00000| Complete 
| 119|0x0000000089b00000, 0x0000000089c00000, 0x0000000089c00000|100%| E|CS|TAMS 0x0000000089b00000, 0x0000000089b00000| Complete 
| 120|0x0000000089c00000, 0x0000000089d00000, 0x0000000089d00000|100%| E|CS|TAMS 0x0000000089c00000, 0x0000000089c00000| Complete 
| 121|0x0000000089d00000, 0x0000000089e00000, 0x0000000089e00000|100%| E|  |TAMS 0x0000000089d00000, 0x0000000089d00000| Complete 
| 122|0x0000000089e00000, 0x0000000089f00000, 0x0000000089f00000|100%| E|CS|TAMS 0x0000000089e00000, 0x0000000089e00000| Complete 
| 123|0x0000000089f00000, 0x000000008a000000, 0x000000008a000000|100%| E|CS|TAMS 0x0000000089f00000, 0x0000000089f00000| Complete 
| 124|0x000000008a000000, 0x000000008a100000, 0x000000008a100000|100%| E|CS|TAMS 0x000000008a000000, 0x000000008a000000| Complete 
| 125|0x000000008a100000, 0x000000008a200000, 0x000000008a200000|100%| E|CS|TAMS 0x000000008a100000, 0x000000008a100000| Complete 

Card table byte_map: [0x0000023bfc3d0000,0x0000023bfc7c0000] _byte_map_base: 0x0000023bfbfbe000

Marking Bits (Prev, Next): (CMBitMap*) 0x0000023be92d0fc0, (CMBitMap*) 0x0000023be92d1000
 Prev Bits: [0x0000023bfcbb0000, 0x0000023bfeb20000)
 Next Bits: [0x0000023b80000000, 0x0000023b81f70000)

Polling page: 0x0000023be7260000

Metaspace:

Usage:
  Non-class:      8.08 MB capacity,     8.02 MB (>99%) used,    65.96 KB ( <1%) free+waste,     5.00 KB ( <1%) overhead. 
      Class:    783.00 KB capacity,   770.49 KB ( 98%) used,    11.01 KB (  1%) free+waste,     1.50 KB ( <1%) overhead. 
       Both:      8.85 MB capacity,     8.77 MB (>99%) used,    76.97 KB ( <1%) free+waste,     6.50 KB ( <1%) overhead. 

Virtual space:
  Non-class space:       10.00 MB reserved,       8.25 MB ( 82%) committed 
      Class space:        1.00 GB reserved,     896.00 KB ( <1%) committed 
             Both:        1.01 GB reserved,       9.12 MB ( <1%) committed 

Chunk freelists:
   Non-Class:  41.00 KB
       Class:  17.00 KB
        Both:  58.00 KB

MaxMetaspaceSize: 17179869184.00 GB
CompressedClassSpaceSize: 1.00 GB

CodeHeap 'non-profiled nmethods': size=120000Kb used=177Kb max_used=177Kb free=119822Kb
 bounds [0x0000023bf4780000, 0x0000023bf49f0000, 0x0000023bfbcb0000]
CodeHeap 'profiled nmethods': size=120000Kb used=1028Kb max_used=1028Kb free=118971Kb
 bounds [0x0000023bed250000, 0x0000023bed4c0000, 0x0000023bf4780000]
CodeHeap 'non-nmethods': size=5760Kb used=1134Kb max_used=1151Kb free=4625Kb
 bounds [0x0000023beccb0000, 0x0000023becf20000, 0x0000023bed250000]
 total_blobs=1021 nmethods=639 adapters=295
 compilation: enabled
              stopped_count=0, restarted_count=0
 full_count=0

Compilation events (20 events):
Event: 0.778 Thread 0x0000023b8401c0b0  553       3       java.lang.String::lastIndexOf (18 bytes)
Event: 0.778 Thread 0x0000023b8401c0b0 nmethod 553 0x0000023bed326e90 code [0x0000023bed327060, 0x0000023bed327328]
Event: 0.779 Thread 0x0000023b8401c0b0  555       1       java.lang.String::value (5 bytes)
Event: 0.779 Thread 0x0000023b8401c0b0 nmethod 555 0x0000023bf47a2a90 code [0x0000023bf47a2c20, 0x0000023bf47a2cd8]
Event: 0.784 Thread 0x0000023b8401c0b0  557       3       sun.security.util.DerInputStream::getDefiniteLength (21 bytes)
Event: 0.784 Thread 0x0000023b8401c0b0 nmethod 557 0x0000023bed327490 code [0x0000023bed327660, 0x0000023bed3279a8]
Event: 0.784 Thread 0x0000023b8401c0b0  558       3       sun.security.util.DerInputStream::getLength (9 bytes)
Event: 0.784 Thread 0x0000023b8401c0b0 nmethod 558 0x0000023bed327b10 code [0x0000023bed327cc0, 0x0000023bed327e98]
Event: 0.784 Thread 0x0000023b8401c0b0  559       3       java.util.Vector::<init> (7 bytes)
Event: 0.784 Thread 0x0000023b8401c0b0 nmethod 559 0x0000023bed327f90 code [0x0000023bed328140, 0x0000023bed328268]
Event: 0.785 Thread 0x0000023b8401c0b0  560       3       java.util.Vector::<init> (49 bytes)
Event: 0.785 Thread 0x0000023b8401c0b0 nmethod 560 0x0000023bed328310 code [0x0000023bed328560, 0x0000023bed328dd8]
Event: 0.785 Thread 0x0000023b8401c0b0  561       3       sun.security.util.ObjectIdentifier::check (80 bytes)
Event: 0.786 Thread 0x0000023b8401c0b0 nmethod 561 0x0000023bed329110 code [0x0000023bed329300, 0x0000023bed3297b8]
Event: 0.786 Thread 0x0000023b8401c0b0  562       3       java.io.OutputStream::write (9 bytes)
Event: 0.786 Thread 0x0000023b8401c0b0 nmethod 562 0x0000023bed329990 code [0x0000023bed329b40, 0x0000023bed329d08]
Event: 0.787 Thread 0x0000023b8401c0b0  563       3       java.lang.StringLatin1::regionMatchesCI (98 bytes)
Event: 0.787 Thread 0x0000023b8401c0b0 nmethod 563 0x0000023bed329e10 code [0x0000023bed32a040, 0x0000023bed32a778]
Event: 0.789 Thread 0x0000023b8401c0b0  565       3       java.math.BigInteger::bitLength (140 bytes)
Event: 0.789 Thread 0x0000023b8401c0b0 nmethod 565 0x0000023bed32ab10 code [0x0000023bed32ad00, 0x0000023bed32b238]

GC Heap History (0 events):
No events

Deoptimization events (20 events):
Event: 0.756 Thread 0x0000023be92916a0 DEOPT PACKING pc=0x0000023bed2d0abd sp=0x0000008c450fe070
Event: 0.756 Thread 0x0000023be92916a0 DEOPT UNPACKING pc=0x0000023beccfe23f sp=0x0000008c450fd528 mode 0
Event: 0.756 Thread 0x0000023be92916a0 DEOPT PACKING pc=0x0000023bed2d0abd sp=0x0000008c450fe070
Event: 0.756 Thread 0x0000023be92916a0 DEOPT UNPACKING pc=0x0000023beccfe23f sp=0x0000008c450fd528 mode 0
Event: 0.756 Thread 0x0000023be92916a0 DEOPT PACKING pc=0x0000023bed2d0888 sp=0x0000008c450fe070
Event: 0.756 Thread 0x0000023be92916a0 DEOPT UNPACKING pc=0x0000023beccfe23f sp=0x0000008c450fd528 mode 0
Event: 0.757 Thread 0x0000023be92916a0 DEOPT PACKING pc=0x0000023bed2d0888 sp=0x0000008c450fe070
Event: 0.757 Thread 0x0000023be92916a0 DEOPT UNPACKING pc=0x0000023beccfe23f sp=0x0000008c450fd528 mode 0
Event: 0.757 Thread 0x0000023be92916a0 DEOPT PACKING pc=0x0000023bed2d0888 sp=0x0000008c450fe070
Event: 0.757 Thread 0x0000023be92916a0 DEOPT UNPACKING pc=0x0000023beccfe23f sp=0x0000008c450fd528 mode 0
Event: 0.758 Thread 0x0000023be92916a0 DEOPT PACKING pc=0x0000023bed2d0abd sp=0x0000008c450fe070
Event: 0.758 Thread 0x0000023be92916a0 DEOPT UNPACKING pc=0x0000023beccfe23f sp=0x0000008c450fd528 mode 0
Event: 0.758 Thread 0x0000023be92916a0 DEOPT PACKING pc=0x0000023bed2d0abd sp=0x0000008c450fe070
Event: 0.758 Thread 0x0000023be92916a0 DEOPT UNPACKING pc=0x0000023beccfe23f sp=0x0000008c450fd528 mode 0
Event: 0.758 Thread 0x0000023be92916a0 DEOPT PACKING pc=0x0000023bed2d0abd sp=0x0000008c450fe070
Event: 0.758 Thread 0x0000023be92916a0 DEOPT UNPACKING pc=0x0000023beccfe23f sp=0x0000008c450fd528 mode 0
Event: 0.759 Thread 0x0000023be92916a0 DEOPT PACKING pc=0x0000023bed2d0abd sp=0x0000008c450fe070
Event: 0.759 Thread 0x0000023be92916a0 DEOPT UNPACKING pc=0x0000023beccfe23f sp=0x0000008c450fd528 mode 0
Event: 0.783 Thread 0x0000023be92916a0 DEOPT PACKING pc=0x0000023bed2817fa sp=0x0000008c450fe4f0
Event: 0.783 Thread 0x0000023be92916a0 DEOPT UNPACKING pc=0x0000023beccfe23f sp=0x0000008c450fd960 mode 0

Classes unloaded (0 events):
No events

Classes redefined (0 events):
No events

Internal exceptions (3 events):
Event: 0.364 Thread 0x0000023be92916a0 Exception <a 'java/lang/NoSuchMethodError'{0x000000008a07fa20}: 'void java.lang.invoke.DirectMethodHandle$Holder.invokeStatic(java.lang.Object, java.lang.Object)'> (0x000000008a07fa20) 
thrown [./open/src/hotspot/share/interpreter/linkResolver.cpp, line 782]
Event: 0.365 Thread 0x0000023be92916a0 Exception <a 'java/lang/NoSuchMethodError'{0x000000008a0836c8}: 'void java.lang.invoke.DirectMethodHandle$Holder.invokeStaticInit(java.lang.Object, java.lang.Object)'> (0x000000008a0836c8) 
thrown [./open/src/hotspot/share/interpreter/linkResolver.cpp, line 782]
Event: 0.665 Thread 0x0000023be92916a0 Exception <a 'java/lang/NoSuchMethodError'{0x0000000089d474b0}: 'void java.lang.invoke.DirectMethodHandle$Holder.invokeSpecial(java.lang.Object, java.lang.Object, java.lang.Object)'> (0x0000000089d474b0) 
thrown [./open/src/hotspot/share/interpreter/linkResolver.cpp, line 782]

Events (20 events):
Event: 0.718 loading class jdk/internal/reflect/MethodAccessorGenerator$1
Event: 0.718 loading class jdk/internal/reflect/MethodAccessorGenerator$1 done
Event: 0.718 loading class jdk/internal/reflect/ClassDefiner
Event: 0.718 loading class jdk/internal/reflect/ClassDefiner done
Event: 0.718 loading class jdk/internal/reflect/ClassDefiner$1
Event: 0.718 loading class jdk/internal/reflect/ClassDefiner$1 done
Event: 0.718 loading class jdk/internal/reflect/BootstrapConstructorAccessorImpl
Event: 0.719 loading class jdk/internal/reflect/BootstrapConstructorAccessorImpl done
Event: 0.779 loading class java/util/TreeSet
Event: 0.780 loading class java/util/NavigableSet
Event: 0.780 loading class java/util/SortedSet
Event: 0.780 loading class java/util/SortedSet done
Event: 0.780 loading class java/util/NavigableSet done
Event: 0.780 loading class java/util/TreeSet done
Event: 0.780 loading class java/util/TreeMap$KeySet
Event: 0.781 loading class java/util/TreeMap$KeySet done
Event: 0.781 loading class java/util/TreeMap$KeyIterator
Event: 0.781 loading class java/util/TreeMap$PrivateEntryIterator
Event: 0.781 loading class java/util/TreeMap$PrivateEntryIterator done
Event: 0.781 loading class java/util/TreeMap$KeyIterator done


Dynamic libraries:
0x00007ff613800000 - 0x00007ff61380d000 	C:\Users\brook\.p2\pool\plugins\org.eclipse.justj.openjdk.hotspot.jre.full.win32.x86_64_15.0.2.v20210201-0955\jre\bin\javaw.exe
0x00007ffc1cb30000 - 0x00007ffc1cd25000 	C:\WINDOWS\SYSTEM32\ntdll.dll
0x00007ffc1c270000 - 0x00007ffc1c32e000 	C:\WINDOWS\System32\KERNEL32.DLL
0x00007ffc1a350000 - 0x00007ffc1a619000 	C:\WINDOWS\System32\KERNELBASE.dll
0x00007ffc1a830000 - 0x00007ffc1a930000 	C:\WINDOWS\System32\ucrtbase.dll
0x00007ffc10800000 - 0x00007ffc10818000 	C:\Users\brook\.p2\pool\plugins\org.eclipse.justj.openjdk.hotspot.jre.full.win32.x86_64_15.0.2.v20210201-0955\jre\bin\jli.dll
0x00007ffc1af70000 - 0x00007ffc1b111000 	C:\WINDOWS\System32\USER32.dll
0x00007ffc1a250000 - 0x00007ffc1a272000 	C:\WINDOWS\System32\win32u.dll
0x00007ffc1c500000 - 0x00007ffc1c52b000 	C:\WINDOWS\System32\GDI32.dll
0x00007ffc1aa70000 - 0x00007ffc1ab7b000 	C:\WINDOWS\System32\gdi32full.dll
0x00007ffc1a2b0000 - 0x00007ffc1a34d000 	C:\WINDOWS\System32\msvcp_win.dll
0x00007ffc10820000 - 0x00007ffc10839000 	C:\Users\brook\.p2\pool\plugins\org.eclipse.justj.openjdk.hotspot.jre.full.win32.x86_64_15.0.2.v20210201-0955\jre\bin\VCRUNTIME140.dll
0x00007ffc040b0000 - 0x00007ffc0434a000 	C:\WINDOWS\WinSxS\amd64_microsoft.windows.common-controls_6595b64144ccf1df_6.0.19041.1110_none_60b5254171f9507e\COMCTL32.dll
0x00007ffc1c1d0000 - 0x00007ffc1c26e000 	C:\WINDOWS\System32\msvcrt.dll
0x00007ffc1cac0000 - 0x00007ffc1caf0000 	C:\WINDOWS\System32\IMM32.DLL
0x00007ffc11170000 - 0x00007ffc1117c000 	C:\Users\brook\.p2\pool\plugins\org.eclipse.justj.openjdk.hotspot.jre.full.win32.x86_64_15.0.2.v20210201-0955\jre\bin\vcruntime140_1.dll
0x00007ffc02320000 - 0x00007ffc023b1000 	C:\Users\brook\.p2\pool\plugins\org.eclipse.justj.openjdk.hotspot.jre.full.win32.x86_64_15.0.2.v20210201-0955\jre\bin\msvcp140.dll
0x00007ffbde8e0000 - 0x00007ffbdf43e000 	C:\Users\brook\.p2\pool\plugins\org.eclipse.justj.openjdk.hotspot.jre.full.win32.x86_64_15.0.2.v20210201-0955\jre\bin\server\jvm.dll
0x00007ffc1b1a0000 - 0x00007ffc1b24c000 	C:\WINDOWS\System32\ADVAPI32.dll
0x00007ffc1c330000 - 0x00007ffc1c3cb000 	C:\WINDOWS\System32\sechost.dll
0x00007ffc1c3d0000 - 0x00007ffc1c4fa000 	C:\WINDOWS\System32\RPCRT4.dll
0x00007ffc1b3e0000 - 0x00007ffc1b3e8000 	C:\WINDOWS\System32\PSAPI.DLL
0x00007ffc177b0000 - 0x00007ffc177b9000 	C:\WINDOWS\SYSTEM32\WSOCK32.dll
0x00007ffc1c0a0000 - 0x00007ffc1c10b000 	C:\WINDOWS\System32\WS2_32.dll
0x00007ffc14ad0000 - 0x00007ffc14af7000 	C:\WINDOWS\SYSTEM32\WINMM.dll
0x00007ffc12660000 - 0x00007ffc1266a000 	C:\WINDOWS\SYSTEM32\VERSION.dll
0x00007ffc18b00000 - 0x00007ffc18b12000 	C:\WINDOWS\SYSTEM32\kernel.appcore.dll
0x00007ffc162a0000 - 0x00007ffc162aa000 	C:\Users\brook\.p2\pool\plugins\org.eclipse.justj.openjdk.hotspot.jre.full.win32.x86_64_15.0.2.v20210201-0955\jre\bin\jimage.dll
0x00007ffc12960000 - 0x00007ffc12b44000 	C:\WINDOWS\SYSTEM32\DBGHELP.DLL
0x00007ffc12610000 - 0x00007ffc1263c000 	C:\WINDOWS\SYSTEM32\dbgcore.DLL
0x00007ffc1a9e0000 - 0x00007ffc1aa63000 	C:\WINDOWS\System32\bcryptPrimitives.dll
0x00007ffc11270000 - 0x00007ffc11295000 	C:\Users\brook\.p2\pool\plugins\org.eclipse.justj.openjdk.hotspot.jre.full.win32.x86_64_15.0.2.v20210201-0955\jre\bin\java.dll
0x00007ffc11180000 - 0x00007ffc11198000 	C:\Users\brook\.p2\pool\plugins\org.eclipse.justj.openjdk.hotspot.jre.full.win32.x86_64_15.0.2.v20210201-0955\jre\bin\zip.dll
0x00007ffc1b960000 - 0x00007ffc1c09f000 	C:\WINDOWS\System32\SHELL32.dll
0x00007ffc18300000 - 0x00007ffc18a90000 	C:\WINDOWS\SYSTEM32\windows.storage.dll
0x00007ffc1c760000 - 0x00007ffc1cab5000 	C:\WINDOWS\System32\combase.dll
0x00007ffc19c30000 - 0x00007ffc19c5c000 	C:\WINDOWS\SYSTEM32\Wldp.dll
0x00007ffc1ad30000 - 0x00007ffc1adde000 	C:\WINDOWS\System32\SHCORE.dll
0x00007ffc1b250000 - 0x00007ffc1b2a5000 	C:\WINDOWS\System32\shlwapi.dll
0x00007ffc1a190000 - 0x00007ffc1a1af000 	C:\WINDOWS\SYSTEM32\profapi.dll
0x00007ffc107d0000 - 0x00007ffc107e9000 	C:\Users\brook\.p2\pool\plugins\org.eclipse.justj.openjdk.hotspot.jre.full.win32.x86_64_15.0.2.v20210201-0955\jre\bin\net.dll
0x00007ffc10ab0000 - 0x00007ffc10bb8000 	C:\WINDOWS\SYSTEM32\WINHTTP.dll
0x00007ffc19930000 - 0x00007ffc1999a000 	C:\WINDOWS\system32\mswsock.dll
0x00007ffc10790000 - 0x00007ffc107a2000 	C:\Users\brook\.p2\pool\plugins\org.eclipse.justj.openjdk.hotspot.jre.full.win32.x86_64_15.0.2.v20210201-0955\jre\bin\nio.dll

dbghelp: loaded successfully - version: 4.0.5 - missing functions: none
symbol engine: initialized successfully - sym options: 0x614 - pdb path: .;C:\Users\brook\.p2\pool\plugins\org.eclipse.justj.openjdk.hotspot.jre.full.win32.x86_64_15.0.2.v20210201-0955\jre\bin;C:\WINDOWS\SYSTEM32;C:\WINDOWS\WinSxS\amd64_microsoft.windows.common-controls_6595b64144ccf1df_6.0.19041.1110_none_60b5254171f9507e;C:\Users\brook\.p2\pool\plugins\org.eclipse.justj.openjdk.hotspot.jre.full.win32.x86_64_15.0.2.v20210201-0955\jre\bin\server

VM Arguments:
jvm_args: -Dfile.encoding=Cp1252 --module-path=C:\Users\brook\.p2\pool\plugins\org.junit.jupiter.api_5.7.0.v20201026-1537.jar;C:\Users\brook\.p2\pool\plugins\org.junit.jupiter.engine_5.7.0.v20201026-1537.jar;C:\Users\brook\.p2\pool\plugins\org.junit.jupiter.migrationsupport_5.7.0.v20201026-1537.jar;C:\Users\brook\.p2\pool\plugins\org.junit.jupiter.params_5.7.0.v20201026-1537.jar;C:\Users\brook\.p2\pool\plugins\org.junit.platform.commons_1.7.0.v20201026-1537.jar;C:\Users\brook\.p2\pool\plugins\org.junit.platform.engine_1.7.0.v20201026-1537.jar;C:\Users\brook\.p2\pool\plugins\org.junit.platform.launcher_1.7.0.v20201026-1537.jar;C:\Users\brook\.p2\pool\plugins\org.junit.platform.runner_1.7.0.v20201026-1537.jar;C:\Users\brook\.p2\pool\plugins\org.junit.platform.suite.api_1.7.0.v20201026-1537.jar;C:\Users\brook\.p2\pool\plugins\org.junit.vintage.engine_5.7.0.v20201026-1537.jar;C:\Users\brook\.p2\pool\plugins\org.opentest4j_1.2.0.v20190826-0900.jar;C:\Users\brook\.p2\pool\plugins\org.apiguardian_1.1.0.v20190826-0900.jar;C:\Users\brook\.p2\pool\plugins\org.junit_4.13.0.v20200204-1500.jar;C:\Users\brook\.p2\pool\plugins\org.hamcrest.core_1.3.0.v20180420-1519.jar -XX:+ShowCodeDetailsInExceptionMessages 
java_command: app.Main
java_class_path (initial): C:\Users\brook\eclipse-workspace\groupproject\bin
Launcher Type: SUN_STANDARD

[Global flags]
     intx CICompilerCount                          = 4                                         {product} {ergonomic}
     uint ConcGCThreads                            = 2                                         {product} {ergonomic}
     uint G1ConcRefinementThreads                  = 8                                         {product} {ergonomic}
   size_t G1HeapRegionSize                         = 1048576                                   {product} {ergonomic}
    uintx GCDrainStackTargetSize                   = 64                                        {product} {ergonomic}
   size_t InitialHeapSize                          = 132120576                                 {product} {ergonomic}
   size_t MarkStackSize                            = 4194304                                   {product} {ergonomic}
   size_t MaxHeapSize                              = 2109734912                                {product} {ergonomic}
   size_t MaxNewSize                               = 1265631232                                {product} {ergonomic}
   size_t MinHeapDeltaBytes                        = 1048576                                   {product} {ergonomic}
   size_t MinHeapSize                              = 8388608                                   {product} {ergonomic}
    uintx NonNMethodCodeHeapSize                   = 5839372                                {pd product} {ergonomic}
    uintx NonProfiledCodeHeapSize                  = 122909434                              {pd product} {ergonomic}
    uintx ProfiledCodeHeapSize                     = 122909434                              {pd product} {ergonomic}
    uintx ReservedCodeCacheSize                    = 251658240                              {pd product} {ergonomic}
     bool SegmentedCodeCache                       = true                                      {product} {ergonomic}
     bool ShowCodeDetailsInExceptionMessages       = true                                   {manageable} {command line}
   size_t SoftMaxHeapSize                          = 2109734912                             {manageable} {ergonomic}
     bool UseCompressedClassPointers               = true                                 {lp64_product} {ergonomic}
     bool UseCompressedOops                        = true                                 {lp64_product} {ergonomic}
     bool UseG1GC                                  = true                                      {product} {ergonomic}
     bool UseLargePagesIndividualAllocation        = false                                  {pd product} {ergonomic}

Logging:
Log output configuration:
 #0: stdout all=warning uptime,level,tags
 #1: stderr all=off uptime,level,tags

Environment Variables:
PATH=C:/Users/brook/.p2/pool/plugins/org.eclipse.justj.openjdk.hotspot.jre.full.win32.x86_64_15.0.2.v20210201-0955/jre/bin/server;C:/Users/brook/.p2/pool/plugins/org.eclipse.justj.openjdk.hotspot.jre.full.win32.x86_64_15.0.2.v20210201-0955/jre/bin;C:\Program Files (x86)\Common Files\Oracle\Java\javapath;C:\WINDOWS\system32;C:\WINDOWS;C:\WINDOWS\System32\Wbem;C:\WINDOWS\System32\WindowsPowerShell\v1.0\;C:\WINDOWS\System32\OpenSSH\;C:\Program Files\PuTTY\;C:\Program Files\Git\cmd;C:\Users\brook\AppData\Local\Microsoft\WindowsApps;;C:\Users\brook\OneDrive - Victoria University of Wellington - STUDENT\Desktop;
USERNAME=brook
OS=Windows_NT
PROCESSOR_IDENTIFIER=Intel64 Family 6 Model 142 Stepping 11, GenuineIntel



---------------  S Y S T E M  ---------------

OS:
 Windows 10 , 64 bit Build 19041 (10.0.19041.1202)
OS uptime: 5 days 21:31 hours

CPU: total 8 (initial active 8) (4 cores per cpu, 2 threads per core) family 6 model 142 stepping 11 microcode 0xae, cmov, cx8, fxsr, mmx, sse, sse2, sse3, ssse3, sse4.1, sse4.2, popcnt, vzeroupper, avx, avx2, aes, clmul, erms, 3dnowpref, lzcnt, ht, tsc, tscinvbit, bmi1, bmi2, adx, fma, clflush, clflushopt

Memory: 4k page, system-wide physical 8042M (759M free)
TotalPageFile size 32618M (AvailPageFile size 5M)
current process WorkingSet (physical memory assigned to process): 55M, peak: 55M
current process commit charge ("private bytes"): 213M, peak: 213M

vm_info: OpenJDK 64-Bit Server VM (15.0.2+7-27) for windows-amd64 JRE (15.0.2+7-27), built on Dec  7 2020 20:02:38 by "mach5one" with unknown MS VC++:1925

END.
