#
# There is insufficient memory for the Java Runtime Environment to continue.
# Native memory allocation (mmap) failed to map 200278016 bytes for G1 virtual space
# Possible reasons:
#   The system is out of physical RAM or swap space
#   The process is running with CompressedOops enabled, and the Java Heap may be blocking the growth of the native heap
# Possible solutions:
#   Reduce memory load on the system
#   Increase physical memory or swap space
#   Check if swap backing store is full
#   Decrease Java heap size (-Xmx/-Xms)
#   Decrease number of Java threads
#   Decrease Java thread stack sizes (-Xss)
#   Set larger code cache with -XX:ReservedCodeCacheSize=
#   JVM is running with Unscaled Compressed Oops mode in which the Java heap is
#     placed in the first 4GB address space. The Java Heap base address is the
#     maximum limit for the native heap growth. Please use -XX:HeapBaseMinAddress
#     to set the Java Heap base and to place the Java Heap above 4GB virtual address.
# This output file may be truncated or incomplete.
#
#  Out of Memory Error (./open/src/hotspot/os/windows/os_windows.cpp:3321), pid=26908, tid=12472
#
# JRE version: OpenJDK Runtime Environment (15.0.2+7) (build 15.0.2+7-27)
# Java VM: OpenJDK 64-Bit Server VM (15.0.2+7-27, mixed mode, tiered, compressed oops, g1 gc, windows-amd64)
# No core dump will be written. Minidumps are not enabled by default on client versions of Windows
#

---------------  S U M M A R Y ------------

Command Line: -Dfile.encoding=Cp1252 -XX:+ShowCodeDetailsInExceptionMessages app.Main

Host: Intel(R) Core(TM) i5-8265U CPU @ 1.60GHz, 8 cores, 7G,  Windows 10 , 64 bit Build 19041 (10.0.19041.1202)
Time: Mon Sep 20 17:20:19 2021 New Zealand Standard Time elapsed time: 0.623317 seconds (0d 0h 0m 0s)

---------------  T H R E A D  ---------------

Current thread (0x0000024e771e1fe0):  VMThread "VM Thread" [stack: 0x000000eedb500000,0x000000eedb600000] [id=12472]

Stack: [0x000000eedb500000,0x000000eedb600000]
[error occurred during error reporting (printing stack bounds), id 0xc0000005, EXCEPTION_ACCESS_VIOLATION (0xc0000005) at pc=0x0000024e601710ad]

Native frames: (J=compiled Java code, j=interpreted, Vv=VM code, C=native code)
V  [jvm.dll+0x62ae9a]
V  [jvm.dll+0x7817a9]
V  [jvm.dll+0x782f03]
V  [jvm.dll+0x7834c5]
V  [jvm.dll+0x78347b]
V  [jvm.dll+0x62a2b9]
V  [jvm.dll+0x62aa88]
C  [ntdll.dll+0xa20cf]
C  [ntdll.dll+0x51454]
C  [ntdll.dll+0xa0bfe]
C  0x0000024e601710ad

VM_Operation (0x000000eedaffe9f0): G1TryInitiateConcMark, mode: safepoint, requested by thread 0x0000024e5c74f810


---------------  P R O C E S S  ---------------

Threads class SMR info:
_java_thread_list=0x0000024e774b4b40, length=12, elements={
0x0000024e5c74f810, 0x0000024e7721a020, 0x0000024e7721a9d0, 0x0000024e7723b240,
0x0000024e7723db10, 0x0000024e7723e3d0, 0x0000024e772484d0, 0x0000024e7724c3c0,
0x0000024e7724edc0, 0x0000024e773cc4c0, 0x0000024e773dc560, 0x0000024e778e99b0
}

Java Threads: ( => current thread )
  0x0000024e5c74f810 JavaThread "main" [_thread_blocked, id=19348, stack(0x000000eedaf00000,0x000000eedb000000)]
  0x0000024e7721a020 JavaThread "Reference Handler" daemon [_thread_blocked, id=26776, stack(0x000000eedb600000,0x000000eedb700000)]
  0x0000024e7721a9d0 JavaThread "Finalizer" daemon [_thread_blocked, id=20252, stack(0x000000eedb700000,0x000000eedb800000)]
  0x0000024e7723b240 JavaThread "Signal Dispatcher" daemon [_thread_blocked, id=25516, stack(0x000000eedb800000,0x000000eedb900000)]
  0x0000024e7723db10 JavaThread "Attach Listener" daemon [_thread_blocked, id=23420, stack(0x000000eedb900000,0x000000eedba00000)]
  0x0000024e7723e3d0 JavaThread "Service Thread" daemon [_thread_blocked, id=27256, stack(0x000000eedba00000,0x000000eedbb00000)]
  0x0000024e772484d0 JavaThread "C2 CompilerThread0" daemon [_thread_blocked, id=17232, stack(0x000000eedbb00000,0x000000eedbc00000)]
  0x0000024e7724c3c0 JavaThread "C1 CompilerThread0" daemon [_thread_blocked, id=9368, stack(0x000000eedbc00000,0x000000eedbd00000)]
  0x0000024e7724edc0 JavaThread "Sweeper thread" daemon [_thread_blocked, id=20616, stack(0x000000eedbd00000,0x000000eedbe00000)]
  0x0000024e773cc4c0 JavaThread "Notification Thread" daemon [_thread_blocked, id=14752, stack(0x000000eedbe00000,0x000000eedbf00000)]
  0x0000024e773dc560 JavaThread "Common-Cleaner" daemon [_thread_blocked, id=23468, stack(0x000000eedc000000,0x000000eedc100000)]
  0x0000024e778e99b0 JavaThread "Java2D Disposer" daemon [_thread_blocked, id=27036, stack(0x000000eedc100000,0x000000eedc200000)]

Other Threads:
=>0x0000024e771e1fe0 VMThread "VM Thread" [stack: 0x000000eedb500000,0x000000eedb600000] [id=12472]
  0x0000024e773cc990 WatcherThread [stack: 0x000000eedbf00000,0x000000eedc000000] [id=25784]
  0x0000024e5c78e6c0 GCTaskThread "GC Thread#0" [stack: 0x000000eedb000000,0x000000eedb100000] [id=26396]
  0x0000024e778efbf0 GCTaskThread "GC Thread#1" [stack: 0x000000eedc200000,0x000000eedc300000] [id=24680]
  0x0000024e778f0250 GCTaskThread "GC Thread#2" [stack: 0x000000eedc300000,0x000000eedc400000] [id=15356]
  0x0000024e778ef590 GCTaskThread "GC Thread#3" [stack: 0x000000eedc500000,0x000000eedc600000] [id=144]
  0x0000024e5c7a14b0 ConcurrentGCThread "G1 Main Marker" [stack: 0x000000eedb100000,0x000000eedb200000] [id=23672]
  0x0000024e5c7a2840 ConcurrentGCThread "G1 Conc#0" [stack: 0x000000eedb200000,0x000000eedb300000] [id=5152]
  0x0000024e778ef8c0 ConcurrentGCThread "G1 Conc#1" [stack: 0x000000eedc400000,0x000000eedc500000] [id=13276]
  0x0000024e5c82e010 ConcurrentGCThread "G1 Refine#0" [stack: 0x000000eedb300000,0x000000eedb400000] [id=24992]
  0x0000024e5c82eb10 ConcurrentGCThread "G1 Young RemSet Sampling" [stack: 0x000000eedb400000,0x000000eedb500000] [id=15316]

Threads with active compile tasks:
C1 CompilerThread0      718  432       3       java.util.LinkedList::unlinkFirst (64 bytes)

VM state: at safepoint (normal execution)

VM Mutex/Monitor currently owned by a thread:  ([mutex/lock_event])
[0x0000024e5c74b350] Threads_lock - owner thread: 0x0000024e771e1fe0
[0x0000024e5c749df0] Heap_lock - owner thread: 0x0000024e5c74f810

Heap address: 0x0000000082400000, size: 2012 MB, Compressed Oops mode: 32-bit
CDS disabled.
Compressed class space mapped at: 0x0000000100000000-0x0000000140000000, size: 1073741824
Narrow klass base: 0x0000000000000000, Narrow klass shift: 3, Narrow klass range: 0x140000000

GC Precious Log:
 CPUs: 8 total, 8 available
 Memory: 8042M
 Large Page Support: Disabled
 NUMA Support: Disabled
 Compressed Oops: Enabled (32-bit)
 Heap Region Size: 1M
 Heap Min Capacity: 8M
 Heap Initial Capacity: 126M
 Heap Max Capacity: 2012M
 Pre-touch: Disabled
 Parallel Workers: 8
 Concurrent Workers: 2
 Concurrent Refinement Workers: 8
 Periodic GC: Disabled

Heap:
 garbage-first heap   total 397312K, used 97248K [0x0000000082400000, 0x0000000100000000)
  region size 1024K, 1 young (1024K), 1 survivors (1024K)
 Metaspace       used 7913K, capacity 8045K, committed 8192K, reserved 1056768K
  class space    used 673K, capacity 717K, committed 768K, reserved 1048576K

Heap Regions: E=young(eden), S=young(survivor), O=old, HS=humongous(starts), HC=humongous(continues), CS=collection set, F=free, OA=open archive, CA=closed archive, TAMS=top-at-mark-start (previous, next)
|   0|0x0000000082400000, 0x0000000082500000, 0x0000000082500000|100%|HS|  |TAMS 0x0000000082500000, 0x0000000082500000| Complete 
|   1|0x0000000082500000, 0x0000000082600000, 0x0000000082600000|100%|HC|  |TAMS 0x0000000082600000, 0x0000000082600000| Complete 
|   2|0x0000000082600000, 0x0000000082700000, 0x0000000082700000|100%|HS|  |TAMS 0x0000000082700000, 0x0000000082700000| Complete 
|   3|0x0000000082700000, 0x0000000082800000, 0x0000000082800000|100%|HC|  |TAMS 0x0000000082800000, 0x0000000082800000| Complete 
|   4|0x0000000082800000, 0x0000000082900000, 0x0000000082900000|100%|HS|  |TAMS 0x0000000082900000, 0x0000000082900000| Complete 
|   5|0x0000000082900000, 0x0000000082a00000, 0x0000000082a00000|100%|HC|  |TAMS 0x0000000082a00000, 0x0000000082a00000| Complete 
|   6|0x0000000082a00000, 0x0000000082b00000, 0x0000000082b00000|100%|HS|  |TAMS 0x0000000082b00000, 0x0000000082b00000| Complete 
|   7|0x0000000082b00000, 0x0000000082c00000, 0x0000000082c00000|100%|HC|  |TAMS 0x0000000082c00000, 0x0000000082c00000| Complete 
|   8|0x0000000082c00000, 0x0000000082d00000, 0x0000000082d00000|100%|HS|  |TAMS 0x0000000082d00000, 0x0000000082d00000| Complete 
|   9|0x0000000082d00000, 0x0000000082e00000, 0x0000000082e00000|100%|HC|  |TAMS 0x0000000082e00000, 0x0000000082e00000| Complete 
|  10|0x0000000082e00000, 0x0000000082f00000, 0x0000000082f00000|100%|HS|  |TAMS 0x0000000082f00000, 0x0000000082f00000| Complete 
|  11|0x0000000082f00000, 0x0000000083000000, 0x0000000083000000|100%|HC|  |TAMS 0x0000000083000000, 0x0000000083000000| Complete 
|  12|0x0000000083000000, 0x0000000083100000, 0x0000000083100000|100%|HS|  |TAMS 0x0000000083100000, 0x0000000083100000| Complete 
|  13|0x0000000083100000, 0x0000000083200000, 0x0000000083200000|100%|HC|  |TAMS 0x0000000083200000, 0x0000000083200000| Complete 
|  14|0x0000000083200000, 0x0000000083300000, 0x0000000083300000|100%|HS|  |TAMS 0x0000000083300000, 0x0000000083300000| Complete 
|  15|0x0000000083300000, 0x0000000083400000, 0x0000000083400000|100%|HC|  |TAMS 0x0000000083400000, 0x0000000083400000| Complete 
|  16|0x0000000083400000, 0x0000000083500000, 0x0000000083500000|100%|HS|  |TAMS 0x0000000083500000, 0x0000000083500000| Complete 
|  17|0x0000000083500000, 0x0000000083600000, 0x0000000083600000|100%|HC|  |TAMS 0x0000000083600000, 0x0000000083600000| Complete 
|  18|0x0000000083600000, 0x0000000083700000, 0x0000000083700000|100%|HS|  |TAMS 0x0000000083700000, 0x0000000083700000| Complete 
|  19|0x0000000083700000, 0x0000000083800000, 0x0000000083800000|100%|HC|  |TAMS 0x0000000083800000, 0x0000000083800000| Complete 
|  20|0x0000000083800000, 0x0000000083900000, 0x0000000083900000|100%|HS|  |TAMS 0x0000000083900000, 0x0000000083900000| Complete 
|  21|0x0000000083900000, 0x0000000083a00000, 0x0000000083a00000|100%|HC|  |TAMS 0x0000000083a00000, 0x0000000083a00000| Complete 
|  22|0x0000000083a00000, 0x0000000083b00000, 0x0000000083b00000|100%|HS|  |TAMS 0x0000000083b00000, 0x0000000083b00000| Complete 
|  23|0x0000000083b00000, 0x0000000083c00000, 0x0000000083c00000|100%|HC|  |TAMS 0x0000000083c00000, 0x0000000083c00000| Complete 
|  24|0x0000000083c00000, 0x0000000083d00000, 0x0000000083d00000|100%|HS|  |TAMS 0x0000000083d00000, 0x0000000083d00000| Complete 
|  25|0x0000000083d00000, 0x0000000083e00000, 0x0000000083e00000|100%|HC|  |TAMS 0x0000000083e00000, 0x0000000083e00000| Complete 
|  26|0x0000000083e00000, 0x0000000083f00000, 0x0000000083f00000|100%|HS|  |TAMS 0x0000000083f00000, 0x0000000083f00000| Complete 
|  27|0x0000000083f00000, 0x0000000084000000, 0x0000000084000000|100%|HC|  |TAMS 0x0000000084000000, 0x0000000084000000| Complete 
|  28|0x0000000084000000, 0x0000000084100000, 0x0000000084100000|100%|HS|  |TAMS 0x0000000084100000, 0x0000000084100000| Complete 
|  29|0x0000000084100000, 0x0000000084200000, 0x0000000084200000|100%|HC|  |TAMS 0x0000000084200000, 0x0000000084200000| Complete 
|  30|0x0000000084200000, 0x0000000084300000, 0x0000000084300000|100%|HS|  |TAMS 0x0000000084300000, 0x0000000084300000| Complete 
|  31|0x0000000084300000, 0x0000000084400000, 0x0000000084400000|100%|HC|  |TAMS 0x0000000084400000, 0x0000000084400000| Complete 
|  32|0x0000000084400000, 0x0000000084500000, 0x0000000084500000|100%|HS|  |TAMS 0x0000000084500000, 0x0000000084500000| Complete 
|  33|0x0000000084500000, 0x0000000084600000, 0x0000000084600000|100%|HC|  |TAMS 0x0000000084600000, 0x0000000084600000| Complete 
|  34|0x0000000084600000, 0x0000000084700000, 0x0000000084700000|100%|HS|  |TAMS 0x0000000084700000, 0x0000000084700000| Complete 
|  35|0x0000000084700000, 0x0000000084800000, 0x0000000084800000|100%|HC|  |TAMS 0x0000000084800000, 0x0000000084800000| Complete 
|  36|0x0000000084800000, 0x0000000084900000, 0x0000000084900000|100%|HS|  |TAMS 0x0000000084900000, 0x0000000084900000| Complete 
|  37|0x0000000084900000, 0x0000000084a00000, 0x0000000084a00000|100%|HC|  |TAMS 0x0000000084a00000, 0x0000000084a00000| Complete 
|  38|0x0000000084a00000, 0x0000000084b00000, 0x0000000084b00000|100%|HS|  |TAMS 0x0000000084b00000, 0x0000000084b00000| Complete 
|  39|0x0000000084b00000, 0x0000000084c00000, 0x0000000084c00000|100%|HC|  |TAMS 0x0000000084c00000, 0x0000000084c00000| Complete 
|  40|0x0000000084c00000, 0x0000000084d00000, 0x0000000084d00000|100%|HS|  |TAMS 0x0000000084d00000, 0x0000000084d00000| Complete 
|  41|0x0000000084d00000, 0x0000000084e00000, 0x0000000084e00000|100%|HC|  |TAMS 0x0000000084e00000, 0x0000000084e00000| Complete 
|  42|0x0000000084e00000, 0x0000000084f00000, 0x0000000084f00000|100%|HS|  |TAMS 0x0000000084f00000, 0x0000000084f00000| Complete 
|  43|0x0000000084f00000, 0x0000000085000000, 0x0000000085000000|100%|HC|  |TAMS 0x0000000085000000, 0x0000000085000000| Complete 
|  44|0x0000000085000000, 0x0000000085100000, 0x0000000085100000|100%|HS|  |TAMS 0x0000000085100000, 0x0000000085100000| Complete 
|  45|0x0000000085100000, 0x0000000085200000, 0x0000000085200000|100%|HC|  |TAMS 0x0000000085200000, 0x0000000085200000| Complete 
|  46|0x0000000085200000, 0x0000000085300000, 0x0000000085300000|100%|HS|  |TAMS 0x0000000085300000, 0x0000000085300000| Complete 
|  47|0x0000000085300000, 0x0000000085400000, 0x0000000085400000|100%|HC|  |TAMS 0x0000000085400000, 0x0000000085400000| Complete 
|  48|0x0000000085400000, 0x0000000085500000, 0x0000000085500000|100%|HS|  |TAMS 0x0000000085500000, 0x0000000085500000| Complete 
|  49|0x0000000085500000, 0x0000000085600000, 0x0000000085600000|100%|HC|  |TAMS 0x0000000085600000, 0x0000000085600000| Complete 
|  50|0x0000000085600000, 0x0000000085700000, 0x0000000085700000|100%|HS|  |TAMS 0x0000000085700000, 0x0000000085700000| Complete 
|  51|0x0000000085700000, 0x0000000085800000, 0x0000000085800000|100%|HC|  |TAMS 0x0000000085800000, 0x0000000085800000| Complete 
|  52|0x0000000085800000, 0x0000000085900000, 0x0000000085900000|100%|HS|  |TAMS 0x0000000085900000, 0x0000000085900000| Complete 
|  53|0x0000000085900000, 0x0000000085a00000, 0x0000000085a00000|100%|HC|  |TAMS 0x0000000085a00000, 0x0000000085a00000| Complete 
|  54|0x0000000085a00000, 0x0000000085b00000, 0x0000000085b00000|100%|HS|  |TAMS 0x0000000085b00000, 0x0000000085b00000| Complete 
|  55|0x0000000085b00000, 0x0000000085c00000, 0x0000000085c00000|100%|HC|  |TAMS 0x0000000085c00000, 0x0000000085c00000| Complete 
|  56|0x0000000085c00000, 0x0000000085d00000, 0x0000000085d00000|100%|HS|  |TAMS 0x0000000085d00000, 0x0000000085d00000| Complete 
|  57|0x0000000085d00000, 0x0000000085e00000, 0x0000000085e00000|100%|HC|  |TAMS 0x0000000085e00000, 0x0000000085e00000| Complete 
|  58|0x0000000085e00000, 0x0000000085f00000, 0x0000000085f00000|100%|HS|  |TAMS 0x0000000085f00000, 0x0000000085f00000| Complete 
|  59|0x0000000085f00000, 0x0000000086000000, 0x0000000086000000|100%|HC|  |TAMS 0x0000000086000000, 0x0000000086000000| Complete 
|  60|0x0000000086000000, 0x0000000086100000, 0x0000000086100000|100%|HS|  |TAMS 0x0000000086100000, 0x0000000086100000| Complete 
|  61|0x0000000086100000, 0x0000000086200000, 0x0000000086200000|100%|HC|  |TAMS 0x0000000086200000, 0x0000000086200000| Complete 
|  62|0x0000000086200000, 0x0000000086300000, 0x0000000086300000|100%|HS|  |TAMS 0x0000000086300000, 0x0000000086300000| Complete 
|  63|0x0000000086300000, 0x0000000086400000, 0x0000000086400000|100%|HC|  |TAMS 0x0000000086400000, 0x0000000086400000| Complete 
|  64|0x0000000086400000, 0x0000000086500000, 0x0000000086500000|100%|HS|  |TAMS 0x0000000086500000, 0x0000000086500000| Complete 
|  65|0x0000000086500000, 0x0000000086600000, 0x0000000086600000|100%|HC|  |TAMS 0x0000000086600000, 0x0000000086600000| Complete 
|  66|0x0000000086600000, 0x0000000086700000, 0x0000000086700000|100%|HS|  |TAMS 0x0000000086700000, 0x0000000086700000| Complete 
|  67|0x0000000086700000, 0x0000000086800000, 0x0000000086800000|100%|HC|  |TAMS 0x0000000086800000, 0x0000000086800000| Complete 
|  68|0x0000000086800000, 0x0000000086900000, 0x0000000086900000|100%|HS|  |TAMS 0x0000000086900000, 0x0000000086900000| Complete 
|  69|0x0000000086900000, 0x0000000086a00000, 0x0000000086a00000|100%|HC|  |TAMS 0x0000000086a00000, 0x0000000086a00000| Complete 
|  70|0x0000000086a00000, 0x0000000086b00000, 0x0000000086b00000|100%|HS|  |TAMS 0x0000000086b00000, 0x0000000086b00000| Complete 
|  71|0x0000000086b00000, 0x0000000086c00000, 0x0000000086c00000|100%|HC|  |TAMS 0x0000000086c00000, 0x0000000086c00000| Complete 
|  72|0x0000000086c00000, 0x0000000086d00000, 0x0000000086d00000|100%|HS|  |TAMS 0x0000000086d00000, 0x0000000086d00000| Complete 
|  73|0x0000000086d00000, 0x0000000086e00000, 0x0000000086e00000|100%|HC|  |TAMS 0x0000000086e00000, 0x0000000086e00000| Complete 
|  74|0x0000000086e00000, 0x0000000086f00000, 0x0000000086f00000|100%|HS|  |TAMS 0x0000000086f00000, 0x0000000086f00000| Complete 
|  75|0x0000000086f00000, 0x0000000087000000, 0x0000000087000000|100%|HC|  |TAMS 0x0000000087000000, 0x0000000087000000| Complete 
|  76|0x0000000087000000, 0x0000000087100000, 0x0000000087100000|100%|HS|  |TAMS 0x0000000087100000, 0x0000000087100000| Complete 
|  77|0x0000000087100000, 0x0000000087200000, 0x0000000087200000|100%|HC|  |TAMS 0x0000000087200000, 0x0000000087200000| Complete 
|  78|0x0000000087200000, 0x0000000087300000, 0x0000000087300000|100%|HS|  |TAMS 0x0000000087300000, 0x0000000087300000| Complete 
|  79|0x0000000087300000, 0x0000000087400000, 0x0000000087400000|100%|HC|  |TAMS 0x0000000087400000, 0x0000000087400000| Complete 
|  80|0x0000000087400000, 0x0000000087500000, 0x0000000087500000|100%|HS|  |TAMS 0x0000000087500000, 0x0000000087500000| Complete 
|  81|0x0000000087500000, 0x0000000087600000, 0x0000000087600000|100%|HC|  |TAMS 0x0000000087600000, 0x0000000087600000| Complete 
|  82|0x0000000087600000, 0x0000000087700000, 0x0000000087700000|100%|HS|  |TAMS 0x0000000087700000, 0x0000000087700000| Complete 
|  83|0x0000000087700000, 0x0000000087800000, 0x0000000087800000|100%|HC|  |TAMS 0x0000000087800000, 0x0000000087800000| Complete 
|  84|0x0000000087800000, 0x0000000087900000, 0x0000000087900000|100%|HS|  |TAMS 0x0000000087900000, 0x0000000087900000| Complete 
|  85|0x0000000087900000, 0x0000000087a00000, 0x0000000087a00000|100%|HC|  |TAMS 0x0000000087a00000, 0x0000000087a00000| Complete 
|  86|0x0000000087a00000, 0x0000000087b00000, 0x0000000087b00000|100%|HS|  |TAMS 0x0000000087b00000, 0x0000000087b00000| Complete 
|  87|0x0000000087b00000, 0x0000000087c00000, 0x0000000087c00000|100%|HC|  |TAMS 0x0000000087c00000, 0x0000000087c00000| Complete 
|  88|0x0000000087c00000, 0x0000000087d00000, 0x0000000087d00000|100%|HS|  |TAMS 0x0000000087d00000, 0x0000000087d00000| Complete 
|  89|0x0000000087d00000, 0x0000000087e00000, 0x0000000087e00000|100%|HC|  |TAMS 0x0000000087e00000, 0x0000000087e00000| Complete 
|  90|0x0000000087e00000, 0x0000000087f00000, 0x0000000087f00000|100%|HS|  |TAMS 0x0000000087f00000, 0x0000000087f00000| Complete 
|  91|0x0000000087f00000, 0x0000000088000000, 0x0000000088000000|100%|HC|  |TAMS 0x0000000088000000, 0x0000000088000000| Complete 
|  92|0x0000000088000000, 0x0000000088100000, 0x0000000088100000|100%|HS|  |TAMS 0x0000000088000000, 0x0000000088100000| Complete 
|  93|0x0000000088100000, 0x0000000088200000, 0x0000000088200000|100%|HC|  |TAMS 0x0000000088100000, 0x0000000088200000| Complete 
|  94|0x0000000088200000, 0x0000000088200000, 0x0000000088300000|  0%| F|  |TAMS 0x0000000088200000, 0x0000000088200000| Untracked 
|  95|0x0000000088300000, 0x0000000088300000, 0x0000000088400000|  0%| F|  |TAMS 0x0000000088300000, 0x0000000088300000| Untracked 
|  96|0x0000000088400000, 0x0000000088400000, 0x0000000088500000|  0%| F|  |TAMS 0x0000000088400000, 0x0000000088400000| Untracked 
|  97|0x0000000088500000, 0x0000000088500000, 0x0000000088600000|  0%| F|  |TAMS 0x0000000088500000, 0x0000000088500000| Untracked 
|  98|0x0000000088600000, 0x0000000088600000, 0x0000000088700000|  0%| F|  |TAMS 0x0000000088600000, 0x0000000088600000| Untracked 
|  99|0x0000000088700000, 0x0000000088700000, 0x0000000088800000|  0%| F|  |TAMS 0x0000000088700000, 0x0000000088700000| Untracked 
| 100|0x0000000088800000, 0x0000000088800000, 0x0000000088900000|  0%| F|  |TAMS 0x0000000088800000, 0x0000000088800000| Untracked 
| 101|0x0000000088900000, 0x0000000088900000, 0x0000000088a00000|  0%| F|  |TAMS 0x0000000088900000, 0x0000000088900000| Untracked 
| 102|0x0000000088a00000, 0x0000000088a00000, 0x0000000088b00000|  0%| F|  |TAMS 0x0000000088a00000, 0x0000000088a00000| Untracked 
| 103|0x0000000088b00000, 0x0000000088b00000, 0x0000000088c00000|  0%| F|  |TAMS 0x0000000088b00000, 0x0000000088b00000| Untracked 
| 104|0x0000000088c00000, 0x0000000088c00000, 0x0000000088d00000|  0%| F|  |TAMS 0x0000000088c00000, 0x0000000088c00000| Untracked 
| 105|0x0000000088d00000, 0x0000000088d00000, 0x0000000088e00000|  0%| F|  |TAMS 0x0000000088d00000, 0x0000000088d00000| Untracked 
| 106|0x0000000088e00000, 0x0000000088e00000, 0x0000000088f00000|  0%| F|  |TAMS 0x0000000088e00000, 0x0000000088e00000| Untracked 
| 107|0x0000000088f00000, 0x0000000088f00000, 0x0000000089000000|  0%| F|  |TAMS 0x0000000088f00000, 0x0000000088f00000| Untracked 
| 108|0x0000000089000000, 0x0000000089000000, 0x0000000089100000|  0%| F|  |TAMS 0x0000000089000000, 0x0000000089000000| Untracked 
| 109|0x0000000089100000, 0x0000000089100000, 0x0000000089200000|  0%| F|  |TAMS 0x0000000089100000, 0x0000000089100000| Untracked 
| 110|0x0000000089200000, 0x0000000089200000, 0x0000000089300000|  0%| F|  |TAMS 0x0000000089200000, 0x0000000089200000| Untracked 
| 111|0x0000000089300000, 0x0000000089300000, 0x0000000089400000|  0%| F|  |TAMS 0x0000000089300000, 0x0000000089300000| Untracked 
| 112|0x0000000089400000, 0x0000000089400000, 0x0000000089500000|  0%| F|  |TAMS 0x0000000089400000, 0x0000000089400000| Untracked 
| 113|0x0000000089500000, 0x0000000089500000, 0x0000000089600000|  0%| F|  |TAMS 0x0000000089500000, 0x0000000089500000| Untracked 
| 114|0x0000000089600000, 0x0000000089600000, 0x0000000089700000|  0%| F|  |TAMS 0x0000000089600000, 0x0000000089600000| Untracked 
| 115|0x0000000089700000, 0x0000000089700000, 0x0000000089800000|  0%| F|  |TAMS 0x0000000089700000, 0x0000000089700000| Untracked 
| 116|0x0000000089800000, 0x0000000089800000, 0x0000000089900000|  0%| F|  |TAMS 0x0000000089800000, 0x0000000089800000| Untracked 
| 117|0x0000000089900000, 0x0000000089900000, 0x0000000089a00000|  0%| F|  |TAMS 0x0000000089900000, 0x0000000089900000| Untracked 
| 118|0x0000000089a00000, 0x0000000089a00000, 0x0000000089b00000|  0%| F|  |TAMS 0x0000000089a00000, 0x0000000089a00000| Untracked 
| 119|0x0000000089b00000, 0x0000000089b00000, 0x0000000089c00000|  0%| F|  |TAMS 0x0000000089b00000, 0x0000000089b00000| Untracked 
| 120|0x0000000089c00000, 0x0000000089c00000, 0x0000000089d00000|  0%| F|  |TAMS 0x0000000089c00000, 0x0000000089c00000| Untracked 
| 121|0x0000000089d00000, 0x0000000089d00000, 0x0000000089e00000|  0%| F|  |TAMS 0x0000000089d00000, 0x0000000089d00000| Untracked 
| 122|0x0000000089e00000, 0x0000000089e00000, 0x0000000089f00000|  0%| F|  |TAMS 0x0000000089e00000, 0x0000000089e00000| Untracked 
| 123|0x0000000089f00000, 0x0000000089f00000, 0x000000008a000000|  0%| F|  |TAMS 0x0000000089f00000, 0x0000000089f00000| Untracked 
| 124|0x000000008a000000, 0x000000008a000000, 0x000000008a100000|  0%| F|  |TAMS 0x000000008a000000, 0x000000008a000000| Untracked 
| 125|0x000000008a100000, 0x000000008a100000, 0x000000008a200000|  0%| F|  |TAMS 0x000000008a100000, 0x000000008a100000| Untracked 
| 126|0x000000008a200000, 0x000000008a200000, 0x000000008a300000|  0%| F|  |TAMS 0x000000008a200000, 0x000000008a200000| Untracked 
| 127|0x000000008a300000, 0x000000008a300000, 0x000000008a400000|  0%| F|  |TAMS 0x000000008a300000, 0x000000008a300000| Untracked 
| 128|0x000000008a400000, 0x000000008a400000, 0x000000008a500000|  0%| F|  |TAMS 0x000000008a400000, 0x000000008a400000| Untracked 
| 129|0x000000008a500000, 0x000000008a500000, 0x000000008a600000|  0%| F|  |TAMS 0x000000008a500000, 0x000000008a500000| Untracked 
| 130|0x000000008a600000, 0x000000008a600000, 0x000000008a700000|  0%| F|  |TAMS 0x000000008a600000, 0x000000008a600000| Untracked 
| 131|0x000000008a700000, 0x000000008a700000, 0x000000008a800000|  0%| F|  |TAMS 0x000000008a700000, 0x000000008a700000| Untracked 
| 132|0x000000008a800000, 0x000000008a800000, 0x000000008a900000|  0%| F|  |TAMS 0x000000008a800000, 0x000000008a800000| Untracked 
| 133|0x000000008a900000, 0x000000008a900000, 0x000000008aa00000|  0%| F|  |TAMS 0x000000008a900000, 0x000000008a900000| Untracked 
| 134|0x000000008aa00000, 0x000000008aa00000, 0x000000008ab00000|  0%| F|  |TAMS 0x000000008aa00000, 0x000000008aa00000| Untracked 
| 135|0x000000008ab00000, 0x000000008ab00000, 0x000000008ac00000|  0%| F|  |TAMS 0x000000008ab00000, 0x000000008ab00000| Untracked 
| 136|0x000000008ac00000, 0x000000008ac00000, 0x000000008ad00000|  0%| F|  |TAMS 0x000000008ac00000, 0x000000008ac00000| Untracked 
| 137|0x000000008ad00000, 0x000000008ad00000, 0x000000008ae00000|  0%| F|  |TAMS 0x000000008ad00000, 0x000000008ad00000| Untracked 
| 138|0x000000008ae00000, 0x000000008ae00000, 0x000000008af00000|  0%| F|  |TAMS 0x000000008ae00000, 0x000000008ae00000| Untracked 
| 139|0x000000008af00000, 0x000000008af00000, 0x000000008b000000|  0%| F|  |TAMS 0x000000008af00000, 0x000000008af00000| Untracked 
| 140|0x000000008b000000, 0x000000008b000000, 0x000000008b100000|  0%| F|  |TAMS 0x000000008b000000, 0x000000008b000000| Untracked 
| 141|0x000000008b100000, 0x000000008b100000, 0x000000008b200000|  0%| F|  |TAMS 0x000000008b100000, 0x000000008b100000| Untracked 
| 142|0x000000008b200000, 0x000000008b200000, 0x000000008b300000|  0%| F|  |TAMS 0x000000008b200000, 0x000000008b200000| Untracked 
| 143|0x000000008b300000, 0x000000008b300000, 0x000000008b400000|  0%| F|  |TAMS 0x000000008b300000, 0x000000008b300000| Untracked 
| 144|0x000000008b400000, 0x000000008b400000, 0x000000008b500000|  0%| F|  |TAMS 0x000000008b400000, 0x000000008b400000| Untracked 
| 145|0x000000008b500000, 0x000000008b500000, 0x000000008b600000|  0%| F|  |TAMS 0x000000008b500000, 0x000000008b500000| Untracked 
| 146|0x000000008b600000, 0x000000008b600000, 0x000000008b700000|  0%| F|  |TAMS 0x000000008b600000, 0x000000008b600000| Untracked 
| 147|0x000000008b700000, 0x000000008b700000, 0x000000008b800000|  0%| F|  |TAMS 0x000000008b700000, 0x000000008b700000| Untracked 
| 148|0x000000008b800000, 0x000000008b800000, 0x000000008b900000|  0%| F|  |TAMS 0x000000008b800000, 0x000000008b800000| Untracked 
| 149|0x000000008b900000, 0x000000008b900000, 0x000000008ba00000|  0%| F|  |TAMS 0x000000008b900000, 0x000000008b900000| Untracked 
| 150|0x000000008ba00000, 0x000000008ba00000, 0x000000008bb00000|  0%| F|  |TAMS 0x000000008ba00000, 0x000000008ba00000| Untracked 
| 151|0x000000008bb00000, 0x000000008bb00000, 0x000000008bc00000|  0%| F|  |TAMS 0x000000008bb00000, 0x000000008bb00000| Untracked 
| 152|0x000000008bc00000, 0x000000008bc00000, 0x000000008bd00000|  0%| F|  |TAMS 0x000000008bc00000, 0x000000008bc00000| Untracked 
| 153|0x000000008bd00000, 0x000000008bd00000, 0x000000008be00000|  0%| F|  |TAMS 0x000000008bd00000, 0x000000008bd00000| Untracked 
| 154|0x000000008be00000, 0x000000008be00000, 0x000000008bf00000|  0%| F|  |TAMS 0x000000008be00000, 0x000000008be00000| Untracked 
| 155|0x000000008bf00000, 0x000000008bf00000, 0x000000008c000000|  0%| F|  |TAMS 0x000000008bf00000, 0x000000008bf00000| Untracked 
| 156|0x000000008c000000, 0x000000008c000000, 0x000000008c100000|  0%| F|  |TAMS 0x000000008c000000, 0x000000008c000000| Untracked 
| 157|0x000000008c100000, 0x000000008c100000, 0x000000008c200000|  0%| F|  |TAMS 0x000000008c100000, 0x000000008c100000| Untracked 
| 158|0x000000008c200000, 0x000000008c200000, 0x000000008c300000|  0%| F|  |TAMS 0x000000008c200000, 0x000000008c200000| Untracked 
| 159|0x000000008c300000, 0x000000008c300000, 0x000000008c400000|  0%| F|  |TAMS 0x000000008c300000, 0x000000008c300000| Untracked 
| 160|0x000000008c400000, 0x000000008c400000, 0x000000008c500000|  0%| F|  |TAMS 0x000000008c400000, 0x000000008c400000| Untracked 
| 161|0x000000008c500000, 0x000000008c500000, 0x000000008c600000|  0%| F|  |TAMS 0x000000008c500000, 0x000000008c500000| Untracked 
| 162|0x000000008c600000, 0x000000008c600000, 0x000000008c700000|  0%| F|  |TAMS 0x000000008c600000, 0x000000008c600000| Untracked 
| 163|0x000000008c700000, 0x000000008c700000, 0x000000008c800000|  0%| F|  |TAMS 0x000000008c700000, 0x000000008c700000| Untracked 
| 164|0x000000008c800000, 0x000000008c800000, 0x000000008c900000|  0%| F|  |TAMS 0x000000008c800000, 0x000000008c800000| Untracked 
| 165|0x000000008c900000, 0x000000008c900000, 0x000000008ca00000|  0%| F|  |TAMS 0x000000008c900000, 0x000000008c900000| Untracked 
| 166|0x000000008ca00000, 0x000000008ca00000, 0x000000008cb00000|  0%| F|  |TAMS 0x000000008ca00000, 0x000000008ca00000| Untracked 
| 167|0x000000008cb00000, 0x000000008cb00000, 0x000000008cc00000|  0%| F|  |TAMS 0x000000008cb00000, 0x000000008cb00000| Untracked 
| 168|0x000000008cc00000, 0x000000008cc00000, 0x000000008cd00000|  0%| F|  |TAMS 0x000000008cc00000, 0x000000008cc00000| Untracked 
| 169|0x000000008cd00000, 0x000000008cd00000, 0x000000008ce00000|  0%| F|  |TAMS 0x000000008cd00000, 0x000000008cd00000| Untracked 
| 170|0x000000008ce00000, 0x000000008ce00000, 0x000000008cf00000|  0%| F|  |TAMS 0x000000008ce00000, 0x000000008ce00000| Untracked 
| 171|0x000000008cf00000, 0x000000008cf00000, 0x000000008d000000|  0%| F|  |TAMS 0x000000008cf00000, 0x000000008cf00000| Untracked 
| 172|0x000000008d000000, 0x000000008d000000, 0x000000008d100000|  0%| F|  |TAMS 0x000000008d000000, 0x000000008d000000| Untracked 
| 173|0x000000008d100000, 0x000000008d100000, 0x000000008d200000|  0%| F|  |TAMS 0x000000008d100000, 0x000000008d100000| Untracked 
| 174|0x000000008d200000, 0x000000008d200000, 0x000000008d300000|  0%| F|  |TAMS 0x000000008d200000, 0x000000008d200000| Untracked 
| 175|0x000000008d300000, 0x000000008d300000, 0x000000008d400000|  0%| F|  |TAMS 0x000000008d300000, 0x000000008d300000| Untracked 
| 176|0x000000008d400000, 0x000000008d400000, 0x000000008d500000|  0%| F|  |TAMS 0x000000008d400000, 0x000000008d400000| Untracked 
| 177|0x000000008d500000, 0x000000008d500000, 0x000000008d600000|  0%| F|  |TAMS 0x000000008d500000, 0x000000008d500000| Untracked 
| 178|0x000000008d600000, 0x000000008d600000, 0x000000008d700000|  0%| F|  |TAMS 0x000000008d600000, 0x000000008d600000| Untracked 
| 179|0x000000008d700000, 0x000000008d700000, 0x000000008d800000|  0%| F|  |TAMS 0x000000008d700000, 0x000000008d700000| Untracked 
| 180|0x000000008d800000, 0x000000008d800000, 0x000000008d900000|  0%| F|  |TAMS 0x000000008d800000, 0x000000008d800000| Untracked 
| 181|0x000000008d900000, 0x000000008d900000, 0x000000008da00000|  0%| F|  |TAMS 0x000000008d900000, 0x000000008d900000| Untracked 
| 182|0x000000008da00000, 0x000000008da00000, 0x000000008db00000|  0%| F|  |TAMS 0x000000008da00000, 0x000000008da00000| Untracked 
| 183|0x000000008db00000, 0x000000008db00000, 0x000000008dc00000|  0%| F|  |TAMS 0x000000008db00000, 0x000000008db00000| Untracked 
| 184|0x000000008dc00000, 0x000000008dc00000, 0x000000008dd00000|  0%| F|  |TAMS 0x000000008dc00000, 0x000000008dc00000| Untracked 
| 185|0x000000008dd00000, 0x000000008dd00000, 0x000000008de00000|  0%| F|  |TAMS 0x000000008dd00000, 0x000000008dd00000| Untracked 
| 186|0x000000008de00000, 0x000000008de00000, 0x000000008df00000|  0%| F|  |TAMS 0x000000008de00000, 0x000000008de00000| Untracked 
| 187|0x000000008df00000, 0x000000008df00000, 0x000000008e000000|  0%| F|  |TAMS 0x000000008df00000, 0x000000008df00000| Untracked 
| 188|0x000000008e000000, 0x000000008e000000, 0x000000008e100000|  0%| F|  |TAMS 0x000000008e000000, 0x000000008e000000| Untracked 
| 189|0x000000008e100000, 0x000000008e100000, 0x000000008e200000|  0%| F|  |TAMS 0x000000008e100000, 0x000000008e100000| Untracked 
| 190|0x000000008e200000, 0x000000008e200000, 0x000000008e300000|  0%| F|  |TAMS 0x000000008e200000, 0x000000008e200000| Untracked 
| 191|0x000000008e300000, 0x000000008e300000, 0x000000008e400000|  0%| F|  |TAMS 0x000000008e300000, 0x000000008e300000| Untracked 
| 192|0x000000008e400000, 0x000000008e400000, 0x000000008e500000|  0%| F|  |TAMS 0x000000008e400000, 0x000000008e400000| Untracked 
| 193|0x000000008e500000, 0x000000008e500000, 0x000000008e600000|  0%| F|  |TAMS 0x000000008e500000, 0x000000008e500000| Untracked 
| 194|0x000000008e600000, 0x000000008e6f8010, 0x000000008e700000| 96%| S|CS|TAMS 0x000000008e600000, 0x000000008e600000| Complete 
| 195|0x000000008e700000, 0x000000008e700000, 0x000000008e800000|  0%| F|  |TAMS 0x000000008e700000, 0x000000008e700000| Untracked 
| 196|0x000000008e800000, 0x000000008e800000, 0x000000008e900000|  0%| F|  |TAMS 0x000000008e800000, 0x000000008e800000| Untracked 

Card table byte_map: [0x0000024e6f890000,0x0000024e6fc80000] _byte_map_base: 0x0000024e6f47e000

Marking Bits (Prev, Next): (CMBitMap*) 0x0000024e5c78ff80, (CMBitMap*) 0x0000024e5c78ff40
 Prev Bits: [0x0000024e71fe0000, 0x0000024e73f50000)
 Next Bits: [0x0000024e70070000, 0x0000024e71fe0000)

Polling page: 0x0000024e5a730000

Metaspace:

Usage:
  Non-class:      7.16 MB capacity,     7.07 MB ( 99%) used,    80.19 KB (  1%) free+waste,     7.62 KB ( <1%) overhead. 
      Class:    717.00 KB capacity,   673.32 KB ( 94%) used,    40.74 KB (  6%) free+waste,     2.94 KB ( <1%) overhead. 
       Both:      7.86 MB capacity,     7.73 MB ( 98%) used,   120.93 KB (  2%) free+waste,    10.56 KB ( <1%) overhead. 

Virtual space:
  Non-class space:        8.00 MB reserved,       7.25 MB ( 91%) committed 
      Class space:        1.00 GB reserved,     768.00 KB ( <1%) committed 
             Both:        1.01 GB reserved,       8.00 MB ( <1%) committed 

Chunk freelists:
   Non-Class:  32.00 KB
       Class:  19.00 KB
        Both:  51.00 KB

MaxMetaspaceSize: 17179869184.00 GB
CompressedClassSpaceSize: 1.00 GB

CodeHeap 'non-profiled nmethods': size=120000Kb used=167Kb max_used=167Kb free=119832Kb
 bounds [0x0000024e67c40000, 0x0000024e67eb0000, 0x0000024e6f170000]
CodeHeap 'profiled nmethods': size=120000Kb used=549Kb max_used=549Kb free=119450Kb
 bounds [0x0000024e60710000, 0x0000024e60980000, 0x0000024e67c40000]
CodeHeap 'non-nmethods': size=5760Kb used=1131Kb max_used=1149Kb free=4628Kb
 bounds [0x0000024e60170000, 0x0000024e603e0000, 0x0000024e60710000]
 total_blobs=808 nmethods=431 adapters=290
 compilation: enabled
              stopped_count=0, restarted_count=0
 full_count=0

Compilation events (20 events):
Event: 0.490 Thread 0x0000024e7724c3c0 nmethod 422 0x0000024e67c68990 code [0x0000024e67c68b20, 0x0000024e67c68bd8]
Event: 0.490 Thread 0x0000024e7724c3c0  423       1       java.awt.color.ColorSpace::getNumComponents (5 bytes)
Event: 0.490 Thread 0x0000024e7724c3c0 nmethod 423 0x0000024e67c68c90 code [0x0000024e67c68e20, 0x0000024e67c68ed8]
Event: 0.495 Thread 0x0000024e7724c3c0  424       3       java.lang.StringLatin1::inflate (34 bytes)
Event: 0.495 Thread 0x0000024e7724c3c0 nmethod 424 0x0000024e60796090 code [0x0000024e60796240, 0x0000024e60796438]
Event: 0.501 Thread 0x0000024e7724c3c0  426       3       javax.imageio.stream.ImageInputStreamImpl::readFully (73 bytes)
Event: 0.501 Thread 0x0000024e7724c3c0 nmethod 426 0x0000024e60796590 code [0x0000024e60796780, 0x0000024e60796c28]
Event: 0.501 Thread 0x0000024e7724c3c0  425   !   3       javax.imageio.ImageIO$CanDecodeInputFilter::filter (82 bytes)
Event: 0.502 Thread 0x0000024e7724c3c0 nmethod 425 0x0000024e60796e10 code [0x0000024e60797160, 0x0000024e60798b28]
Event: 0.502 Thread 0x0000024e7724c3c0  429       1       java.awt.image.ColorModel::isAlphaPremultiplied (5 bytes)
Event: 0.502 Thread 0x0000024e7724c3c0 nmethod 429 0x0000024e67c68f90 code [0x0000024e67c69120, 0x0000024e67c691d8]
Event: 0.502 Thread 0x0000024e7724c3c0  430       1       java.awt.image.DataBuffer::getNumBanks (5 bytes)
Event: 0.502 Thread 0x0000024e7724c3c0 nmethod 430 0x0000024e67c69290 code [0x0000024e67c69420, 0x0000024e67c694d8]
Event: 0.502 Thread 0x0000024e7724c3c0  427       1       javax.imageio.IIOParam::getSourceXSubsampling (5 bytes)
Event: 0.502 Thread 0x0000024e7724c3c0 nmethod 427 0x0000024e67c69590 code [0x0000024e67c69720, 0x0000024e67c697d8]
Event: 0.502 Thread 0x0000024e7724c3c0  428       1       javax.imageio.IIOParam::getSourceYSubsampling (5 bytes)
Event: 0.502 Thread 0x0000024e7724c3c0 nmethod 428 0x0000024e67c69890 code [0x0000024e67c69a20, 0x0000024e67c69ad8]
Event: 0.506 Thread 0x0000024e772484d0  431       4       java.lang.ref.Reference::reachabilityFence (1 bytes)
Event: 0.506 Thread 0x0000024e772484d0 nmethod 431 0x0000024e67c69b90 code [0x0000024e67c69d00, 0x0000024e67c69d38]
Event: 0.537 Thread 0x0000024e7724c3c0  432       3       java.util.LinkedList::unlinkFirst (64 bytes)

GC Heap History (20 events):
Event: 0.414 GC heap after
{Heap after GC invocations=4 (full 0):
 garbage-first heap   total 129024K, used 60347K [0x0000000082400000, 0x0000000100000000)
  region size 1024K, 1 young (1024K), 1 survivors (1024K)
 Metaspace       used 7913K, capacity 8045K, committed 8192K, reserved 1056768K
  class space    used 673K, capacity 717K, committed 768K, reserved 1048576K
}
Event: 0.420 GC heap before
{Heap before GC invocations=5 (full 0):
 garbage-first heap   total 129024K, used 63419K [0x0000000082400000, 0x0000000100000000)
  region size 1024K, 3 young (3072K), 1 survivors (1024K)
 Metaspace       used 7913K, capacity 8045K, committed 8192K, reserved 1056768K
  class space    used 673K, capacity 717K, committed 768K, reserved 1048576K
}
Event: 0.422 GC heap after
{Heap after GC invocations=6 (full 0):
 garbage-first heap   total 129024K, used 62421K [0x0000000082400000, 0x0000000100000000)
  region size 1024K, 1 young (1024K), 1 survivors (1024K)
 Metaspace       used 7913K, capacity 8045K, committed 8192K, reserved 1056768K
  class space    used 673K, capacity 717K, committed 768K, reserved 1048576K
}
Event: 0.429 GC heap before
{Heap before GC invocations=7 (full 0):
 garbage-first heap   total 129024K, used 65493K [0x0000000082400000, 0x0000000100000000)
  region size 1024K, 3 young (3072K), 1 survivors (1024K)
 Metaspace       used 7913K, capacity 8045K, committed 8192K, reserved 1056768K
  class space    used 673K, capacity 717K, committed 768K, reserved 1048576K
}
Event: 0.431 GC heap after
{Heap after GC invocations=8 (full 0):
 garbage-first heap   total 155648K, used 64439K [0x0000000082400000, 0x0000000100000000)
  region size 1024K, 1 young (1024K), 1 survivors (1024K)
 Metaspace       used 7913K, capacity 8045K, committed 8192K, reserved 1056768K
  class space    used 673K, capacity 717K, committed 768K, reserved 1048576K
}
Event: 0.448 GC heap before
{Heap before GC invocations=9 (full 0):
 garbage-first heap   total 155648K, used 73655K [0x0000000082400000, 0x0000000100000000)
  region size 1024K, 5 young (5120K), 1 survivors (1024K)
 Metaspace       used 7913K, capacity 8045K, committed 8192K, reserved 1056768K
  class space    used 673K, capacity 717K, committed 768K, reserved 1048576K
}
Event: 0.451 GC heap after
{Heap after GC invocations=10 (full 0):
 garbage-first heap   total 155648K, used 70632K [0x0000000082400000, 0x0000000100000000)
  region size 1024K, 1 young (1024K), 1 survivors (1024K)
 Metaspace       used 7913K, capacity 8045K, committed 8192K, reserved 1056768K
  class space    used 673K, capacity 717K, committed 768K, reserved 1048576K
}
Event: 0.456 GC heap before
{Heap before GC invocations=11 (full 0):
 garbage-first heap   total 155648K, used 73704K [0x0000000082400000, 0x0000000100000000)
  region size 1024K, 3 young (3072K), 1 survivors (1024K)
 Metaspace       used 7913K, capacity 8045K, committed 8192K, reserved 1056768K
  class space    used 673K, capacity 717K, committed 768K, reserved 1048576K
}
Event: 0.458 GC heap after
{Heap after GC invocations=12 (full 0):
 garbage-first heap   total 155648K, used 72645K [0x0000000082400000, 0x0000000100000000)
  region size 1024K, 1 young (1024K), 1 survivors (1024K)
 Metaspace       used 7913K, capacity 8045K, committed 8192K, reserved 1056768K
  class space    used 673K, capacity 717K, committed 768K, reserved 1048576K
}
Event: 0.464 GC heap before
{Heap before GC invocations=13 (full 0):
 garbage-first heap   total 155648K, used 75717K [0x0000000082400000, 0x0000000100000000)
  region size 1024K, 3 young (3072K), 1 survivors (1024K)
 Metaspace       used 7913K, capacity 8045K, committed 8192K, reserved 1056768K
  class space    used 673K, capacity 717K, committed 768K, reserved 1048576K
}
Event: 0.466 GC heap after
{Heap after GC invocations=14 (full 0):
 garbage-first heap   total 155648K, used 74751K [0x0000000082400000, 0x0000000100000000)
  region size 1024K, 1 young (1024K), 1 survivors (1024K)
 Metaspace       used 7913K, capacity 8045K, committed 8192K, reserved 1056768K
  class space    used 673K, capacity 717K, committed 768K, reserved 1048576K
}
Event: 0.471 GC heap before
{Heap before GC invocations=15 (full 0):
 garbage-first heap   total 155648K, used 77823K [0x0000000082400000, 0x0000000100000000)
  region size 1024K, 3 young (3072K), 1 survivors (1024K)
 Metaspace       used 7913K, capacity 8045K, committed 8192K, reserved 1056768K
  class space    used 673K, capacity 717K, committed 768K, reserved 1048576K
}
Event: 0.474 GC heap after
{Heap after GC invocations=16 (full 0):
 garbage-first heap   total 201728K, used 76755K [0x0000000082400000, 0x0000000100000000)
  region size 1024K, 1 young (1024K), 1 survivors (1024K)
 Metaspace       used 7913K, capacity 8045K, committed 8192K, reserved 1056768K
  class space    used 673K, capacity 717K, committed 768K, reserved 1048576K
}
Event: 0.512 GC heap before
{Heap before GC invocations=17 (full 0):
 garbage-first heap   total 201728K, used 98259K [0x0000000082400000, 0x0000000100000000)
  region size 1024K, 9 young (9216K), 1 survivors (1024K)
 Metaspace       used 7913K, capacity 8045K, committed 8192K, reserved 1056768K
  class space    used 673K, capacity 717K, committed 768K, reserved 1048576K
}
Event: 0.514 GC heap after
{Heap after GC invocations=18 (full 0):
 garbage-first heap   total 201728K, used 91096K [0x0000000082400000, 0x0000000100000000)
  region size 1024K, 1 young (1024K), 1 survivors (1024K)
 Metaspace       used 7913K, capacity 8045K, committed 8192K, reserved 1056768K
  class space    used 673K, capacity 717K, committed 768K, reserved 1048576K
}
Event: 0.520 GC heap before
{Heap before GC invocations=19 (full 0):
 garbage-first heap   total 201728K, used 94168K [0x0000000082400000, 0x0000000100000000)
  region size 1024K, 3 young (3072K), 1 survivors (1024K)
 Metaspace       used 7913K, capacity 8045K, committed 8192K, reserved 1056768K
  class space    used 673K, capacity 717K, committed 768K, reserved 1048576K
}
Event: 0.522 GC heap after
{Heap after GC invocations=20 (full 0):
 garbage-first heap   total 201728K, used 93161K [0x0000000082400000, 0x0000000100000000)
  region size 1024K, 1 young (1024K), 1 survivors (1024K)
 Metaspace       used 7913K, capacity 8045K, committed 8192K, reserved 1056768K
  class space    used 673K, capacity 717K, committed 768K, reserved 1048576K
}
Event: 0.529 GC heap before
{Heap before GC invocations=21 (full 0):
 garbage-first heap   total 201728K, used 96233K [0x0000000082400000, 0x0000000100000000)
  region size 1024K, 3 young (3072K), 1 survivors (1024K)
 Metaspace       used 7913K, capacity 8045K, committed 8192K, reserved 1056768K
  class space    used 673K, capacity 717K, committed 768K, reserved 1048576K
}
Event: 0.531 GC heap after
{Heap after GC invocations=22 (full 0):
 garbage-first heap   total 201728K, used 95194K [0x0000000082400000, 0x0000000100000000)
  region size 1024K, 1 young (1024K), 1 survivors (1024K)
 Metaspace       used 7913K, capacity 8045K, committed 8192K, reserved 1056768K
  class space    used 673K, capacity 717K, committed 768K, reserved 1048576K
}
Event: 0.537 GC heap before
{Heap before GC invocations=23 (full 0):
 garbage-first heap   total 201728K, used 98266K [0x0000000082400000, 0x0000000100000000)
  region size 1024K, 3 young (3072K), 1 survivors (1024K)
 Metaspace       used 7913K, capacity 8045K, committed 8192K, reserved 1056768K
  class space    used 673K, capacity 717K, committed 768K, reserved 1048576K
}

Deoptimization events (20 events):
Event: 0.255 Thread 0x0000024e5c74f810 DEOPT PACKING pc=0x0000024e6076d4b8 sp=0x000000eedaffec40
Event: 0.255 Thread 0x0000024e5c74f810 DEOPT UNPACKING pc=0x0000024e601be23f sp=0x000000eedaffe118 mode 0
Event: 0.255 Thread 0x0000024e5c74f810 DEOPT PACKING pc=0x0000024e6076d4b8 sp=0x000000eedaffec40
Event: 0.255 Thread 0x0000024e5c74f810 DEOPT UNPACKING pc=0x0000024e601be23f sp=0x000000eedaffe118 mode 0
Event: 0.255 Thread 0x0000024e5c74f810 DEOPT PACKING pc=0x0000024e6076d4b8 sp=0x000000eedaffec40
Event: 0.255 Thread 0x0000024e5c74f810 DEOPT UNPACKING pc=0x0000024e601be23f sp=0x000000eedaffe118 mode 0
Event: 0.256 Thread 0x0000024e5c74f810 DEOPT PACKING pc=0x0000024e6076d4b8 sp=0x000000eedaffec40
Event: 0.256 Thread 0x0000024e5c74f810 DEOPT UNPACKING pc=0x0000024e601be23f sp=0x000000eedaffe118 mode 0
Event: 0.256 Thread 0x0000024e5c74f810 DEOPT PACKING pc=0x0000024e6076d4b8 sp=0x000000eedaffec40
Event: 0.256 Thread 0x0000024e5c74f810 DEOPT UNPACKING pc=0x0000024e601be23f sp=0x000000eedaffe118 mode 0
Event: 0.256 Thread 0x0000024e5c74f810 DEOPT PACKING pc=0x0000024e6076d4b8 sp=0x000000eedaffec40
Event: 0.256 Thread 0x0000024e5c74f810 DEOPT UNPACKING pc=0x0000024e601be23f sp=0x000000eedaffe118 mode 0
Event: 0.256 Thread 0x0000024e5c74f810 DEOPT PACKING pc=0x0000024e6076d4b8 sp=0x000000eedaffec40
Event: 0.256 Thread 0x0000024e5c74f810 DEOPT UNPACKING pc=0x0000024e601be23f sp=0x000000eedaffe118 mode 0
Event: 0.257 Thread 0x0000024e5c74f810 DEOPT PACKING pc=0x0000024e6076d4b8 sp=0x000000eedaffec40
Event: 0.257 Thread 0x0000024e5c74f810 DEOPT UNPACKING pc=0x0000024e601be23f sp=0x000000eedaffe118 mode 0
Event: 0.257 Thread 0x0000024e5c74f810 DEOPT PACKING pc=0x0000024e6076d4b8 sp=0x000000eedaffec40
Event: 0.257 Thread 0x0000024e5c74f810 DEOPT UNPACKING pc=0x0000024e601be23f sp=0x000000eedaffe118 mode 0
Event: 0.257 Thread 0x0000024e5c74f810 DEOPT PACKING pc=0x0000024e6076d4b8 sp=0x000000eedaffec40
Event: 0.257 Thread 0x0000024e5c74f810 DEOPT UNPACKING pc=0x0000024e601be23f sp=0x000000eedaffe118 mode 0

Classes unloaded (0 events):
No events

Classes redefined (0 events):
No events

Internal exceptions (6 events):
Event: 0.114 Thread 0x0000024e5c74f810 Exception <a 'java/lang/NoSuchMethodError'{0x000000008a02d838}: 'void java.lang.invoke.DirectMethodHandle$Holder.invokeSpecial(java.lang.Object, java.lang.Object, java.lang.Object)'> (0x000000008a02d838) 
thrown [./open/src/hotspot/share/interpreter/linkResolver.cpp, line 782]
Event: 0.144 Thread 0x0000024e5c74f810 Exception <a 'java/lang/ClassNotFoundException'{0x000000008a04dc98}: sun/awt/resources/spi/awtProvider> (0x000000008a04dc98) 
thrown [./open/src/hotspot/share/classfile/systemDictionary.cpp, line 295]
Event: 0.177 Thread 0x0000024e5c74f810 Exception <a 'java/io/FileNotFoundException'{0x000000008a0a9ff8}> (0x000000008a0a9ff8) 
thrown [./open/src/hotspot/share/prims/jni.cpp, line 578]
Event: 0.183 Thread 0x0000024e5c74f810 Exception <a 'java/io/FileNotFoundException'{0x000000008a0d88d8}> (0x000000008a0d88d8) 
thrown [./open/src/hotspot/share/prims/jni.cpp, line 578]
Event: 0.184 Thread 0x0000024e5c74f810 Exception <a 'java/lang/NoSuchMethodError'{0x000000008a0d9c10}: 'java.lang.Object java.lang.invoke.DirectMethodHandle$Holder.invokeStatic(java.lang.Object)'> (0x000000008a0d9c10) 
thrown [./open/src/hotspot/share/interpreter/linkResolver.cpp, line 782]
Event: 0.202 Thread 0x0000024e5c74f810 Exception <a 'java/lang/NoSuchMethodError'{0x0000000089f1ed50}: 'java.lang.Object java.lang.invoke.DirectMethodHandle$Holder.invokeStaticInit(java.lang.Object)'> (0x0000000089f1ed50) 
thrown [./open/src/hotspot/share/interpreter/linkResolver.cpp, line 782]

Events (20 events):
Event: 0.476 Executing VM operation: G1Concurrent done
Event: 0.511 Executing VM operation: G1TryInitiateConcMark
Event: 0.514 Executing VM operation: G1TryInitiateConcMark done
Event: 0.516 Executing VM operation: G1Concurrent
Event: 0.517 Executing VM operation: G1Concurrent done
Event: 0.517 Executing VM operation: G1Concurrent
Event: 0.517 Executing VM operation: G1Concurrent done
Event: 0.520 Executing VM operation: G1TryInitiateConcMark
Event: 0.522 Executing VM operation: G1TryInitiateConcMark done
Event: 0.523 Executing VM operation: G1Concurrent
Event: 0.524 Executing VM operation: G1Concurrent done
Event: 0.525 Executing VM operation: G1Concurrent
Event: 0.525 Executing VM operation: G1Concurrent done
Event: 0.529 Executing VM operation: G1TryInitiateConcMark
Event: 0.531 Executing VM operation: G1TryInitiateConcMark done
Event: 0.532 Executing VM operation: G1Concurrent
Event: 0.533 Executing VM operation: G1Concurrent done
Event: 0.533 Executing VM operation: G1Concurrent
Event: 0.534 Executing VM operation: G1Concurrent done
Event: 0.537 Executing VM operation: G1TryInitiateConcMark


Dynamic libraries:
0x00007ff613800000 - 0x00007ff61380d000 	C:\Users\brook\.p2\pool\plugins\org.eclipse.justj.openjdk.hotspot.jre.full.win32.x86_64_15.0.2.v20210201-0955\jre\bin\javaw.exe
0x00007ffc1cb30000 - 0x00007ffc1cd25000 	C:\WINDOWS\SYSTEM32\ntdll.dll
0x00007ffc1c270000 - 0x00007ffc1c32e000 	C:\WINDOWS\System32\KERNEL32.DLL
0x00007ffc1a350000 - 0x00007ffc1a619000 	C:\WINDOWS\System32\KERNELBASE.dll
0x00007ffc1a830000 - 0x00007ffc1a930000 	C:\WINDOWS\System32\ucrtbase.dll
0x00007ffc03190000 - 0x00007ffc031a8000 	C:\Users\brook\.p2\pool\plugins\org.eclipse.justj.openjdk.hotspot.jre.full.win32.x86_64_15.0.2.v20210201-0955\jre\bin\jli.dll
0x00007ffc03170000 - 0x00007ffc03189000 	C:\Users\brook\.p2\pool\plugins\org.eclipse.justj.openjdk.hotspot.jre.full.win32.x86_64_15.0.2.v20210201-0955\jre\bin\VCRUNTIME140.dll
0x00007ffc1af70000 - 0x00007ffc1b111000 	C:\WINDOWS\System32\USER32.dll
0x00007ffc040b0000 - 0x00007ffc0434a000 	C:\WINDOWS\WinSxS\amd64_microsoft.windows.common-controls_6595b64144ccf1df_6.0.19041.1110_none_60b5254171f9507e\COMCTL32.dll
0x00007ffc1a250000 - 0x00007ffc1a272000 	C:\WINDOWS\System32\win32u.dll
0x00007ffc1c1d0000 - 0x00007ffc1c26e000 	C:\WINDOWS\System32\msvcrt.dll
0x00007ffc1c500000 - 0x00007ffc1c52b000 	C:\WINDOWS\System32\GDI32.dll
0x00007ffc1aa70000 - 0x00007ffc1ab7b000 	C:\WINDOWS\System32\gdi32full.dll
0x00007ffc1a2b0000 - 0x00007ffc1a34d000 	C:\WINDOWS\System32\msvcp_win.dll
0x00007ffc1cac0000 - 0x00007ffc1caf0000 	C:\WINDOWS\System32\IMM32.DLL
0x00007ffc0e960000 - 0x00007ffc0e96c000 	C:\Users\brook\.p2\pool\plugins\org.eclipse.justj.openjdk.hotspot.jre.full.win32.x86_64_15.0.2.v20210201-0955\jre\bin\vcruntime140_1.dll
0x00007ffc02320000 - 0x00007ffc023b1000 	C:\Users\brook\.p2\pool\plugins\org.eclipse.justj.openjdk.hotspot.jre.full.win32.x86_64_15.0.2.v20210201-0955\jre\bin\msvcp140.dll
0x00007ffbb1250000 - 0x00007ffbb1dae000 	C:\Users\brook\.p2\pool\plugins\org.eclipse.justj.openjdk.hotspot.jre.full.win32.x86_64_15.0.2.v20210201-0955\jre\bin\server\jvm.dll
0x00007ffc1b1a0000 - 0x00007ffc1b24c000 	C:\WINDOWS\System32\ADVAPI32.dll
0x00007ffc1c330000 - 0x00007ffc1c3cb000 	C:\WINDOWS\System32\sechost.dll
0x00007ffc1c3d0000 - 0x00007ffc1c4fa000 	C:\WINDOWS\System32\RPCRT4.dll
0x00007ffc1b3e0000 - 0x00007ffc1b3e8000 	C:\WINDOWS\System32\PSAPI.DLL
0x00007ffc177b0000 - 0x00007ffc177b9000 	C:\WINDOWS\SYSTEM32\WSOCK32.dll
0x00007ffc14ad0000 - 0x00007ffc14af7000 	C:\WINDOWS\SYSTEM32\WINMM.dll
0x00007ffc12660000 - 0x00007ffc1266a000 	C:\WINDOWS\SYSTEM32\VERSION.dll
0x00007ffc1c0a0000 - 0x00007ffc1c10b000 	C:\WINDOWS\System32\WS2_32.dll
0x00007ffc18b00000 - 0x00007ffc18b12000 	C:\WINDOWS\SYSTEM32\kernel.appcore.dll
0x00007ffc12dc0000 - 0x00007ffc12dca000 	C:\Users\brook\.p2\pool\plugins\org.eclipse.justj.openjdk.hotspot.jre.full.win32.x86_64_15.0.2.v20210201-0955\jre\bin\jimage.dll
0x00007ffc12960000 - 0x00007ffc12b44000 	C:\WINDOWS\SYSTEM32\DBGHELP.DLL
0x00007ffc12610000 - 0x00007ffc1263c000 	C:\WINDOWS\SYSTEM32\dbgcore.DLL
0x00007ffc1a9e0000 - 0x00007ffc1aa63000 	C:\WINDOWS\System32\bcryptPrimitives.dll
0x00007ffc04570000 - 0x00007ffc04595000 	C:\Users\brook\.p2\pool\plugins\org.eclipse.justj.openjdk.hotspot.jre.full.win32.x86_64_15.0.2.v20210201-0955\jre\bin\java.dll
0x00007ffc08240000 - 0x00007ffc08258000 	C:\Users\brook\.p2\pool\plugins\org.eclipse.justj.openjdk.hotspot.jre.full.win32.x86_64_15.0.2.v20210201-0955\jre\bin\zip.dll
0x00007ffc1b960000 - 0x00007ffc1c09f000 	C:\WINDOWS\System32\SHELL32.dll
0x00007ffc18300000 - 0x00007ffc18a90000 	C:\WINDOWS\SYSTEM32\windows.storage.dll
0x00007ffc1c760000 - 0x00007ffc1cab5000 	C:\WINDOWS\System32\combase.dll
0x00007ffc19c30000 - 0x00007ffc19c5c000 	C:\WINDOWS\SYSTEM32\Wldp.dll
0x00007ffc1ad30000 - 0x00007ffc1adde000 	C:\WINDOWS\System32\SHCORE.dll
0x00007ffc1b250000 - 0x00007ffc1b2a5000 	C:\WINDOWS\System32\shlwapi.dll
0x00007ffc1a190000 - 0x00007ffc1a1af000 	C:\WINDOWS\SYSTEM32\profapi.dll
0x00007ffbff0b0000 - 0x00007ffbff22f000 	C:\Users\brook\.p2\pool\plugins\org.eclipse.justj.openjdk.hotspot.jre.full.win32.x86_64_15.0.2.v20210201-0955\jre\bin\awt.dll
0x00007ffc1aea0000 - 0x00007ffc1af6d000 	C:\WINDOWS\System32\OLEAUT32.dll
0x00007ffc179e0000 - 0x00007ffc17a70000 	C:\WINDOWS\SYSTEM32\apphelp.dll

dbghelp: loaded successfully - version: 4.0.5 - missing functions: none
symbol engine: initialized successfully - sym options: 0x614 - pdb path: .;C:\Users\brook\.p2\pool\plugins\org.eclipse.justj.openjdk.hotspot.jre.full.win32.x86_64_15.0.2.v20210201-0955\jre\bin;C:\WINDOWS\SYSTEM32;C:\WINDOWS\WinSxS\amd64_microsoft.windows.common-controls_6595b64144ccf1df_6.0.19041.1110_none_60b5254171f9507e;C:\Users\brook\.p2\pool\plugins\org.eclipse.justj.openjdk.hotspot.jre.full.win32.x86_64_15.0.2.v20210201-0955\jre\bin\server

VM Arguments:
jvm_args: -Dfile.encoding=Cp1252 -XX:+ShowCodeDetailsInExceptionMessages 
java_command: app.Main
java_class_path (initial): C:\Users\brook\eclipse-workspace\groupproject\bin
Launcher Type: SUN_STANDARD

[Global flags]
     intx CICompilerCount                          = 4                                         {product} {ergonomic}
     uint ConcGCThreads                            = 2                                         {product} {ergonomic}
     uint G1ConcRefinementThreads                  = 8                                         {product} {ergonomic}
   size_t G1HeapRegionSize                         = 1048576                                   {product} {ergonomic}
    uintx GCDrainStackTargetSize                   = 64                                        {product} {ergonomic}
   size_t InitialHeapSize                          = 132120576                                 {product} {ergonomic}
   size_t MarkStackSize                            = 4194304                                   {product} {ergonomic}
   size_t MaxHeapSize                              = 2109734912                                {product} {ergonomic}
   size_t MaxNewSize                               = 1265631232                                {product} {ergonomic}
   size_t MinHeapDeltaBytes                        = 1048576                                   {product} {ergonomic}
   size_t MinHeapSize                              = 8388608                                   {product} {ergonomic}
    uintx NonNMethodCodeHeapSize                   = 5839372                                {pd product} {ergonomic}
    uintx NonProfiledCodeHeapSize                  = 122909434                              {pd product} {ergonomic}
    uintx ProfiledCodeHeapSize                     = 122909434                              {pd product} {ergonomic}
    uintx ReservedCodeCacheSize                    = 251658240                              {pd product} {ergonomic}
     bool SegmentedCodeCache                       = true                                      {product} {ergonomic}
     bool ShowCodeDetailsInExceptionMessages       = true                                   {manageable} {command line}
   size_t SoftMaxHeapSize                          = 2109734912                             {manageable} {ergonomic}
     bool UseCompressedClassPointers               = true                                 {lp64_product} {ergonomic}
     bool UseCompressedOops                        = true                                 {lp64_product} {ergonomic}
     bool UseG1GC                                  = true                                      {product} {ergonomic}
     bool UseLargePagesIndividualAllocation        = false                                  {pd product} {ergonomic}

Logging:
Log output configuration:
 #0: stdout all=warning uptime,level,tags
 #1: stderr all=off uptime,level,tags

Environment Variables:
PATH=C:/Users/brook/.p2/pool/plugins/org.eclipse.justj.openjdk.hotspot.jre.full.win32.x86_64_15.0.2.v20210201-0955/jre/bin/server;C:/Users/brook/.p2/pool/plugins/org.eclipse.justj.openjdk.hotspot.jre.full.win32.x86_64_15.0.2.v20210201-0955/jre/bin;C:\Program Files (x86)\Common Files\Oracle\Java\javapath;C:\WINDOWS\system32;C:\WINDOWS;C:\WINDOWS\System32\Wbem;C:\WINDOWS\System32\WindowsPowerShell\v1.0\;C:\WINDOWS\System32\OpenSSH\;C:\Program Files\PuTTY\;C:\Program Files\Git\cmd;C:\Users\brook\AppData\Local\Microsoft\WindowsApps;;C:\Users\brook\OneDrive - Victoria University of Wellington - STUDENT\Desktop;
USERNAME=brook
OS=Windows_NT
PROCESSOR_IDENTIFIER=Intel64 Family 6 Model 142 Stepping 11, GenuineIntel



---------------  S Y S T E M  ---------------

OS:
 Windows 10 , 64 bit Build 19041 (10.0.19041.1202)
OS uptime: 2 days 14:23 hours

CPU: total 8 (initial active 8) (4 cores per cpu, 2 threads per core) family 6 model 142 stepping 11 microcode 0xae, cmov, cx8, fxsr, mmx, sse, sse2, sse3, ssse3, sse4.1, sse4.2, popcnt, vzeroupper, avx, avx2, aes, clmul, erms, 3dnowpref, lzcnt, ht, tsc, tscinvbit, bmi1, bmi2, adx, fma, clflush, clflushopt

Memory: 4k page, system-wide physical 8042M (293M free)
TotalPageFile size 32618M (AvailPageFile size 41M)
current process WorkingSet (physical memory assigned to process): 130M, peak: 130M
current process commit charge ("private bytes"): 282M, peak: 473M

vm_info: OpenJDK 64-Bit Server VM (15.0.2+7-27) for windows-amd64 JRE (15.0.2+7-27), built on Dec  7 2020 20:02:38 by "mach5one" with unknown MS VC++:1925

END.
